[wanxinp2p-discover-server][${env:SERVER_PORT}] 2022-03-16 16:45:42,426 INFO [main][SpringApplication.java:675] - No active profile set, falling back to default profiles: default
[wanxinp2p-discover-server][${env:SERVER_PORT}] 2022-03-16 16:45:42,895 WARN [main][EndpointId.java:135] - Endpoint ID 'service-registry' contains invalid characters, please migrate to a valid format.
[wanxinp2p-discover-server][${env:SERVER_PORT}] 2022-03-16 16:45:43,038 INFO [main][GenericScope.java:294] - BeanFactory id=33c68227-122c-36dd-8028-a36de4f592a4
[wanxinp2p-discover-server][${env:SERVER_PORT}] 2022-03-16 16:45:43,110 INFO [main][PostProcessorRegistrationDelegate.java:330] - Bean 'org.springframework.cloud.autoconfigure.ConfigurationPropertiesRebinderAutoConfiguration' of type [org.springframework.cloud.autoconfigure.ConfigurationPropertiesRebinderAutoConfiguration$$EnhancerBySpringCGLIB$$39f88a49] is not eligible for getting processed by all BeanPostProcessors (for example: not eligible for auto-proxying)
[wanxinp2p-discover-server][${env:SERVER_PORT}] 2022-03-16 16:45:43,369 INFO [main][TomcatWebServer.java:90] - Tomcat initialized with port(s): 53000 (http)
[wanxinp2p-discover-server][${env:SERVER_PORT}] 2022-03-16 16:45:43,389 INFO [main][DirectJDKLog.java:173] - Initializing ProtocolHandler ["http-nio-53000"]
[wanxinp2p-discover-server][${env:SERVER_PORT}] 2022-03-16 16:45:43,399 INFO [main][DirectJDKLog.java:173] - Starting service [Tomcat]
[wanxinp2p-discover-server][${env:SERVER_PORT}] 2022-03-16 16:45:43,400 INFO [main][DirectJDKLog.java:173] - Starting Servlet engine: [Apache Tomcat/9.0.16]
[wanxinp2p-discover-server][${env:SERVER_PORT}] 2022-03-16 16:45:43,406 INFO [main][DirectJDKLog.java:173] - The APR based Apache Tomcat Native library which allows optimal performance in production environments was not found on the java.library.path: [E:\BREW\IT\JDK\bin;C:\Windows\Sun\Java\bin;C:\Windows\system32;C:\Windows;C:\Windows\system32;C:\Windows;C:\Windows\System32\Wbem;C:\Windows\System32\WindowsPowerShell\v1.0\;C:\Windows\System32\OpenSSH\;E:\BREW\IT\TortoiseGit\bin;E:\BREW\IT\TortoiseSVN\bin;E:\BREW\IT\JDK\bin;E:\BREW\IT\MAVEN\apache-maven-3.8.4\bin;E:\BREW\IT\Git\Git\cmd;C:\Users\Administrator\AppData\Local\Microsoft\WindowsApps;;E:\BREW\IT\IDEA\IntelliJ IDEA 2021.3.2\bin;;.]
[wanxinp2p-discover-server][${env:SERVER_PORT}] 2022-03-16 16:45:43,632 INFO [main][DirectJDKLog.java:173] - Initializing Spring embedded WebApplicationContext
[wanxinp2p-discover-server][${env:SERVER_PORT}] 2022-03-16 16:45:43,632 INFO [main][ServletWebServerApplicationContext.java:296] - Root WebApplicationContext: initialization completed in 1196 ms
[wanxinp2p-discover-server][${env:SERVER_PORT}] 2022-03-16 16:45:43,745 WARN [main][URLConfigurationSource.java:121] - No URLs will be polled as dynamic configuration sources.
[wanxinp2p-discover-server][${env:SERVER_PORT}] 2022-03-16 16:45:43,745 INFO [main][URLConfigurationSource.java:122] - To enable URLs as dynamic configuration sources, define System property archaius.configurationSource.additionalUrls or make config.properties available on classpath.
[wanxinp2p-discover-server][${env:SERVER_PORT}] 2022-03-16 16:45:43,761 INFO [main][DynamicPropertyFactory.java:281] - DynamicPropertyFactory is initialized with configuration sources: com.netflix.config.ConcurrentCompositeConfiguration@6b6b3572
[wanxinp2p-discover-server][${env:SERVER_PORT}] 2022-03-16 16:45:45,116 INFO [main][WebApplicationImpl.java:815] - Initiating Jersey application, version 'Jersey: 1.19.1 03/11/2016 02:08 PM'
[wanxinp2p-discover-server][${env:SERVER_PORT}] 2022-03-16 16:45:45,182 INFO [main][DiscoveryJerseyProvider.java:70] - Using JSON encoding codec LegacyJacksonJson
[wanxinp2p-discover-server][${env:SERVER_PORT}] 2022-03-16 16:45:45,183 INFO [main][DiscoveryJerseyProvider.java:71] - Using JSON decoding codec LegacyJacksonJson
[wanxinp2p-discover-server][${env:SERVER_PORT}] 2022-03-16 16:45:45,260 INFO [main][DiscoveryJerseyProvider.java:80] - Using XML encoding codec XStreamXml
[wanxinp2p-discover-server][${env:SERVER_PORT}] 2022-03-16 16:45:45,260 INFO [main][DiscoveryJerseyProvider.java:81] - Using XML decoding codec XStreamXml
[wanxinp2p-discover-server][${env:SERVER_PORT}] 2022-03-16 16:45:45,471 WARN [main][URLConfigurationSource.java:121] - No URLs will be polled as dynamic configuration sources.
[wanxinp2p-discover-server][${env:SERVER_PORT}] 2022-03-16 16:45:45,472 INFO [main][URLConfigurationSource.java:122] - To enable URLs as dynamic configuration sources, define System property archaius.configurationSource.additionalUrls or make config.properties available on classpath.
[wanxinp2p-discover-server][${env:SERVER_PORT}] 2022-03-16 16:45:45,607 INFO [main][ExecutorConfigurationSupport.java:171] - Initializing ExecutorService 'applicationTaskExecutor'
[wanxinp2p-discover-server][${env:SERVER_PORT}] 2022-03-16 16:45:46,613 INFO [main][InstanceInfoFactory.java:71] - Setting initial instance status as: STARTING
[wanxinp2p-discover-server][${env:SERVER_PORT}] 2022-03-16 16:45:46,633 INFO [main][DiscoveryClient.java:349] - Initializing Eureka in region us-east-1
[wanxinp2p-discover-server][${env:SERVER_PORT}] 2022-03-16 16:45:46,633 INFO [main][DiscoveryClient.java:352] - Client configured to neither register nor query for data.
[wanxinp2p-discover-server][${env:SERVER_PORT}] 2022-03-16 16:45:46,637 INFO [main][DiscoveryClient.java:365] - Discovery Client initialized at timestamp 1647420346637 with initial instances count: 0
[wanxinp2p-discover-server][${env:SERVER_PORT}] 2022-03-16 16:45:46,664 INFO [main][DefaultEurekaServerContext.java:63] - Initializing ...
[wanxinp2p-discover-server][${env:SERVER_PORT}] 2022-03-16 16:45:46,666 INFO [main][PeerEurekaNodes.java:188] - Adding new peer nodes [http://localhost:53000/eureka/]
[wanxinp2p-discover-server][${env:SERVER_PORT}] 2022-03-16 16:45:47,157 INFO [main][DiscoveryJerseyProvider.java:70] - Using JSON encoding codec LegacyJacksonJson
[wanxinp2p-discover-server][${env:SERVER_PORT}] 2022-03-16 16:45:47,157 INFO [main][DiscoveryJerseyProvider.java:71] - Using JSON decoding codec LegacyJacksonJson
[wanxinp2p-discover-server][${env:SERVER_PORT}] 2022-03-16 16:45:47,157 INFO [main][DiscoveryJerseyProvider.java:80] - Using XML encoding codec XStreamXml
[wanxinp2p-discover-server][${env:SERVER_PORT}] 2022-03-16 16:45:47,158 INFO [main][DiscoveryJerseyProvider.java:81] - Using XML decoding codec XStreamXml
[wanxinp2p-discover-server][${env:SERVER_PORT}] 2022-03-16 16:45:47,233 INFO [main][PeerEurekaNodes.java:110] - Replica node URL:  http://localhost:53000/eureka/
[wanxinp2p-discover-server][${env:SERVER_PORT}] 2022-03-16 16:45:47,240 INFO [main][AbstractInstanceRegistry.java:151] - Finished initializing remote region registries. All known remote regions: []
[wanxinp2p-discover-server][${env:SERVER_PORT}] 2022-03-16 16:45:47,240 INFO [main][DefaultEurekaServerContext.java:70] - Initialized
[wanxinp2p-discover-server][${env:SERVER_PORT}] 2022-03-16 16:45:47,248 INFO [main][EndpointLinksResolver.java:59] - Exposing 2 endpoint(s) beneath base path '/actuator'
[wanxinp2p-discover-server][${env:SERVER_PORT}] 2022-03-16 16:45:47,308 INFO [main][EurekaServiceRegistry.java:42] - Registering application HNRADIO-DISCOVERY with eureka with status UP
[wanxinp2p-discover-server][${env:SERVER_PORT}] 2022-03-16 16:45:47,310 INFO [Thread-25][EurekaServerBootstrap.java:109] - Setting the eureka configuration..
[wanxinp2p-discover-server][${env:SERVER_PORT}] 2022-03-16 16:45:47,311 INFO [Thread-25][EurekaServerBootstrap.java:114] - Eureka data center value eureka.datacenter is not set, defaulting to default
[wanxinp2p-discover-server][${env:SERVER_PORT}] 2022-03-16 16:45:47,311 INFO [Thread-25][EurekaServerBootstrap.java:128] - Eureka environment value eureka.environment is not set, defaulting to test
[wanxinp2p-discover-server][${env:SERVER_PORT}] 2022-03-16 16:45:47,324 INFO [main][DirectJDKLog.java:173] - Starting ProtocolHandler ["http-nio-53000"]
[wanxinp2p-discover-server][${env:SERVER_PORT}] 2022-03-16 16:45:47,325 INFO [Thread-25][EurekaServerBootstrap.java:184] - isAws returned false
[wanxinp2p-discover-server][${env:SERVER_PORT}] 2022-03-16 16:45:47,326 INFO [Thread-25][EurekaServerBootstrap.java:152] - Initialized server context
[wanxinp2p-discover-server][${env:SERVER_PORT}] 2022-03-16 16:45:47,326 INFO [Thread-25][PeerAwareInstanceRegistryImpl.java:241] - Got 1 instances from neighboring DS node
[wanxinp2p-discover-server][${env:SERVER_PORT}] 2022-03-16 16:45:47,326 INFO [Thread-25][PeerAwareInstanceRegistryImpl.java:242] - Renew threshold is: 1
[wanxinp2p-discover-server][${env:SERVER_PORT}] 2022-03-16 16:45:47,326 INFO [Thread-25][PeerAwareInstanceRegistryImpl.java:253] - Changing status to UP
[wanxinp2p-discover-server][${env:SERVER_PORT}] 2022-03-16 16:45:47,332 INFO [Thread-25][EurekaServerInitializerConfiguration.java:72] - Started Eureka Server
[wanxinp2p-discover-server][${env:SERVER_PORT}] 2022-03-16 16:45:47,345 INFO [main][TomcatWebServer.java:204] - Tomcat started on port(s): 53000 (http) with context path ''
[wanxinp2p-discover-server][${env:SERVER_PORT}] 2022-03-16 16:45:47,346 INFO [main][EurekaAutoServiceRegistration.java:141] - Updating port to 53000
[wanxinp2p-discover-server][${env:SERVER_PORT}] 2022-03-16 16:45:47,348 INFO [main][StartupInfoLogger.java:59] - Started DiscoveryServer in 6.958 seconds (JVM running for 8.584)
[wanxinp2p-discover-server][${env:SERVER_PORT}] 2022-03-16 16:45:47,837 INFO [RMI TCP Connection(4)-172.35.0.168][DirectJDKLog.java:173] - Initializing Spring DispatcherServlet 'dispatcherServlet'
[wanxinp2p-discover-server][${env:SERVER_PORT}] 2022-03-16 16:45:47,837 INFO [RMI TCP Connection(4)-172.35.0.168][FrameworkServlet.java:524] - Initializing Servlet 'dispatcherServlet'
[wanxinp2p-discover-server][${env:SERVER_PORT}] 2022-03-16 16:45:47,843 INFO [RMI TCP Connection(4)-172.35.0.168][FrameworkServlet.java:546] - Completed initialization in 6 ms
[wanxinp2p-discover-server][${env:SERVER_PORT}] 2022-03-16 16:45:57,340 INFO [Eureka-EvictionTimer][AbstractInstanceRegistry.java:1250] - Running the evict task with compensationTime 0ms
[wanxinp2p-discover-server][${env:SERVER_PORT}] 2022-03-16 16:46:07,353 INFO [Eureka-EvictionTimer][AbstractInstanceRegistry.java:1250] - Running the evict task with compensationTime 13ms
[wanxinp2p-discover-server][${env:SERVER_PORT}] 2022-03-16 16:46:17,361 INFO [Eureka-EvictionTimer][AbstractInstanceRegistry.java:1250] - Running the evict task with compensationTime 8ms
[wanxinp2p-discover-server][${env:SERVER_PORT}] 2022-03-16 16:46:27,366 INFO [Eureka-EvictionTimer][AbstractInstanceRegistry.java:1250] - Running the evict task with compensationTime 4ms
[wanxinp2p-discover-server][${env:SERVER_PORT}] 2022-03-16 16:46:37,375 INFO [Eureka-EvictionTimer][AbstractInstanceRegistry.java:1250] - Running the evict task with compensationTime 10ms
[wanxinp2p-discover-server][${env:SERVER_PORT}] 2022-03-16 16:46:47,390 INFO [Eureka-EvictionTimer][AbstractInstanceRegistry.java:1250] - Running the evict task with compensationTime 13ms
[wanxinp2p-discover-server][${env:SERVER_PORT}] 2022-03-16 16:46:57,392 INFO [Eureka-EvictionTimer][AbstractInstanceRegistry.java:1250] - Running the evict task with compensationTime 2ms
[wanxinp2p-discover-server][${env:SERVER_PORT}] 2022-03-16 16:47:07,394 INFO [Eureka-EvictionTimer][AbstractInstanceRegistry.java:1250] - Running the evict task with compensationTime 1ms
[wanxinp2p-discover-server][${env:SERVER_PORT}] 2022-03-16 16:47:17,397 INFO [Eureka-EvictionTimer][AbstractInstanceRegistry.java:1250] - Running the evict task with compensationTime 3ms
[wanxinp2p-discover-server][${env:SERVER_PORT}] 2022-03-16 16:47:27,410 INFO [Eureka-EvictionTimer][AbstractInstanceRegistry.java:1250] - Running the evict task with compensationTime 13ms
[wanxinp2p-discover-server][${env:SERVER_PORT}] 2022-03-16 16:47:37,414 INFO [Eureka-EvictionTimer][AbstractInstanceRegistry.java:1250] - Running the evict task with compensationTime 3ms
[wanxinp2p-discover-server][${env:SERVER_PORT}] 2022-03-16 16:47:47,416 INFO [Eureka-EvictionTimer][AbstractInstanceRegistry.java:1250] - Running the evict task with compensationTime 1ms
[wanxinp2p-discover-server][${env:SERVER_PORT}] 2022-03-16 16:47:57,420 INFO [Eureka-EvictionTimer][AbstractInstanceRegistry.java:1250] - Running the evict task with compensationTime 4ms
[wanxinp2p-discover-server][${env:SERVER_PORT}] 2022-03-16 16:48:07,425 INFO [Eureka-EvictionTimer][AbstractInstanceRegistry.java:1250] - Running the evict task with compensationTime 5ms
[wanxinp2p-discover-server][${env:SERVER_PORT}] 2022-03-16 16:48:17,437 INFO [Eureka-EvictionTimer][AbstractInstanceRegistry.java:1250] - Running the evict task with compensationTime 11ms
[wanxinp2p-discover-server][${env:SERVER_PORT}] 2022-03-16 16:48:27,445 INFO [Eureka-EvictionTimer][AbstractInstanceRegistry.java:1250] - Running the evict task with compensationTime 8ms
[wanxinp2p-discover-server][${env:SERVER_PORT}] 2022-03-16 16:48:37,457 INFO [Eureka-EvictionTimer][AbstractInstanceRegistry.java:1250] - Running the evict task with compensationTime 11ms
[wanxinp2p-discover-server][${env:SERVER_PORT}] 2022-03-16 16:48:47,462 INFO [Eureka-EvictionTimer][AbstractInstanceRegistry.java:1250] - Running the evict task with compensationTime 5ms
[wanxinp2p-discover-server][${env:SERVER_PORT}] 2022-03-16 16:48:57,473 INFO [Eureka-EvictionTimer][AbstractInstanceRegistry.java:1250] - Running the evict task with compensationTime 11ms
[wanxinp2p-discover-server][${env:SERVER_PORT}] 2022-03-16 16:49:07,485 INFO [Eureka-EvictionTimer][AbstractInstanceRegistry.java:1250] - Running the evict task with compensationTime 12ms
[wanxinp2p-discover-server][${env:SERVER_PORT}] 2022-03-16 16:49:17,491 INFO [Eureka-EvictionTimer][AbstractInstanceRegistry.java:1250] - Running the evict task with compensationTime 5ms
[wanxinp2p-discover-server][${env:SERVER_PORT}] 2022-03-16 16:49:27,500 INFO [Eureka-EvictionTimer][AbstractInstanceRegistry.java:1250] - Running the evict task with compensationTime 8ms
[wanxinp2p-discover-server][${env:SERVER_PORT}] 2022-03-16 16:49:37,503 INFO [Eureka-EvictionTimer][AbstractInstanceRegistry.java:1250] - Running the evict task with compensationTime 3ms
[wanxinp2p-discover-server][${env:SERVER_PORT}] 2022-03-16 16:49:47,513 INFO [Eureka-EvictionTimer][AbstractInstanceRegistry.java:1250] - Running the evict task with compensationTime 10ms
[wanxinp2p-discover-server][${env:SERVER_PORT}] 2022-03-16 16:49:57,517 INFO [Eureka-EvictionTimer][AbstractInstanceRegistry.java:1250] - Running the evict task with compensationTime 3ms
[wanxinp2p-discover-server][${env:SERVER_PORT}] 2022-03-16 16:50:07,524 INFO [Eureka-EvictionTimer][AbstractInstanceRegistry.java:1250] - Running the evict task with compensationTime 7ms
[wanxinp2p-discover-server][${env:SERVER_PORT}] 2022-03-16 16:50:17,536 INFO [Eureka-EvictionTimer][AbstractInstanceRegistry.java:1250] - Running the evict task with compensationTime 12ms
[wanxinp2p-discover-server][${env:SERVER_PORT}] 2022-03-16 16:50:27,537 INFO [Eureka-EvictionTimer][AbstractInstanceRegistry.java:1250] - Running the evict task with compensationTime 0ms
[wanxinp2p-discover-server][${env:SERVER_PORT}] 2022-03-16 16:50:37,549 INFO [Eureka-EvictionTimer][AbstractInstanceRegistry.java:1250] - Running the evict task with compensationTime 12ms
[wanxinp2p-discover-server][${env:SERVER_PORT}] 2022-03-16 16:50:47,553 INFO [Eureka-EvictionTimer][AbstractInstanceRegistry.java:1250] - Running the evict task with compensationTime 4ms
[wanxinp2p-discover-server][${env:SERVER_PORT}] 2022-03-16 16:50:57,560 INFO [Eureka-EvictionTimer][AbstractInstanceRegistry.java:1250] - Running the evict task with compensationTime 5ms
[wanxinp2p-discover-server][${env:SERVER_PORT}] 2022-03-16 16:51:07,571 INFO [Eureka-EvictionTimer][AbstractInstanceRegistry.java:1250] - Running the evict task with compensationTime 10ms
[wanxinp2p-discover-server][${env:SERVER_PORT}] 2022-03-16 16:51:17,571 INFO [Eureka-EvictionTimer][AbstractInstanceRegistry.java:1250] - Running the evict task with compensationTime 0ms
[wanxinp2p-discover-server][${env:SERVER_PORT}] 2022-03-16 16:51:27,585 INFO [Eureka-EvictionTimer][AbstractInstanceRegistry.java:1250] - Running the evict task with compensationTime 13ms
[wanxinp2p-discover-server][${env:SERVER_PORT}] 2022-03-16 16:51:37,588 INFO [Eureka-EvictionTimer][AbstractInstanceRegistry.java:1250] - Running the evict task with compensationTime 4ms
[wanxinp2p-discover-server][${env:SERVER_PORT}] 2022-03-16 16:51:47,589 INFO [Eureka-EvictionTimer][AbstractInstanceRegistry.java:1250] - Running the evict task with compensationTime 0ms
[wanxinp2p-discover-server][${env:SERVER_PORT}] 2022-03-16 16:51:57,599 INFO [Eureka-EvictionTimer][AbstractInstanceRegistry.java:1250] - Running the evict task with compensationTime 10ms
[wanxinp2p-discover-server][${env:SERVER_PORT}] 2022-03-16 16:52:07,604 INFO [Eureka-EvictionTimer][AbstractInstanceRegistry.java:1250] - Running the evict task with compensationTime 4ms
[wanxinp2p-discover-server][${env:SERVER_PORT}] 2022-03-16 16:52:17,619 INFO [Eureka-EvictionTimer][AbstractInstanceRegistry.java:1250] - Running the evict task with compensationTime 14ms
[wanxinp2p-discover-server][${env:SERVER_PORT}] 2022-03-16 16:52:27,634 INFO [Eureka-EvictionTimer][AbstractInstanceRegistry.java:1250] - Running the evict task with compensationTime 15ms
[wanxinp2p-discover-server][${env:SERVER_PORT}] 2022-03-16 16:52:37,644 INFO [Eureka-EvictionTimer][AbstractInstanceRegistry.java:1250] - Running the evict task with compensationTime 9ms
[wanxinp2p-discover-server][${env:SERVER_PORT}] 2022-03-16 16:52:47,655 INFO [Eureka-EvictionTimer][AbstractInstanceRegistry.java:1250] - Running the evict task with compensationTime 10ms
[wanxinp2p-discover-server][${env:SERVER_PORT}] 2022-03-16 16:52:57,666 INFO [Eureka-EvictionTimer][AbstractInstanceRegistry.java:1250] - Running the evict task with compensationTime 11ms
[wanxinp2p-discover-server][${env:SERVER_PORT}] 2022-03-16 16:53:07,677 INFO [Eureka-EvictionTimer][AbstractInstanceRegistry.java:1250] - Running the evict task with compensationTime 10ms
[wanxinp2p-discover-server][${env:SERVER_PORT}] 2022-03-16 16:53:17,690 INFO [Eureka-EvictionTimer][AbstractInstanceRegistry.java:1250] - Running the evict task with compensationTime 13ms
[wanxinp2p-discover-server][${env:SERVER_PORT}] 2022-03-16 16:53:27,700 INFO [Eureka-EvictionTimer][AbstractInstanceRegistry.java:1250] - Running the evict task with compensationTime 10ms
[wanxinp2p-discover-server][${env:SERVER_PORT}] 2022-03-16 16:53:37,713 INFO [Eureka-EvictionTimer][AbstractInstanceRegistry.java:1250] - Running the evict task with compensationTime 12ms
[wanxinp2p-discover-server][${env:SERVER_PORT}] 2022-03-16 16:53:47,726 INFO [Eureka-EvictionTimer][AbstractInstanceRegistry.java:1250] - Running the evict task with compensationTime 12ms
[wanxinp2p-discover-server][${env:SERVER_PORT}] 2022-03-16 16:53:57,733 INFO [Eureka-EvictionTimer][AbstractInstanceRegistry.java:1250] - Running the evict task with compensationTime 7ms
[wanxinp2p-discover-server][${env:SERVER_PORT}] 2022-03-16 16:54:07,733 INFO [Eureka-EvictionTimer][AbstractInstanceRegistry.java:1250] - Running the evict task with compensationTime 0ms
[wanxinp2p-discover-server][${env:SERVER_PORT}] 2022-03-16 16:54:17,737 INFO [Eureka-EvictionTimer][AbstractInstanceRegistry.java:1250] - Running the evict task with compensationTime 3ms
[wanxinp2p-discover-server][${env:SERVER_PORT}] 2022-03-16 16:54:27,742 INFO [Eureka-EvictionTimer][AbstractInstanceRegistry.java:1250] - Running the evict task with compensationTime 5ms
[wanxinp2p-discover-server][${env:SERVER_PORT}] 2022-03-16 16:54:37,757 INFO [Eureka-EvictionTimer][AbstractInstanceRegistry.java:1250] - Running the evict task with compensationTime 14ms
[wanxinp2p-discover-server][${env:SERVER_PORT}] 2022-03-16 16:54:47,772 INFO [Eureka-EvictionTimer][AbstractInstanceRegistry.java:1250] - Running the evict task with compensationTime 14ms
[wanxinp2p-discover-server][${env:SERVER_PORT}] 2022-03-16 16:54:57,783 INFO [Eureka-EvictionTimer][AbstractInstanceRegistry.java:1250] - Running the evict task with compensationTime 11ms
[wanxinp2p-discover-server][${env:SERVER_PORT}] 2022-03-16 16:55:07,787 INFO [Eureka-EvictionTimer][AbstractInstanceRegistry.java:1250] - Running the evict task with compensationTime 4ms
[wanxinp2p-discover-server][${env:SERVER_PORT}] 2022-03-16 16:55:17,790 INFO [Eureka-EvictionTimer][AbstractInstanceRegistry.java:1250] - Running the evict task with compensationTime 2ms
[wanxinp2p-discover-server][${env:SERVER_PORT}] 2022-03-16 16:55:27,805 INFO [Eureka-EvictionTimer][AbstractInstanceRegistry.java:1250] - Running the evict task with compensationTime 15ms
[wanxinp2p-discover-server][${env:SERVER_PORT}] 2022-03-16 16:55:37,817 INFO [Eureka-EvictionTimer][AbstractInstanceRegistry.java:1250] - Running the evict task with compensationTime 11ms
[wanxinp2p-discover-server][${env:SERVER_PORT}] 2022-03-16 16:55:47,825 INFO [Eureka-EvictionTimer][AbstractInstanceRegistry.java:1250] - Running the evict task with compensationTime 8ms
[wanxinp2p-discover-server][${env:SERVER_PORT}] 2022-03-16 16:55:57,829 INFO [Eureka-EvictionTimer][AbstractInstanceRegistry.java:1250] - Running the evict task with compensationTime 3ms
[wanxinp2p-discover-server][${env:SERVER_PORT}] 2022-03-16 16:56:07,839 INFO [Eureka-EvictionTimer][AbstractInstanceRegistry.java:1250] - Running the evict task with compensationTime 10ms
[wanxinp2p-discover-server][${env:SERVER_PORT}] 2022-03-16 16:56:17,847 INFO [Eureka-EvictionTimer][AbstractInstanceRegistry.java:1250] - Running the evict task with compensationTime 7ms
[wanxinp2p-discover-server][${env:SERVER_PORT}] 2022-03-16 16:56:27,854 INFO [Eureka-EvictionTimer][AbstractInstanceRegistry.java:1250] - Running the evict task with compensationTime 7ms
[wanxinp2p-discover-server][${env:SERVER_PORT}] 2022-03-16 16:56:37,858 INFO [Eureka-EvictionTimer][AbstractInstanceRegistry.java:1250] - Running the evict task with compensationTime 3ms
[wanxinp2p-discover-server][${env:SERVER_PORT}] 2022-03-16 16:56:47,863 INFO [Eureka-EvictionTimer][AbstractInstanceRegistry.java:1250] - Running the evict task with compensationTime 5ms
[wanxinp2p-discover-server][${env:SERVER_PORT}] 2022-03-16 16:56:57,871 INFO [Eureka-EvictionTimer][AbstractInstanceRegistry.java:1250] - Running the evict task with compensationTime 7ms
[wanxinp2p-discover-server][${env:SERVER_PORT}] 2022-03-16 16:57:07,881 INFO [Eureka-EvictionTimer][AbstractInstanceRegistry.java:1250] - Running the evict task with compensationTime 9ms
[wanxinp2p-discover-server][${env:SERVER_PORT}] 2022-03-16 16:57:17,888 INFO [Eureka-EvictionTimer][AbstractInstanceRegistry.java:1250] - Running the evict task with compensationTime 7ms
[wanxinp2p-discover-server][${env:SERVER_PORT}] 2022-03-16 16:57:27,899 INFO [Eureka-EvictionTimer][AbstractInstanceRegistry.java:1250] - Running the evict task with compensationTime 11ms
[wanxinp2p-discover-server][${env:SERVER_PORT}] 2022-03-16 16:57:37,905 INFO [Eureka-EvictionTimer][AbstractInstanceRegistry.java:1250] - Running the evict task with compensationTime 5ms
[wanxinp2p-discover-server][${env:SERVER_PORT}] 2022-03-16 16:57:47,918 INFO [Eureka-EvictionTimer][AbstractInstanceRegistry.java:1250] - Running the evict task with compensationTime 13ms
[wanxinp2p-discover-server][${env:SERVER_PORT}] 2022-03-16 16:57:57,926 INFO [Eureka-EvictionTimer][AbstractInstanceRegistry.java:1250] - Running the evict task with compensationTime 7ms
[wanxinp2p-discover-server][${env:SERVER_PORT}] 2022-03-16 16:58:07,928 INFO [Eureka-EvictionTimer][AbstractInstanceRegistry.java:1250] - Running the evict task with compensationTime 2ms
[wanxinp2p-discover-server][${env:SERVER_PORT}] 2022-03-16 16:58:17,938 INFO [Eureka-EvictionTimer][AbstractInstanceRegistry.java:1250] - Running the evict task with compensationTime 9ms
[wanxinp2p-discover-server][${env:SERVER_PORT}] 2022-03-16 16:58:27,949 INFO [Eureka-EvictionTimer][AbstractInstanceRegistry.java:1250] - Running the evict task with compensationTime 11ms
[wanxinp2p-discover-server][${env:SERVER_PORT}] 2022-03-16 16:58:37,955 INFO [Eureka-EvictionTimer][AbstractInstanceRegistry.java:1250] - Running the evict task with compensationTime 5ms
[wanxinp2p-discover-server][${env:SERVER_PORT}] 2022-03-16 16:58:47,969 INFO [Eureka-EvictionTimer][AbstractInstanceRegistry.java:1250] - Running the evict task with compensationTime 14ms
[wanxinp2p-discover-server][${env:SERVER_PORT}] 2022-03-16 16:58:57,980 INFO [Eureka-EvictionTimer][AbstractInstanceRegistry.java:1250] - Running the evict task with compensationTime 10ms
[wanxinp2p-discover-server][${env:SERVER_PORT}] 2022-03-16 16:59:07,994 INFO [Eureka-EvictionTimer][AbstractInstanceRegistry.java:1250] - Running the evict task with compensationTime 14ms
[wanxinp2p-discover-server][${env:SERVER_PORT}] 2022-03-16 16:59:17,998 INFO [Eureka-EvictionTimer][AbstractInstanceRegistry.java:1250] - Running the evict task with compensationTime 3ms
[wanxinp2p-discover-server][${env:SERVER_PORT}] 2022-03-16 16:59:28,010 INFO [Eureka-EvictionTimer][AbstractInstanceRegistry.java:1250] - Running the evict task with compensationTime 12ms
[wanxinp2p-discover-server][${env:SERVER_PORT}] 2022-03-16 16:59:38,025 INFO [Eureka-EvictionTimer][AbstractInstanceRegistry.java:1250] - Running the evict task with compensationTime 14ms
[wanxinp2p-discover-server][${env:SERVER_PORT}] 2022-03-16 16:59:48,026 INFO [Eureka-EvictionTimer][AbstractInstanceRegistry.java:1250] - Running the evict task with compensationTime 1ms
[wanxinp2p-discover-server][${env:SERVER_PORT}] 2022-03-16 16:59:58,034 INFO [Eureka-EvictionTimer][AbstractInstanceRegistry.java:1250] - Running the evict task with compensationTime 8ms
