[wanxinp2p-discover-server][${env:SERVER_PORT}] 2022-03-21 12:00:02,420 INFO [ReplicaAwareInstanceRegistry - RenewalThresholdUpdater][PeerAwareInstanceRegistryImpl.java:539] - Current renewal threshold is : 0
[wanxinp2p-discover-server][${env:SERVER_PORT}] 2022-03-21 12:00:09,011 INFO [Eureka-EvictionTimer][AbstractInstanceRegistry.java:1250] - Running the evict task with compensationTime 12ms
[wanxinp2p-discover-server][${env:SERVER_PORT}] 2022-03-21 12:00:19,024 INFO [Eureka-EvictionTimer][AbstractInstanceRegistry.java:1250] - Running the evict task with compensationTime 13ms
[wanxinp2p-discover-server][${env:SERVER_PORT}] 2022-03-21 12:00:29,027 INFO [Eureka-EvictionTimer][AbstractInstanceRegistry.java:1250] - Running the evict task with compensationTime 3ms
[wanxinp2p-discover-server][${env:SERVER_PORT}] 2022-03-21 12:00:39,028 INFO [Eureka-EvictionTimer][AbstractInstanceRegistry.java:1250] - Running the evict task with compensationTime 1ms
[wanxinp2p-discover-server][${env:SERVER_PORT}] 2022-03-21 12:00:49,030 INFO [Eureka-EvictionTimer][AbstractInstanceRegistry.java:1250] - Running the evict task with compensationTime 1ms
[wanxinp2p-discover-server][${env:SERVER_PORT}] 2022-03-21 12:00:59,043 INFO [Eureka-EvictionTimer][AbstractInstanceRegistry.java:1250] - Running the evict task with compensationTime 13ms
[wanxinp2p-discover-server][${env:SERVER_PORT}] 2022-03-21 12:01:09,047 INFO [Eureka-EvictionTimer][AbstractInstanceRegistry.java:1250] - Running the evict task with compensationTime 3ms
[wanxinp2p-discover-server][${env:SERVER_PORT}] 2022-03-21 12:01:19,052 INFO [Eureka-EvictionTimer][AbstractInstanceRegistry.java:1250] - Running the evict task with compensationTime 4ms
[wanxinp2p-discover-server][${env:SERVER_PORT}] 2022-03-21 12:01:29,052 INFO [Eureka-EvictionTimer][AbstractInstanceRegistry.java:1250] - Running the evict task with compensationTime 0ms
[wanxinp2p-discover-server][${env:SERVER_PORT}] 2022-03-21 12:01:39,063 INFO [Eureka-EvictionTimer][AbstractInstanceRegistry.java:1250] - Running the evict task with compensationTime 11ms
[wanxinp2p-discover-server][${env:SERVER_PORT}] 2022-03-21 12:01:49,079 INFO [Eureka-EvictionTimer][AbstractInstanceRegistry.java:1250] - Running the evict task with compensationTime 15ms
[wanxinp2p-discover-server][${env:SERVER_PORT}] 2022-03-21 12:01:59,092 INFO [Eureka-EvictionTimer][AbstractInstanceRegistry.java:1250] - Running the evict task with compensationTime 13ms
[wanxinp2p-discover-server][${env:SERVER_PORT}] 2022-03-21 12:02:09,092 INFO [Eureka-EvictionTimer][AbstractInstanceRegistry.java:1250] - Running the evict task with compensationTime 0ms
[wanxinp2p-discover-server][${env:SERVER_PORT}] 2022-03-21 12:02:19,099 INFO [Eureka-EvictionTimer][AbstractInstanceRegistry.java:1250] - Running the evict task with compensationTime 6ms
[wanxinp2p-discover-server][${env:SERVER_PORT}] 2022-03-21 12:02:29,113 INFO [Eureka-EvictionTimer][AbstractInstanceRegistry.java:1250] - Running the evict task with compensationTime 14ms
[wanxinp2p-discover-server][${env:SERVER_PORT}] 2022-03-21 12:02:39,117 INFO [Eureka-EvictionTimer][AbstractInstanceRegistry.java:1250] - Running the evict task with compensationTime 3ms
[wanxinp2p-discover-server][${env:SERVER_PORT}] 2022-03-21 12:02:49,122 INFO [Eureka-EvictionTimer][AbstractInstanceRegistry.java:1250] - Running the evict task with compensationTime 4ms
[wanxinp2p-discover-server][${env:SERVER_PORT}] 2022-03-21 12:02:59,125 INFO [Eureka-EvictionTimer][AbstractInstanceRegistry.java:1250] - Running the evict task with compensationTime 3ms
[wanxinp2p-discover-server][${env:SERVER_PORT}] 2022-03-21 12:03:09,140 INFO [Eureka-EvictionTimer][AbstractInstanceRegistry.java:1250] - Running the evict task with compensationTime 14ms
[wanxinp2p-discover-server][${env:SERVER_PORT}] 2022-03-21 12:03:19,140 INFO [Eureka-EvictionTimer][AbstractInstanceRegistry.java:1250] - Running the evict task with compensationTime 0ms
[wanxinp2p-discover-server][${env:SERVER_PORT}] 2022-03-21 12:03:29,151 INFO [Eureka-EvictionTimer][AbstractInstanceRegistry.java:1250] - Running the evict task with compensationTime 10ms
[wanxinp2p-discover-server][${env:SERVER_PORT}] 2022-03-21 12:03:39,160 INFO [Eureka-EvictionTimer][AbstractInstanceRegistry.java:1250] - Running the evict task with compensationTime 9ms
[wanxinp2p-discover-server][${env:SERVER_PORT}] 2022-03-21 12:03:49,167 INFO [Eureka-EvictionTimer][AbstractInstanceRegistry.java:1250] - Running the evict task with compensationTime 7ms
[wanxinp2p-discover-server][${env:SERVER_PORT}] 2022-03-21 12:03:59,173 INFO [Eureka-EvictionTimer][AbstractInstanceRegistry.java:1250] - Running the evict task with compensationTime 5ms
[wanxinp2p-discover-server][${env:SERVER_PORT}] 2022-03-21 12:04:09,175 INFO [Eureka-EvictionTimer][AbstractInstanceRegistry.java:1250] - Running the evict task with compensationTime 0ms
[wanxinp2p-discover-server][${env:SERVER_PORT}] 2022-03-21 12:04:19,189 INFO [Eureka-EvictionTimer][AbstractInstanceRegistry.java:1250] - Running the evict task with compensationTime 15ms
[wanxinp2p-discover-server][${env:SERVER_PORT}] 2022-03-21 12:04:29,200 INFO [Eureka-EvictionTimer][AbstractInstanceRegistry.java:1250] - Running the evict task with compensationTime 11ms
[wanxinp2p-discover-server][${env:SERVER_PORT}] 2022-03-21 12:04:39,201 INFO [Eureka-EvictionTimer][AbstractInstanceRegistry.java:1250] - Running the evict task with compensationTime 0ms
[wanxinp2p-discover-server][${env:SERVER_PORT}] 2022-03-21 12:04:49,205 INFO [Eureka-EvictionTimer][AbstractInstanceRegistry.java:1250] - Running the evict task with compensationTime 3ms
[wanxinp2p-discover-server][${env:SERVER_PORT}] 2022-03-21 12:04:59,215 INFO [Eureka-EvictionTimer][AbstractInstanceRegistry.java:1250] - Running the evict task with compensationTime 10ms
[wanxinp2p-discover-server][${env:SERVER_PORT}] 2022-03-21 12:05:09,227 INFO [Eureka-EvictionTimer][AbstractInstanceRegistry.java:1250] - Running the evict task with compensationTime 11ms
[wanxinp2p-discover-server][${env:SERVER_PORT}] 2022-03-21 12:05:19,234 INFO [Eureka-EvictionTimer][AbstractInstanceRegistry.java:1250] - Running the evict task with compensationTime 6ms
[wanxinp2p-discover-server][${env:SERVER_PORT}] 2022-03-21 12:05:29,249 INFO [Eureka-EvictionTimer][AbstractInstanceRegistry.java:1250] - Running the evict task with compensationTime 14ms
[wanxinp2p-discover-server][${env:SERVER_PORT}] 2022-03-21 12:05:39,260 INFO [Eureka-EvictionTimer][AbstractInstanceRegistry.java:1250] - Running the evict task with compensationTime 10ms
[wanxinp2p-discover-server][${env:SERVER_PORT}] 2022-03-21 12:05:49,266 INFO [Eureka-EvictionTimer][AbstractInstanceRegistry.java:1250] - Running the evict task with compensationTime 6ms
[wanxinp2p-discover-server][${env:SERVER_PORT}] 2022-03-21 12:05:59,281 INFO [Eureka-EvictionTimer][AbstractInstanceRegistry.java:1250] - Running the evict task with compensationTime 14ms
[wanxinp2p-discover-server][${env:SERVER_PORT}] 2022-03-21 12:06:09,287 INFO [Eureka-EvictionTimer][AbstractInstanceRegistry.java:1250] - Running the evict task with compensationTime 5ms
[wanxinp2p-discover-server][${env:SERVER_PORT}] 2022-03-21 12:06:19,296 INFO [Eureka-EvictionTimer][AbstractInstanceRegistry.java:1250] - Running the evict task with compensationTime 8ms
[wanxinp2p-discover-server][${env:SERVER_PORT}] 2022-03-21 12:06:29,296 INFO [Eureka-EvictionTimer][AbstractInstanceRegistry.java:1250] - Running the evict task with compensationTime 0ms
[wanxinp2p-discover-server][${env:SERVER_PORT}] 2022-03-21 12:06:39,304 INFO [Eureka-EvictionTimer][AbstractInstanceRegistry.java:1250] - Running the evict task with compensationTime 8ms
[wanxinp2p-discover-server][${env:SERVER_PORT}] 2022-03-21 12:06:49,310 INFO [Eureka-EvictionTimer][AbstractInstanceRegistry.java:1250] - Running the evict task with compensationTime 5ms
[wanxinp2p-discover-server][${env:SERVER_PORT}] 2022-03-21 12:06:59,325 INFO [Eureka-EvictionTimer][AbstractInstanceRegistry.java:1250] - Running the evict task with compensationTime 14ms
[wanxinp2p-discover-server][${env:SERVER_PORT}] 2022-03-21 12:07:09,337 INFO [Eureka-EvictionTimer][AbstractInstanceRegistry.java:1250] - Running the evict task with compensationTime 12ms
[wanxinp2p-discover-server][${env:SERVER_PORT}] 2022-03-21 12:07:19,339 INFO [Eureka-EvictionTimer][AbstractInstanceRegistry.java:1250] - Running the evict task with compensationTime 2ms
[wanxinp2p-discover-server][${env:SERVER_PORT}] 2022-03-21 12:07:29,341 INFO [Eureka-EvictionTimer][AbstractInstanceRegistry.java:1250] - Running the evict task with compensationTime 2ms
[wanxinp2p-discover-server][${env:SERVER_PORT}] 2022-03-21 12:07:39,341 INFO [Eureka-EvictionTimer][AbstractInstanceRegistry.java:1250] - Running the evict task with compensationTime 0ms
[wanxinp2p-discover-server][${env:SERVER_PORT}] 2022-03-21 12:07:49,356 INFO [Eureka-EvictionTimer][AbstractInstanceRegistry.java:1250] - Running the evict task with compensationTime 14ms
[wanxinp2p-discover-server][${env:SERVER_PORT}] 2022-03-21 12:07:59,365 INFO [Eureka-EvictionTimer][AbstractInstanceRegistry.java:1250] - Running the evict task with compensationTime 9ms
[wanxinp2p-discover-server][${env:SERVER_PORT}] 2022-03-21 12:08:09,366 INFO [Eureka-EvictionTimer][AbstractInstanceRegistry.java:1250] - Running the evict task with compensationTime 0ms
[wanxinp2p-discover-server][${env:SERVER_PORT}] 2022-03-21 12:08:19,370 INFO [Eureka-EvictionTimer][AbstractInstanceRegistry.java:1250] - Running the evict task with compensationTime 4ms
[wanxinp2p-discover-server][${env:SERVER_PORT}] 2022-03-21 12:08:29,370 INFO [Eureka-EvictionTimer][AbstractInstanceRegistry.java:1250] - Running the evict task with compensationTime 0ms
[wanxinp2p-discover-server][${env:SERVER_PORT}] 2022-03-21 12:08:39,385 INFO [Eureka-EvictionTimer][AbstractInstanceRegistry.java:1250] - Running the evict task with compensationTime 14ms
[wanxinp2p-discover-server][${env:SERVER_PORT}] 2022-03-21 12:08:49,387 INFO [Eureka-EvictionTimer][AbstractInstanceRegistry.java:1250] - Running the evict task with compensationTime 2ms
[wanxinp2p-discover-server][${env:SERVER_PORT}] 2022-03-21 12:08:59,402 INFO [Eureka-EvictionTimer][AbstractInstanceRegistry.java:1250] - Running the evict task with compensationTime 14ms
[wanxinp2p-discover-server][${env:SERVER_PORT}] 2022-03-21 12:09:09,403 INFO [Eureka-EvictionTimer][AbstractInstanceRegistry.java:1250] - Running the evict task with compensationTime 1ms
[wanxinp2p-discover-server][${env:SERVER_PORT}] 2022-03-21 12:09:19,414 INFO [Eureka-EvictionTimer][AbstractInstanceRegistry.java:1250] - Running the evict task with compensationTime 11ms
[wanxinp2p-discover-server][${env:SERVER_PORT}] 2022-03-21 12:09:29,415 INFO [Eureka-EvictionTimer][AbstractInstanceRegistry.java:1250] - Running the evict task with compensationTime 0ms
[wanxinp2p-discover-server][${env:SERVER_PORT}] 2022-03-21 12:09:39,429 INFO [Eureka-EvictionTimer][AbstractInstanceRegistry.java:1250] - Running the evict task with compensationTime 14ms
[wanxinp2p-discover-server][${env:SERVER_PORT}] 2022-03-21 12:09:49,432 INFO [Eureka-EvictionTimer][AbstractInstanceRegistry.java:1250] - Running the evict task with compensationTime 3ms
[wanxinp2p-discover-server][${env:SERVER_PORT}] 2022-03-21 12:09:59,442 INFO [Eureka-EvictionTimer][AbstractInstanceRegistry.java:1250] - Running the evict task with compensationTime 10ms
[wanxinp2p-discover-server][${env:SERVER_PORT}] 2022-03-21 12:10:09,452 INFO [Eureka-EvictionTimer][AbstractInstanceRegistry.java:1250] - Running the evict task with compensationTime 10ms
[wanxinp2p-discover-server][${env:SERVER_PORT}] 2022-03-21 12:10:19,463 INFO [Eureka-EvictionTimer][AbstractInstanceRegistry.java:1250] - Running the evict task with compensationTime 10ms
[wanxinp2p-discover-server][${env:SERVER_PORT}] 2022-03-21 12:10:29,468 INFO [Eureka-EvictionTimer][AbstractInstanceRegistry.java:1250] - Running the evict task with compensationTime 4ms
[wanxinp2p-discover-server][${env:SERVER_PORT}] 2022-03-21 12:10:39,476 INFO [Eureka-EvictionTimer][AbstractInstanceRegistry.java:1250] - Running the evict task with compensationTime 8ms
[wanxinp2p-discover-server][${env:SERVER_PORT}] 2022-03-21 12:10:49,483 INFO [Eureka-EvictionTimer][AbstractInstanceRegistry.java:1250] - Running the evict task with compensationTime 7ms
[wanxinp2p-discover-server][${env:SERVER_PORT}] 2022-03-21 12:10:59,495 INFO [Eureka-EvictionTimer][AbstractInstanceRegistry.java:1250] - Running the evict task with compensationTime 11ms
[wanxinp2p-discover-server][${env:SERVER_PORT}] 2022-03-21 12:11:09,500 INFO [Eureka-EvictionTimer][AbstractInstanceRegistry.java:1250] - Running the evict task with compensationTime 5ms
[wanxinp2p-discover-server][${env:SERVER_PORT}] 2022-03-21 12:11:19,511 INFO [Eureka-EvictionTimer][AbstractInstanceRegistry.java:1250] - Running the evict task with compensationTime 10ms
[wanxinp2p-discover-server][${env:SERVER_PORT}] 2022-03-21 12:11:29,526 INFO [Eureka-EvictionTimer][AbstractInstanceRegistry.java:1250] - Running the evict task with compensationTime 15ms
[wanxinp2p-discover-server][${env:SERVER_PORT}] 2022-03-21 12:11:39,535 INFO [Eureka-EvictionTimer][AbstractInstanceRegistry.java:1250] - Running the evict task with compensationTime 8ms
[wanxinp2p-discover-server][${env:SERVER_PORT}] 2022-03-21 12:11:49,536 INFO [Eureka-EvictionTimer][AbstractInstanceRegistry.java:1250] - Running the evict task with compensationTime 1ms
[wanxinp2p-discover-server][${env:SERVER_PORT}] 2022-03-21 12:11:59,537 INFO [Eureka-EvictionTimer][AbstractInstanceRegistry.java:1250] - Running the evict task with compensationTime 1ms
[wanxinp2p-discover-server][${env:SERVER_PORT}] 2022-03-21 12:12:09,538 INFO [Eureka-EvictionTimer][AbstractInstanceRegistry.java:1250] - Running the evict task with compensationTime 0ms
[wanxinp2p-discover-server][${env:SERVER_PORT}] 2022-03-21 12:12:19,539 INFO [Eureka-EvictionTimer][AbstractInstanceRegistry.java:1250] - Running the evict task with compensationTime 0ms
[wanxinp2p-discover-server][${env:SERVER_PORT}] 2022-03-21 12:12:29,548 INFO [Eureka-EvictionTimer][AbstractInstanceRegistry.java:1250] - Running the evict task with compensationTime 9ms
[wanxinp2p-discover-server][${env:SERVER_PORT}] 2022-03-21 12:12:39,550 INFO [Eureka-EvictionTimer][AbstractInstanceRegistry.java:1250] - Running the evict task with compensationTime 1ms
[wanxinp2p-discover-server][${env:SERVER_PORT}] 2022-03-21 12:12:49,558 INFO [Eureka-EvictionTimer][AbstractInstanceRegistry.java:1250] - Running the evict task with compensationTime 8ms
[wanxinp2p-discover-server][${env:SERVER_PORT}] 2022-03-21 12:12:59,560 INFO [Eureka-EvictionTimer][AbstractInstanceRegistry.java:1250] - Running the evict task with compensationTime 1ms
[wanxinp2p-discover-server][${env:SERVER_PORT}] 2022-03-21 12:13:09,564 INFO [Eureka-EvictionTimer][AbstractInstanceRegistry.java:1250] - Running the evict task with compensationTime 4ms
[wanxinp2p-discover-server][${env:SERVER_PORT}] 2022-03-21 12:13:19,574 INFO [Eureka-EvictionTimer][AbstractInstanceRegistry.java:1250] - Running the evict task with compensationTime 10ms
[wanxinp2p-discover-server][${env:SERVER_PORT}] 2022-03-21 12:13:29,584 INFO [Eureka-EvictionTimer][AbstractInstanceRegistry.java:1250] - Running the evict task with compensationTime 10ms
[wanxinp2p-discover-server][${env:SERVER_PORT}] 2022-03-21 12:13:39,586 INFO [Eureka-EvictionTimer][AbstractInstanceRegistry.java:1250] - Running the evict task with compensationTime 2ms
[wanxinp2p-discover-server][${env:SERVER_PORT}] 2022-03-21 12:13:49,598 INFO [Eureka-EvictionTimer][AbstractInstanceRegistry.java:1250] - Running the evict task with compensationTime 11ms
[wanxinp2p-discover-server][${env:SERVER_PORT}] 2022-03-21 12:13:59,599 INFO [Eureka-EvictionTimer][AbstractInstanceRegistry.java:1250] - Running the evict task with compensationTime 1ms
[wanxinp2p-discover-server][${env:SERVER_PORT}] 2022-03-21 12:14:09,602 INFO [Eureka-EvictionTimer][AbstractInstanceRegistry.java:1250] - Running the evict task with compensationTime 3ms
[wanxinp2p-discover-server][${env:SERVER_PORT}] 2022-03-21 12:14:19,607 INFO [Eureka-EvictionTimer][AbstractInstanceRegistry.java:1250] - Running the evict task with compensationTime 4ms
[wanxinp2p-discover-server][${env:SERVER_PORT}] 2022-03-21 12:14:29,618 INFO [Eureka-EvictionTimer][AbstractInstanceRegistry.java:1250] - Running the evict task with compensationTime 11ms
[wanxinp2p-discover-server][${env:SERVER_PORT}] 2022-03-21 12:14:39,619 INFO [Eureka-EvictionTimer][AbstractInstanceRegistry.java:1250] - Running the evict task with compensationTime 0ms
[wanxinp2p-discover-server][${env:SERVER_PORT}] 2022-03-21 12:14:49,621 INFO [Eureka-EvictionTimer][AbstractInstanceRegistry.java:1250] - Running the evict task with compensationTime 1ms
[wanxinp2p-discover-server][${env:SERVER_PORT}] 2022-03-21 12:14:59,634 INFO [Eureka-EvictionTimer][AbstractInstanceRegistry.java:1250] - Running the evict task with compensationTime 13ms
[wanxinp2p-discover-server][${env:SERVER_PORT}] 2022-03-21 12:15:02,421 INFO [ReplicaAwareInstanceRegistry - RenewalThresholdUpdater][PeerAwareInstanceRegistryImpl.java:539] - Current renewal threshold is : 0
[wanxinp2p-discover-server][${env:SERVER_PORT}] 2022-03-21 12:15:09,640 INFO [Eureka-EvictionTimer][AbstractInstanceRegistry.java:1250] - Running the evict task with compensationTime 5ms
[wanxinp2p-discover-server][${env:SERVER_PORT}] 2022-03-21 12:15:19,650 INFO [Eureka-EvictionTimer][AbstractInstanceRegistry.java:1250] - Running the evict task with compensationTime 10ms
[wanxinp2p-discover-server][${env:SERVER_PORT}] 2022-03-21 12:15:29,664 INFO [Eureka-EvictionTimer][AbstractInstanceRegistry.java:1250] - Running the evict task with compensationTime 13ms
[wanxinp2p-discover-server][${env:SERVER_PORT}] 2022-03-21 12:15:39,671 INFO [Eureka-EvictionTimer][AbstractInstanceRegistry.java:1250] - Running the evict task with compensationTime 7ms
[wanxinp2p-discover-server][${env:SERVER_PORT}] 2022-03-21 12:15:49,683 INFO [Eureka-EvictionTimer][AbstractInstanceRegistry.java:1250] - Running the evict task with compensationTime 11ms
[wanxinp2p-discover-server][${env:SERVER_PORT}] 2022-03-21 12:15:59,688 INFO [Eureka-EvictionTimer][AbstractInstanceRegistry.java:1250] - Running the evict task with compensationTime 5ms
[wanxinp2p-discover-server][${env:SERVER_PORT}] 2022-03-21 12:16:09,697 INFO [Eureka-EvictionTimer][AbstractInstanceRegistry.java:1250] - Running the evict task with compensationTime 9ms
[wanxinp2p-discover-server][${env:SERVER_PORT}] 2022-03-21 12:16:19,706 INFO [Eureka-EvictionTimer][AbstractInstanceRegistry.java:1250] - Running the evict task with compensationTime 8ms
[wanxinp2p-discover-server][${env:SERVER_PORT}] 2022-03-21 12:16:29,713 INFO [Eureka-EvictionTimer][AbstractInstanceRegistry.java:1250] - Running the evict task with compensationTime 7ms
[wanxinp2p-discover-server][${env:SERVER_PORT}] 2022-03-21 12:16:39,718 INFO [Eureka-EvictionTimer][AbstractInstanceRegistry.java:1250] - Running the evict task with compensationTime 5ms
[wanxinp2p-discover-server][${env:SERVER_PORT}] 2022-03-21 12:16:49,721 INFO [Eureka-EvictionTimer][AbstractInstanceRegistry.java:1250] - Running the evict task with compensationTime 2ms
[wanxinp2p-discover-server][${env:SERVER_PORT}] 2022-03-21 12:16:59,730 INFO [Eureka-EvictionTimer][AbstractInstanceRegistry.java:1250] - Running the evict task with compensationTime 8ms
[wanxinp2p-discover-server][${env:SERVER_PORT}] 2022-03-21 12:17:09,744 INFO [Eureka-EvictionTimer][AbstractInstanceRegistry.java:1250] - Running the evict task with compensationTime 14ms
[wanxinp2p-discover-server][${env:SERVER_PORT}] 2022-03-21 12:17:19,745 INFO [Eureka-EvictionTimer][AbstractInstanceRegistry.java:1250] - Running the evict task with compensationTime 1ms
[wanxinp2p-discover-server][${env:SERVER_PORT}] 2022-03-21 12:17:29,751 INFO [Eureka-EvictionTimer][AbstractInstanceRegistry.java:1250] - Running the evict task with compensationTime 5ms
[wanxinp2p-discover-server][${env:SERVER_PORT}] 2022-03-21 12:17:39,762 INFO [Eureka-EvictionTimer][AbstractInstanceRegistry.java:1250] - Running the evict task with compensationTime 11ms
[wanxinp2p-discover-server][${env:SERVER_PORT}] 2022-03-21 12:17:49,771 INFO [Eureka-EvictionTimer][AbstractInstanceRegistry.java:1250] - Running the evict task with compensationTime 8ms
[wanxinp2p-discover-server][${env:SERVER_PORT}] 2022-03-21 12:17:59,783 INFO [Eureka-EvictionTimer][AbstractInstanceRegistry.java:1250] - Running the evict task with compensationTime 12ms
[wanxinp2p-discover-server][${env:SERVER_PORT}] 2022-03-21 12:18:09,787 INFO [Eureka-EvictionTimer][AbstractInstanceRegistry.java:1250] - Running the evict task with compensationTime 3ms
[wanxinp2p-discover-server][${env:SERVER_PORT}] 2022-03-21 12:18:19,790 INFO [Eureka-EvictionTimer][AbstractInstanceRegistry.java:1250] - Running the evict task with compensationTime 2ms
[wanxinp2p-discover-server][${env:SERVER_PORT}] 2022-03-21 12:18:29,795 INFO [Eureka-EvictionTimer][AbstractInstanceRegistry.java:1250] - Running the evict task with compensationTime 4ms
[wanxinp2p-discover-server][${env:SERVER_PORT}] 2022-03-21 12:18:39,799 INFO [Eureka-EvictionTimer][AbstractInstanceRegistry.java:1250] - Running the evict task with compensationTime 4ms
[wanxinp2p-discover-server][${env:SERVER_PORT}] 2022-03-21 12:18:49,812 INFO [Eureka-EvictionTimer][AbstractInstanceRegistry.java:1250] - Running the evict task with compensationTime 13ms
[wanxinp2p-discover-server][${env:SERVER_PORT}] 2022-03-21 12:18:59,825 INFO [Eureka-EvictionTimer][AbstractInstanceRegistry.java:1250] - Running the evict task with compensationTime 12ms
[wanxinp2p-discover-server][${env:SERVER_PORT}] 2022-03-21 12:19:09,834 INFO [Eureka-EvictionTimer][AbstractInstanceRegistry.java:1250] - Running the evict task with compensationTime 9ms
[wanxinp2p-discover-server][${env:SERVER_PORT}] 2022-03-21 12:19:19,849 INFO [Eureka-EvictionTimer][AbstractInstanceRegistry.java:1250] - Running the evict task with compensationTime 14ms
[wanxinp2p-discover-server][${env:SERVER_PORT}] 2022-03-21 12:19:29,858 INFO [Eureka-EvictionTimer][AbstractInstanceRegistry.java:1250] - Running the evict task with compensationTime 8ms
[wanxinp2p-discover-server][${env:SERVER_PORT}] 2022-03-21 12:19:39,862 INFO [Eureka-EvictionTimer][AbstractInstanceRegistry.java:1250] - Running the evict task with compensationTime 3ms
[wanxinp2p-discover-server][${env:SERVER_PORT}] 2022-03-21 12:19:49,870 INFO [Eureka-EvictionTimer][AbstractInstanceRegistry.java:1250] - Running the evict task with compensationTime 7ms
[wanxinp2p-discover-server][${env:SERVER_PORT}] 2022-03-21 12:19:59,872 INFO [Eureka-EvictionTimer][AbstractInstanceRegistry.java:1250] - Running the evict task with compensationTime 2ms
[wanxinp2p-discover-server][${env:SERVER_PORT}] 2022-03-21 12:20:09,883 INFO [Eureka-EvictionTimer][AbstractInstanceRegistry.java:1250] - Running the evict task with compensationTime 10ms
[wanxinp2p-discover-server][${env:SERVER_PORT}] 2022-03-21 12:20:19,888 INFO [Eureka-EvictionTimer][AbstractInstanceRegistry.java:1250] - Running the evict task with compensationTime 5ms
[wanxinp2p-discover-server][${env:SERVER_PORT}] 2022-03-21 12:20:29,902 INFO [Eureka-EvictionTimer][AbstractInstanceRegistry.java:1250] - Running the evict task with compensationTime 13ms
[wanxinp2p-discover-server][${env:SERVER_PORT}] 2022-03-21 12:20:39,905 INFO [Eureka-EvictionTimer][AbstractInstanceRegistry.java:1250] - Running the evict task with compensationTime 3ms
[wanxinp2p-discover-server][${env:SERVER_PORT}] 2022-03-21 12:20:49,919 INFO [Eureka-EvictionTimer][AbstractInstanceRegistry.java:1250] - Running the evict task with compensationTime 13ms
[wanxinp2p-discover-server][${env:SERVER_PORT}] 2022-03-21 12:20:59,921 INFO [Eureka-EvictionTimer][AbstractInstanceRegistry.java:1250] - Running the evict task with compensationTime 2ms
[wanxinp2p-discover-server][${env:SERVER_PORT}] 2022-03-21 12:21:09,934 INFO [Eureka-EvictionTimer][AbstractInstanceRegistry.java:1250] - Running the evict task with compensationTime 12ms
[wanxinp2p-discover-server][${env:SERVER_PORT}] 2022-03-21 12:21:19,935 INFO [Eureka-EvictionTimer][AbstractInstanceRegistry.java:1250] - Running the evict task with compensationTime 0ms
[wanxinp2p-discover-server][${env:SERVER_PORT}] 2022-03-21 12:21:29,948 INFO [Eureka-EvictionTimer][AbstractInstanceRegistry.java:1250] - Running the evict task with compensationTime 13ms
[wanxinp2p-discover-server][${env:SERVER_PORT}] 2022-03-21 12:21:39,957 INFO [Eureka-EvictionTimer][AbstractInstanceRegistry.java:1250] - Running the evict task with compensationTime 9ms
[wanxinp2p-discover-server][${env:SERVER_PORT}] 2022-03-21 12:21:49,967 INFO [Eureka-EvictionTimer][AbstractInstanceRegistry.java:1250] - Running the evict task with compensationTime 9ms
[wanxinp2p-discover-server][${env:SERVER_PORT}] 2022-03-21 12:21:59,968 INFO [Eureka-EvictionTimer][AbstractInstanceRegistry.java:1250] - Running the evict task with compensationTime 1ms
[wanxinp2p-discover-server][${env:SERVER_PORT}] 2022-03-21 12:22:09,979 INFO [Eureka-EvictionTimer][AbstractInstanceRegistry.java:1250] - Running the evict task with compensationTime 10ms
[wanxinp2p-discover-server][${env:SERVER_PORT}] 2022-03-21 12:22:19,993 INFO [Eureka-EvictionTimer][AbstractInstanceRegistry.java:1250] - Running the evict task with compensationTime 13ms
[wanxinp2p-discover-server][${env:SERVER_PORT}] 2022-03-21 12:22:22,917 INFO [Thread-32][EurekaServiceRegistry.java:65] - Unregistering application HNRADIO-DISCOVERY with eureka with status DOWN
[wanxinp2p-discover-server][${env:SERVER_PORT}] 2022-03-21 12:22:22,948 INFO [Thread-32][DefaultEurekaServerContext.java:76] - Shutting down ...
[wanxinp2p-discover-server][${env:SERVER_PORT}] 2022-03-21 12:22:22,965 INFO [Thread-32][DefaultEurekaServerContext.java:79] - Shut down
[wanxinp2p-discover-server][${env:SERVER_PORT}] 2022-03-21 12:22:22,976 INFO [Thread-32][ExecutorConfigurationSupport.java:208] - Shutting down ExecutorService 'applicationTaskExecutor'
[wanxinp2p-discover-server][${env:SERVER_PORT}] 2022-03-21 12:22:23,022 INFO [Thread-32][DiscoveryClient.java:888] - Shutting down DiscoveryClient ...
[wanxinp2p-discover-server][${env:SERVER_PORT}] 2022-03-21 12:22:23,023 INFO [Thread-32][DiscoveryClient.java:911] - Completed shut down of DiscoveryClient
