[wanxinp2p-account-service][${env:SERVER_PORT}] 2022-03-31 14:00:18,607 INFO [NettyClientSelector_1][Slf4jLoggerFactory.java:95] - closeChannel: close the connection to remote address[] result: true
[wanxinp2p-account-service][${env:SERVER_PORT}] 2022-03-31 14:00:19,569 INFO [NettyClientSelector_1][Slf4jLoggerFactory.java:95] - closeChannel: close the connection to remote address[] result: true
[wanxinp2p-account-service][${env:SERVER_PORT}] 2022-03-31 14:00:48,645 INFO [NettyClientSelector_1][Slf4jLoggerFactory.java:95] - closeChannel: close the connection to remote address[] result: true
[wanxinp2p-account-service][${env:SERVER_PORT}] 2022-03-31 14:00:49,548 INFO [NettyClientSelector_1][Slf4jLoggerFactory.java:95] - closeChannel: close the connection to remote address[] result: true
[wanxinp2p-account-service][${env:SERVER_PORT}] 2022-03-31 14:00:59,615 INFO [hmilyTransaction-hmily-transaction-self-recovery-2][LogUtil.java:87] - self recovery execute delayTime:60
[wanxinp2p-account-service][${env:SERVER_PORT}] 2022-03-31 14:01:18,621 INFO [NettyClientSelector_1][Slf4jLoggerFactory.java:95] - closeChannel: close the connection to remote address[] result: true
[wanxinp2p-account-service][${env:SERVER_PORT}] 2022-03-31 14:01:19,548 INFO [NettyClientSelector_1][Slf4jLoggerFactory.java:95] - closeChannel: close the connection to remote address[] result: true
[wanxinp2p-account-service][${env:SERVER_PORT}] 2022-03-31 14:01:48,632 INFO [NettyClientSelector_1][Slf4jLoggerFactory.java:95] - closeChannel: close the connection to remote address[] result: true
[wanxinp2p-account-service][${env:SERVER_PORT}] 2022-03-31 14:01:49,574 INFO [NettyClientSelector_1][Slf4jLoggerFactory.java:95] - closeChannel: close the connection to remote address[] result: true
[wanxinp2p-account-service][${env:SERVER_PORT}] 2022-03-31 14:01:59,621 INFO [hmilyTransaction-hmily-transaction-self-recovery-2][LogUtil.java:87] - self recovery execute delayTime:60
[wanxinp2p-account-service][${env:SERVER_PORT}] 2022-03-31 14:02:18,604 INFO [NettyClientSelector_1][Slf4jLoggerFactory.java:95] - closeChannel: close the connection to remote address[] result: true
[wanxinp2p-account-service][${env:SERVER_PORT}] 2022-03-31 14:02:19,585 INFO [NettyClientSelector_1][Slf4jLoggerFactory.java:95] - closeChannel: close the connection to remote address[] result: true
[wanxinp2p-account-service][${env:SERVER_PORT}] 2022-03-31 14:02:48,616 INFO [NettyClientSelector_1][Slf4jLoggerFactory.java:95] - closeChannel: close the connection to remote address[] result: true
[wanxinp2p-account-service][${env:SERVER_PORT}] 2022-03-31 14:02:49,568 INFO [NettyClientSelector_1][Slf4jLoggerFactory.java:95] - closeChannel: close the connection to remote address[] result: true
[wanxinp2p-account-service][${env:SERVER_PORT}] 2022-03-31 14:02:59,637 INFO [hmilyTransaction-hmily-transaction-self-recovery-2][LogUtil.java:87] - self recovery execute delayTime:60
[wanxinp2p-account-service][${env:SERVER_PORT}] 2022-03-31 14:03:18,629 INFO [NettyClientSelector_1][Slf4jLoggerFactory.java:95] - closeChannel: close the connection to remote address[] result: true
[wanxinp2p-account-service][${env:SERVER_PORT}] 2022-03-31 14:03:19,582 INFO [NettyClientSelector_1][Slf4jLoggerFactory.java:95] - closeChannel: close the connection to remote address[] result: true
[wanxinp2p-account-service][${env:SERVER_PORT}] 2022-03-31 14:03:48,602 INFO [NettyClientSelector_1][Slf4jLoggerFactory.java:95] - closeChannel: close the connection to remote address[] result: true
[wanxinp2p-account-service][${env:SERVER_PORT}] 2022-03-31 14:03:49,539 INFO [NettyClientSelector_1][Slf4jLoggerFactory.java:95] - closeChannel: close the connection to remote address[] result: true
[wanxinp2p-account-service][${env:SERVER_PORT}] 2022-03-31 14:03:58,371 INFO [AsyncResolver-bootstrap-executor-0][ConfigClusterResolver.java:43] - Resolving eureka endpoints via configuration
[wanxinp2p-account-service][${env:SERVER_PORT}] 2022-03-31 14:03:59,655 INFO [hmilyTransaction-hmily-transaction-self-recovery-2][LogUtil.java:87] - self recovery execute delayTime:60
[wanxinp2p-account-service][${env:SERVER_PORT}] 2022-03-31 14:04:18,617 INFO [NettyClientSelector_1][Slf4jLoggerFactory.java:95] - closeChannel: close the connection to remote address[] result: true
[wanxinp2p-account-service][${env:SERVER_PORT}] 2022-03-31 14:04:19,596 INFO [NettyClientSelector_1][Slf4jLoggerFactory.java:95] - closeChannel: close the connection to remote address[] result: true
[wanxinp2p-account-service][${env:SERVER_PORT}] 2022-03-31 14:04:48,622 INFO [NettyClientSelector_1][Slf4jLoggerFactory.java:95] - closeChannel: close the connection to remote address[] result: true
[wanxinp2p-account-service][${env:SERVER_PORT}] 2022-03-31 14:04:49,556 INFO [NettyClientSelector_1][Slf4jLoggerFactory.java:95] - closeChannel: close the connection to remote address[] result: true
[wanxinp2p-account-service][${env:SERVER_PORT}] 2022-03-31 14:04:59,671 INFO [hmilyTransaction-hmily-transaction-self-recovery-2][LogUtil.java:87] - self recovery execute delayTime:60
[wanxinp2p-account-service][${env:SERVER_PORT}] 2022-03-31 14:05:18,618 INFO [NettyClientSelector_1][Slf4jLoggerFactory.java:95] - closeChannel: close the connection to remote address[] result: true
[wanxinp2p-account-service][${env:SERVER_PORT}] 2022-03-31 14:05:19,573 INFO [NettyClientSelector_1][Slf4jLoggerFactory.java:95] - closeChannel: close the connection to remote address[] result: true
[wanxinp2p-account-service][${env:SERVER_PORT}] 2022-03-31 14:05:48,599 INFO [NettyClientSelector_1][Slf4jLoggerFactory.java:95] - closeChannel: close the connection to remote address[] result: true
[wanxinp2p-account-service][${env:SERVER_PORT}] 2022-03-31 14:05:49,574 INFO [NettyClientSelector_1][Slf4jLoggerFactory.java:95] - closeChannel: close the connection to remote address[] result: true
[wanxinp2p-account-service][${env:SERVER_PORT}] 2022-03-31 14:05:59,688 INFO [hmilyTransaction-hmily-transaction-self-recovery-2][LogUtil.java:87] - self recovery execute delayTime:60
[wanxinp2p-account-service][${env:SERVER_PORT}] 2022-03-31 14:06:18,606 INFO [NettyClientSelector_1][Slf4jLoggerFactory.java:95] - closeChannel: close the connection to remote address[] result: true
[wanxinp2p-account-service][${env:SERVER_PORT}] 2022-03-31 14:06:19,557 INFO [NettyClientSelector_1][Slf4jLoggerFactory.java:95] - closeChannel: close the connection to remote address[] result: true
[wanxinp2p-account-service][${env:SERVER_PORT}] 2022-03-31 14:06:48,646 INFO [NettyClientSelector_1][Slf4jLoggerFactory.java:95] - closeChannel: close the connection to remote address[] result: true
[wanxinp2p-account-service][${env:SERVER_PORT}] 2022-03-31 14:06:49,572 INFO [NettyClientSelector_1][Slf4jLoggerFactory.java:95] - closeChannel: close the connection to remote address[] result: true
[wanxinp2p-account-service][${env:SERVER_PORT}] 2022-03-31 14:06:59,700 INFO [hmilyTransaction-hmily-transaction-self-recovery-2][LogUtil.java:87] - self recovery execute delayTime:60
[wanxinp2p-account-service][${env:SERVER_PORT}] 2022-03-31 14:07:18,609 INFO [NettyClientSelector_1][Slf4jLoggerFactory.java:95] - closeChannel: close the connection to remote address[] result: true
[wanxinp2p-account-service][${env:SERVER_PORT}] 2022-03-31 14:07:19,594 INFO [NettyClientSelector_1][Slf4jLoggerFactory.java:95] - closeChannel: close the connection to remote address[] result: true
[wanxinp2p-account-service][${env:SERVER_PORT}] 2022-03-31 14:07:48,641 INFO [NettyClientSelector_1][Slf4jLoggerFactory.java:95] - closeChannel: close the connection to remote address[] result: true
[wanxinp2p-account-service][${env:SERVER_PORT}] 2022-03-31 14:07:49,575 INFO [NettyClientSelector_1][Slf4jLoggerFactory.java:95] - closeChannel: close the connection to remote address[] result: true
[wanxinp2p-account-service][${env:SERVER_PORT}] 2022-03-31 14:07:59,708 INFO [hmilyTransaction-hmily-transaction-self-recovery-2][LogUtil.java:87] - self recovery execute delayTime:60
[wanxinp2p-account-service][${env:SERVER_PORT}] 2022-03-31 14:08:18,630 INFO [NettyClientSelector_1][Slf4jLoggerFactory.java:95] - closeChannel: close the connection to remote address[] result: true
[wanxinp2p-account-service][${env:SERVER_PORT}] 2022-03-31 14:08:19,560 INFO [NettyClientSelector_1][Slf4jLoggerFactory.java:95] - closeChannel: close the connection to remote address[] result: true
[wanxinp2p-account-service][${env:SERVER_PORT}] 2022-03-31 14:08:48,650 INFO [NettyClientSelector_1][Slf4jLoggerFactory.java:95] - closeChannel: close the connection to remote address[] result: true
[wanxinp2p-account-service][${env:SERVER_PORT}] 2022-03-31 14:08:49,604 INFO [NettyClientSelector_1][Slf4jLoggerFactory.java:95] - closeChannel: close the connection to remote address[] result: true
[wanxinp2p-account-service][${env:SERVER_PORT}] 2022-03-31 14:08:58,380 INFO [AsyncResolver-bootstrap-executor-0][ConfigClusterResolver.java:43] - Resolving eureka endpoints via configuration
[wanxinp2p-account-service][${env:SERVER_PORT}] 2022-03-31 14:08:59,711 INFO [hmilyTransaction-hmily-transaction-self-recovery-2][LogUtil.java:87] - self recovery execute delayTime:60
[wanxinp2p-account-service][${env:SERVER_PORT}] 2022-03-31 14:09:18,630 INFO [NettyClientSelector_1][Slf4jLoggerFactory.java:95] - closeChannel: close the connection to remote address[] result: true
[wanxinp2p-account-service][${env:SERVER_PORT}] 2022-03-31 14:09:19,563 INFO [NettyClientSelector_1][Slf4jLoggerFactory.java:95] - closeChannel: close the connection to remote address[] result: true
[wanxinp2p-account-service][${env:SERVER_PORT}] 2022-03-31 14:09:48,630 INFO [NettyClientSelector_1][Slf4jLoggerFactory.java:95] - closeChannel: close the connection to remote address[] result: true
[wanxinp2p-account-service][${env:SERVER_PORT}] 2022-03-31 14:09:49,587 INFO [NettyClientSelector_1][Slf4jLoggerFactory.java:95] - closeChannel: close the connection to remote address[] result: true
[wanxinp2p-account-service][${env:SERVER_PORT}] 2022-03-31 14:09:59,713 INFO [hmilyTransaction-hmily-transaction-self-recovery-2][LogUtil.java:87] - self recovery execute delayTime:60
[wanxinp2p-account-service][${env:SERVER_PORT}] 2022-03-31 14:10:18,621 INFO [NettyClientSelector_1][Slf4jLoggerFactory.java:95] - closeChannel: close the connection to remote address[] result: true
[wanxinp2p-account-service][${env:SERVER_PORT}] 2022-03-31 14:10:19,577 INFO [NettyClientSelector_1][Slf4jLoggerFactory.java:95] - closeChannel: close the connection to remote address[] result: true
[wanxinp2p-account-service][${env:SERVER_PORT}] 2022-03-31 14:10:48,655 INFO [NettyClientSelector_1][Slf4jLoggerFactory.java:95] - closeChannel: close the connection to remote address[] result: true
[wanxinp2p-account-service][${env:SERVER_PORT}] 2022-03-31 14:10:49,580 INFO [NettyClientSelector_1][Slf4jLoggerFactory.java:95] - closeChannel: close the connection to remote address[] result: true
[wanxinp2p-account-service][${env:SERVER_PORT}] 2022-03-31 14:10:59,718 INFO [hmilyTransaction-hmily-transaction-self-recovery-2][LogUtil.java:87] - self recovery execute delayTime:60
[wanxinp2p-account-service][${env:SERVER_PORT}] 2022-03-31 14:11:18,619 INFO [NettyClientSelector_1][Slf4jLoggerFactory.java:95] - closeChannel: close the connection to remote address[] result: true
[wanxinp2p-account-service][${env:SERVER_PORT}] 2022-03-31 14:11:19,581 INFO [NettyClientSelector_1][Slf4jLoggerFactory.java:95] - closeChannel: close the connection to remote address[] result: true
[wanxinp2p-account-service][${env:SERVER_PORT}] 2022-03-31 14:11:48,619 INFO [NettyClientSelector_1][Slf4jLoggerFactory.java:95] - closeChannel: close the connection to remote address[] result: true
[wanxinp2p-account-service][${env:SERVER_PORT}] 2022-03-31 14:11:49,554 INFO [NettyClientSelector_1][Slf4jLoggerFactory.java:95] - closeChannel: close the connection to remote address[] result: true
[wanxinp2p-account-service][${env:SERVER_PORT}] 2022-03-31 14:11:59,724 INFO [hmilyTransaction-hmily-transaction-self-recovery-2][LogUtil.java:87] - self recovery execute delayTime:60
[wanxinp2p-account-service][${env:SERVER_PORT}] 2022-03-31 14:12:18,611 INFO [NettyClientSelector_1][Slf4jLoggerFactory.java:95] - closeChannel: close the connection to remote address[] result: true
[wanxinp2p-account-service][${env:SERVER_PORT}] 2022-03-31 14:12:19,573 INFO [NettyClientSelector_1][Slf4jLoggerFactory.java:95] - closeChannel: close the connection to remote address[] result: true
[wanxinp2p-account-service][${env:SERVER_PORT}] 2022-03-31 14:12:48,617 INFO [NettyClientSelector_1][Slf4jLoggerFactory.java:95] - closeChannel: close the connection to remote address[] result: true
[wanxinp2p-account-service][${env:SERVER_PORT}] 2022-03-31 14:12:49,594 INFO [NettyClientSelector_1][Slf4jLoggerFactory.java:95] - closeChannel: close the connection to remote address[] result: true
[wanxinp2p-account-service][${env:SERVER_PORT}] 2022-03-31 14:12:59,747 INFO [hmilyTransaction-hmily-transaction-self-recovery-2][LogUtil.java:87] - self recovery execute delayTime:60
[wanxinp2p-account-service][${env:SERVER_PORT}] 2022-03-31 14:13:18,615 INFO [NettyClientSelector_1][Slf4jLoggerFactory.java:95] - closeChannel: close the connection to remote address[] result: true
[wanxinp2p-account-service][${env:SERVER_PORT}] 2022-03-31 14:13:19,563 INFO [NettyClientSelector_1][Slf4jLoggerFactory.java:95] - closeChannel: close the connection to remote address[] result: true
[wanxinp2p-account-service][${env:SERVER_PORT}] 2022-03-31 14:13:48,633 INFO [NettyClientSelector_1][Slf4jLoggerFactory.java:95] - closeChannel: close the connection to remote address[] result: true
[wanxinp2p-account-service][${env:SERVER_PORT}] 2022-03-31 14:13:49,571 INFO [NettyClientSelector_1][Slf4jLoggerFactory.java:95] - closeChannel: close the connection to remote address[] result: true
[wanxinp2p-account-service][${env:SERVER_PORT}] 2022-03-31 14:13:58,390 INFO [AsyncResolver-bootstrap-executor-0][ConfigClusterResolver.java:43] - Resolving eureka endpoints via configuration
[wanxinp2p-account-service][${env:SERVER_PORT}] 2022-03-31 14:13:59,761 INFO [hmilyTransaction-hmily-transaction-self-recovery-2][LogUtil.java:87] - self recovery execute delayTime:60
[wanxinp2p-account-service][${env:SERVER_PORT}] 2022-03-31 14:14:18,603 INFO [NettyClientSelector_1][Slf4jLoggerFactory.java:95] - closeChannel: close the connection to remote address[] result: true
[wanxinp2p-account-service][${env:SERVER_PORT}] 2022-03-31 14:14:19,568 INFO [NettyClientSelector_1][Slf4jLoggerFactory.java:95] - closeChannel: close the connection to remote address[] result: true
[wanxinp2p-account-service][${env:SERVER_PORT}] 2022-03-31 14:14:48,584 INFO [NettyClientSelector_1][Slf4jLoggerFactory.java:95] - closeChannel: close the connection to remote address[] result: true
[wanxinp2p-account-service][${env:SERVER_PORT}] 2022-03-31 14:14:49,555 INFO [NettyClientSelector_1][Slf4jLoggerFactory.java:95] - closeChannel: close the connection to remote address[] result: true
[wanxinp2p-account-service][${env:SERVER_PORT}] 2022-03-31 14:14:59,784 INFO [hmilyTransaction-hmily-transaction-self-recovery-2][LogUtil.java:87] - self recovery execute delayTime:60
[wanxinp2p-account-service][${env:SERVER_PORT}] 2022-03-31 14:15:18,609 INFO [NettyClientSelector_1][Slf4jLoggerFactory.java:95] - closeChannel: close the connection to remote address[] result: true
[wanxinp2p-account-service][${env:SERVER_PORT}] 2022-03-31 14:15:19,566 INFO [NettyClientSelector_1][Slf4jLoggerFactory.java:95] - closeChannel: close the connection to remote address[] result: true
[wanxinp2p-account-service][${env:SERVER_PORT}] 2022-03-31 14:15:48,595 INFO [NettyClientSelector_1][Slf4jLoggerFactory.java:95] - closeChannel: close the connection to remote address[] result: true
[wanxinp2p-account-service][${env:SERVER_PORT}] 2022-03-31 14:15:49,551 INFO [NettyClientSelector_1][Slf4jLoggerFactory.java:95] - closeChannel: close the connection to remote address[] result: true
[wanxinp2p-account-service][${env:SERVER_PORT}] 2022-03-31 14:15:59,801 INFO [hmilyTransaction-hmily-transaction-self-recovery-2][LogUtil.java:87] - self recovery execute delayTime:60
[wanxinp2p-account-service][${env:SERVER_PORT}] 2022-03-31 14:16:18,605 INFO [NettyClientSelector_1][Slf4jLoggerFactory.java:95] - closeChannel: close the connection to remote address[] result: true
[wanxinp2p-account-service][${env:SERVER_PORT}] 2022-03-31 14:16:19,556 INFO [NettyClientSelector_1][Slf4jLoggerFactory.java:95] - closeChannel: close the connection to remote address[] result: true
[wanxinp2p-account-service][${env:SERVER_PORT}] 2022-03-31 14:16:48,636 INFO [NettyClientSelector_1][Slf4jLoggerFactory.java:95] - closeChannel: close the connection to remote address[] result: true
[wanxinp2p-account-service][${env:SERVER_PORT}] 2022-03-31 14:16:49,560 INFO [NettyClientSelector_1][Slf4jLoggerFactory.java:95] - closeChannel: close the connection to remote address[] result: true
[wanxinp2p-account-service][${env:SERVER_PORT}] 2022-03-31 14:16:59,807 INFO [hmilyTransaction-hmily-transaction-self-recovery-2][LogUtil.java:87] - self recovery execute delayTime:60
[wanxinp2p-account-service][${env:SERVER_PORT}] 2022-03-31 14:17:18,640 INFO [NettyClientSelector_1][Slf4jLoggerFactory.java:95] - closeChannel: close the connection to remote address[] result: true
[wanxinp2p-account-service][${env:SERVER_PORT}] 2022-03-31 14:17:19,543 INFO [NettyClientSelector_1][Slf4jLoggerFactory.java:95] - closeChannel: close the connection to remote address[] result: true
[wanxinp2p-account-service][${env:SERVER_PORT}] 2022-03-31 14:17:48,597 INFO [NettyClientSelector_1][Slf4jLoggerFactory.java:95] - closeChannel: close the connection to remote address[] result: true
[wanxinp2p-account-service][${env:SERVER_PORT}] 2022-03-31 14:17:49,579 INFO [NettyClientSelector_1][Slf4jLoggerFactory.java:95] - closeChannel: close the connection to remote address[] result: true
[wanxinp2p-account-service][${env:SERVER_PORT}] 2022-03-31 14:17:59,811 INFO [hmilyTransaction-hmily-transaction-self-recovery-2][LogUtil.java:87] - self recovery execute delayTime:60
[wanxinp2p-account-service][${env:SERVER_PORT}] 2022-03-31 14:18:18,606 INFO [NettyClientSelector_1][Slf4jLoggerFactory.java:95] - closeChannel: close the connection to remote address[] result: true
[wanxinp2p-account-service][${env:SERVER_PORT}] 2022-03-31 14:18:19,575 INFO [NettyClientSelector_1][Slf4jLoggerFactory.java:95] - closeChannel: close the connection to remote address[] result: true
[wanxinp2p-account-service][${env:SERVER_PORT}] 2022-03-31 14:18:48,610 INFO [NettyClientSelector_1][Slf4jLoggerFactory.java:95] - closeChannel: close the connection to remote address[] result: true
[wanxinp2p-account-service][${env:SERVER_PORT}] 2022-03-31 14:18:49,564 INFO [NettyClientSelector_1][Slf4jLoggerFactory.java:95] - closeChannel: close the connection to remote address[] result: true
[wanxinp2p-account-service][${env:SERVER_PORT}] 2022-03-31 14:18:58,405 INFO [AsyncResolver-bootstrap-executor-0][ConfigClusterResolver.java:43] - Resolving eureka endpoints via configuration
[wanxinp2p-account-service][${env:SERVER_PORT}] 2022-03-31 14:18:59,826 INFO [hmilyTransaction-hmily-transaction-self-recovery-2][LogUtil.java:87] - self recovery execute delayTime:60
[wanxinp2p-account-service][${env:SERVER_PORT}] 2022-03-31 14:19:18,617 INFO [NettyClientSelector_1][Slf4jLoggerFactory.java:95] - closeChannel: close the connection to remote address[] result: true
[wanxinp2p-account-service][${env:SERVER_PORT}] 2022-03-31 14:19:19,552 INFO [NettyClientSelector_1][Slf4jLoggerFactory.java:95] - closeChannel: close the connection to remote address[] result: true
[wanxinp2p-account-service][${env:SERVER_PORT}] 2022-03-31 14:19:48,624 INFO [NettyClientSelector_1][Slf4jLoggerFactory.java:95] - closeChannel: close the connection to remote address[] result: true
[wanxinp2p-account-service][${env:SERVER_PORT}] 2022-03-31 14:19:49,558 INFO [NettyClientSelector_1][Slf4jLoggerFactory.java:95] - closeChannel: close the connection to remote address[] result: true
[wanxinp2p-account-service][${env:SERVER_PORT}] 2022-03-31 14:19:59,834 INFO [hmilyTransaction-hmily-transaction-self-recovery-2][LogUtil.java:87] - self recovery execute delayTime:60
[wanxinp2p-account-service][${env:SERVER_PORT}] 2022-03-31 14:20:18,620 INFO [NettyClientSelector_1][Slf4jLoggerFactory.java:95] - closeChannel: close the connection to remote address[] result: true
[wanxinp2p-account-service][${env:SERVER_PORT}] 2022-03-31 14:20:19,555 INFO [NettyClientSelector_1][Slf4jLoggerFactory.java:95] - closeChannel: close the connection to remote address[] result: true
[wanxinp2p-account-service][${env:SERVER_PORT}] 2022-03-31 14:20:48,589 INFO [NettyClientSelector_1][Slf4jLoggerFactory.java:95] - closeChannel: close the connection to remote address[] result: true
[wanxinp2p-account-service][${env:SERVER_PORT}] 2022-03-31 14:20:49,562 INFO [NettyClientSelector_1][Slf4jLoggerFactory.java:95] - closeChannel: close the connection to remote address[] result: true
[wanxinp2p-account-service][${env:SERVER_PORT}] 2022-03-31 14:20:59,840 INFO [hmilyTransaction-hmily-transaction-self-recovery-2][LogUtil.java:87] - self recovery execute delayTime:60
[wanxinp2p-account-service][${env:SERVER_PORT}] 2022-03-31 14:21:18,608 INFO [NettyClientSelector_1][Slf4jLoggerFactory.java:95] - closeChannel: close the connection to remote address[] result: true
[wanxinp2p-account-service][${env:SERVER_PORT}] 2022-03-31 14:21:19,543 INFO [NettyClientSelector_1][Slf4jLoggerFactory.java:95] - closeChannel: close the connection to remote address[] result: true
[wanxinp2p-account-service][${env:SERVER_PORT}] 2022-03-31 14:21:48,600 INFO [NettyClientSelector_1][Slf4jLoggerFactory.java:95] - closeChannel: close the connection to remote address[] result: true
[wanxinp2p-account-service][${env:SERVER_PORT}] 2022-03-31 14:21:49,572 INFO [NettyClientSelector_1][Slf4jLoggerFactory.java:95] - closeChannel: close the connection to remote address[] result: true
[wanxinp2p-account-service][${env:SERVER_PORT}] 2022-03-31 14:21:59,842 INFO [hmilyTransaction-hmily-transaction-self-recovery-2][LogUtil.java:87] - self recovery execute delayTime:60
[wanxinp2p-account-service][${env:SERVER_PORT}] 2022-03-31 14:22:18,587 INFO [NettyClientSelector_1][Slf4jLoggerFactory.java:95] - closeChannel: close the connection to remote address[] result: true
[wanxinp2p-account-service][${env:SERVER_PORT}] 2022-03-31 14:22:19,559 INFO [NettyClientSelector_1][Slf4jLoggerFactory.java:95] - closeChannel: close the connection to remote address[] result: true
[wanxinp2p-account-service][${env:SERVER_PORT}] 2022-03-31 14:22:48,611 INFO [NettyClientSelector_1][Slf4jLoggerFactory.java:95] - closeChannel: close the connection to remote address[] result: true
[wanxinp2p-account-service][${env:SERVER_PORT}] 2022-03-31 14:22:49,545 INFO [NettyClientSelector_1][Slf4jLoggerFactory.java:95] - closeChannel: close the connection to remote address[] result: true
[wanxinp2p-account-service][${env:SERVER_PORT}] 2022-03-31 14:22:59,851 INFO [hmilyTransaction-hmily-transaction-self-recovery-2][LogUtil.java:87] - self recovery execute delayTime:60
[wanxinp2p-account-service][${env:SERVER_PORT}] 2022-03-31 14:23:18,601 INFO [NettyClientSelector_1][Slf4jLoggerFactory.java:95] - closeChannel: close the connection to remote address[] result: true
[wanxinp2p-account-service][${env:SERVER_PORT}] 2022-03-31 14:23:19,557 INFO [NettyClientSelector_1][Slf4jLoggerFactory.java:95] - closeChannel: close the connection to remote address[] result: true
[wanxinp2p-account-service][${env:SERVER_PORT}] 2022-03-31 14:23:48,629 INFO [NettyClientSelector_1][Slf4jLoggerFactory.java:95] - closeChannel: close the connection to remote address[] result: true
[wanxinp2p-account-service][${env:SERVER_PORT}] 2022-03-31 14:23:49,588 INFO [NettyClientSelector_1][Slf4jLoggerFactory.java:95] - closeChannel: close the connection to remote address[] result: true
[wanxinp2p-account-service][${env:SERVER_PORT}] 2022-03-31 14:23:58,414 INFO [AsyncResolver-bootstrap-executor-0][ConfigClusterResolver.java:43] - Resolving eureka endpoints via configuration
[wanxinp2p-account-service][${env:SERVER_PORT}] 2022-03-31 14:23:59,871 INFO [hmilyTransaction-hmily-transaction-self-recovery-2][LogUtil.java:87] - self recovery execute delayTime:60
[wanxinp2p-account-service][${env:SERVER_PORT}] 2022-03-31 14:24:15,579 INFO [Thread-34][HmilyInitServiceImpl.java:66] - hmily shutdown now
[wanxinp2p-account-service][${env:SERVER_PORT}] 2022-03-31 14:24:15,579 INFO [Thread-47][EurekaServiceRegistry.java:65] - Unregistering application ACCOUNT-SERVICE with eureka with status DOWN
[wanxinp2p-account-service][${env:SERVER_PORT}] 2022-03-31 14:24:15,579 WARN [Thread-47][DiscoveryClient.java:1303] - Saw local status change event StatusChangeEvent [timestamp=1648707855579, current=DOWN, previous=UP]
[wanxinp2p-account-service][${env:SERVER_PORT}] 2022-03-31 14:24:15,579 INFO [DiscoveryClient-InstanceInfoReplicator-0][DiscoveryClient.java:826] - DiscoveryClient_ACCOUNT-SERVICE/account-service:192.168.1.8:53030: registering service...
[wanxinp2p-account-service][${env:SERVER_PORT}] 2022-03-31 14:24:15,595 INFO [DiscoveryClient-InstanceInfoReplicator-0][DiscoveryClient.java:835] - DiscoveryClient_ACCOUNT-SERVICE/account-service:192.168.1.8:53030 - registration status: 204
[wanxinp2p-account-service][${env:SERVER_PORT}] 2022-03-31 14:24:15,601 INFO [Thread-47][ExecutorConfigurationSupport.java:208] - Shutting down ExecutorService 'applicationTaskExecutor'
[wanxinp2p-account-service][${env:SERVER_PORT}] 2022-03-31 14:24:16,755 INFO [Thread-47][DruidDataSource.java:1885] - {dataSource-1} closing ...
[wanxinp2p-account-service][${env:SERVER_PORT}] 2022-03-31 14:24:16,755 INFO [Thread-47][DruidDataSource.java:1955] - {dataSource-1} closed
[wanxinp2p-account-service][${env:SERVER_PORT}] 2022-03-31 14:24:16,770 INFO [NettyClientSelector_1][Slf4jLoggerFactory.java:95] - closeChannel: close the connection to remote address[] result: true
[wanxinp2p-account-service][${env:SERVER_PORT}] 2022-03-31 14:24:16,770 INFO [Thread-47][DisposableBeanAdapter.java:265] - Invocation of destroy method failed on bean with name 'rocketMQTemplate': java.lang.IllegalStateException: Shutdown in progress
[wanxinp2p-account-service][${env:SERVER_PORT}] 2022-03-31 14:24:16,770 INFO [Thread-47][DisposableBeanAdapter.java:347] - Destroy method 'shutdown' on bean with name 'defaultMQProducer' threw an exception: java.lang.IllegalStateException: Shutdown in progress
[wanxinp2p-account-service][${env:SERVER_PORT}] 2022-03-31 14:24:16,770 INFO [Thread-47][DiscoveryClient.java:888] - Shutting down DiscoveryClient ...
[wanxinp2p-account-service][${env:SERVER_PORT}] 2022-03-31 14:24:19,780 INFO [Thread-47][DiscoveryClient.java:922] - Unregistering ...
[wanxinp2p-account-service][${env:SERVER_PORT}] 2022-03-31 14:24:19,795 INFO [Thread-47][DiscoveryClient.java:924] - DiscoveryClient_ACCOUNT-SERVICE/account-service:192.168.1.8:53030 - deregister  status: 200
[wanxinp2p-account-service][${env:SERVER_PORT}] 2022-03-31 14:24:19,795 INFO [Thread-47][DiscoveryClient.java:911] - Completed shut down of DiscoveryClient
[wanxinp2p-account-service][${env:SERVER_PORT}] 2022-03-31 14:24:31,240 INFO [main][DefaultApplicationProvider.java:85] - App ID is set to account-service by app.id property from System Property
[wanxinp2p-account-service][${env:SERVER_PORT}] 2022-03-31 14:24:31,256 INFO [main][DefaultServerProvider.java:108] - Environment is set to [dev] by JVM system property 'env'.
[wanxinp2p-account-service][${env:SERVER_PORT}] 2022-03-31 14:24:31,294 WARN [main][DefaultMetaServerProvider.java:39] - Could not find meta server address, because it is not available in neither (1) JVM system property 'apollo.meta', (2) OS env variable 'APOLLO_META' (3) property 'apollo.meta' from server.properties nor (4) property 'apollo.meta' from app.properties
[wanxinp2p-account-service][${env:SERVER_PORT}] 2022-03-31 14:24:31,294 INFO [main][MetaDomainConsts.java:93] - Located meta server address http://localhost:8080 for env DEV from com.ctrip.framework.apollo.core.internals.LegacyMetaServerProvider
[wanxinp2p-account-service][${env:SERVER_PORT}] 2022-03-31 14:24:32,025 INFO [main][SpringApplication.java:675] - No active profile set, falling back to default profiles: default
[wanxinp2p-account-service][${env:SERVER_PORT}] 2022-03-31 14:24:33,232 INFO [main][RepositoryConfigurationDelegate.java:244] - Multiple Spring Data modules found, entering strict repository configuration mode!
[wanxinp2p-account-service][${env:SERVER_PORT}] 2022-03-31 14:24:33,232 INFO [main][RepositoryConfigurationDelegate.java:126] - Bootstrapping Spring Data repositories in DEFAULT mode.
[wanxinp2p-account-service][${env:SERVER_PORT}] 2022-03-31 14:24:33,271 INFO [main][RepositoryConfigurationDelegate.java:182] - Finished Spring Data repository scanning in 24ms. Found 0 repository interfaces.
[wanxinp2p-account-service][${env:SERVER_PORT}] 2022-03-31 14:24:33,360 WARN [main][EndpointId.java:135] - Endpoint ID 'service-registry' contains invalid characters, please migrate to a valid format.
[wanxinp2p-account-service][${env:SERVER_PORT}] 2022-03-31 14:24:33,429 INFO [main][ConfigurationClassPostProcessor.java:380] - Cannot enhance @Configuration bean definition 'com.ctrip.framework.apollo.spring.boot.ApolloAutoConfiguration' since its singleton instance has been created too early. The typical cause is a non-static @Bean method with a BeanDefinitionRegistryPostProcessor return type: Consider declaring such methods as 'static'.
[wanxinp2p-account-service][${env:SERVER_PORT}] 2022-03-31 14:24:33,560 INFO [main][GenericScope.java:294] - BeanFactory id=a7e42d61-a702-31ce-bfc8-7435fba28751
[wanxinp2p-account-service][${env:SERVER_PORT}] 2022-03-31 14:24:33,582 WARN [main][PropertySourcesDeducer.java:75] - Multiple PropertySourcesPlaceholderConfigurer beans registered [propertySourcesPlaceholderConfigurer, org.springframework.context.support.PropertySourcesPlaceholderConfigurer], falling back to Environment
[wanxinp2p-account-service][${env:SERVER_PORT}] 2022-03-31 14:24:33,629 INFO [main][PostProcessorRegistrationDelegate.java:330] - Bean 'com.alibaba.druid.spring.boot.autoconfigure.stat.DruidSpringAopConfiguration' of type [com.alibaba.druid.spring.boot.autoconfigure.stat.DruidSpringAopConfiguration] is not eligible for getting processed by all BeanPostProcessors (for example: not eligible for auto-proxying)
[wanxinp2p-account-service][${env:SERVER_PORT}] 2022-03-31 14:24:33,629 INFO [main][PostProcessorRegistrationDelegate.java:330] - Bean 'org.apache.rocketmq.spring.autoconfigure.RocketMQAutoConfiguration' of type [org.apache.rocketmq.spring.autoconfigure.RocketMQAutoConfiguration$$EnhancerBySpringCGLIB$$68eeeaa9] is not eligible for getting processed by all BeanPostProcessors (for example: not eligible for auto-proxying)
[wanxinp2p-account-service][${env:SERVER_PORT}] 2022-03-31 14:24:33,645 INFO [main][PostProcessorRegistrationDelegate.java:330] - Bean 'rocketmq-org.apache.rocketmq.spring.autoconfigure.RocketMQProperties' of type [org.apache.rocketmq.spring.autoconfigure.RocketMQProperties] is not eligible for getting processed by all BeanPostProcessors (for example: not eligible for auto-proxying)
[wanxinp2p-account-service][${env:SERVER_PORT}] 2022-03-31 14:24:34,322 INFO [main][PostProcessorRegistrationDelegate.java:330] - Bean 'defaultMQProducer' of type [org.apache.rocketmq.client.producer.DefaultMQProducer] is not eligible for getting processed by all BeanPostProcessors (for example: not eligible for auto-proxying)
[wanxinp2p-account-service][${env:SERVER_PORT}] 2022-03-31 14:24:34,322 INFO [main][PostProcessorRegistrationDelegate.java:330] - Bean 'org.springframework.boot.autoconfigure.jackson.JacksonAutoConfiguration$JacksonObjectMapperConfiguration' of type [org.springframework.boot.autoconfigure.jackson.JacksonAutoConfiguration$JacksonObjectMapperConfiguration$$EnhancerBySpringCGLIB$$9bec5b3e] is not eligible for getting processed by all BeanPostProcessors (for example: not eligible for auto-proxying)
[wanxinp2p-account-service][${env:SERVER_PORT}] 2022-03-31 14:24:34,322 INFO [main][PostProcessorRegistrationDelegate.java:330] - Bean 'org.springframework.boot.autoconfigure.jackson.JacksonAutoConfiguration$JacksonObjectMapperBuilderConfiguration' of type [org.springframework.boot.autoconfigure.jackson.JacksonAutoConfiguration$JacksonObjectMapperBuilderConfiguration$$EnhancerBySpringCGLIB$$4e391d57] is not eligible for getting processed by all BeanPostProcessors (for example: not eligible for auto-proxying)
[wanxinp2p-account-service][${env:SERVER_PORT}] 2022-03-31 14:24:34,322 INFO [main][PostProcessorRegistrationDelegate.java:330] - Bean 'org.springframework.boot.autoconfigure.jackson.JacksonAutoConfiguration$Jackson2ObjectMapperBuilderCustomizerConfiguration' of type [org.springframework.boot.autoconfigure.jackson.JacksonAutoConfiguration$Jackson2ObjectMapperBuilderCustomizerConfiguration$$EnhancerBySpringCGLIB$$9500346] is not eligible for getting processed by all BeanPostProcessors (for example: not eligible for auto-proxying)
[wanxinp2p-account-service][${env:SERVER_PORT}] 2022-03-31 14:24:34,337 INFO [main][PostProcessorRegistrationDelegate.java:330] - Bean 'spring.jackson-org.springframework.boot.autoconfigure.jackson.JacksonProperties' of type [org.springframework.boot.autoconfigure.jackson.JacksonProperties] is not eligible for getting processed by all BeanPostProcessors (for example: not eligible for auto-proxying)
[wanxinp2p-account-service][${env:SERVER_PORT}] 2022-03-31 14:24:34,337 INFO [main][PostProcessorRegistrationDelegate.java:330] - Bean 'standardJacksonObjectMapperBuilderCustomizer' of type [org.springframework.boot.autoconfigure.jackson.JacksonAutoConfiguration$Jackson2ObjectMapperBuilderCustomizerConfiguration$StandardJackson2ObjectMapperBuilderCustomizer] is not eligible for getting processed by all BeanPostProcessors (for example: not eligible for auto-proxying)
[wanxinp2p-account-service][${env:SERVER_PORT}] 2022-03-31 14:24:34,337 INFO [main][PostProcessorRegistrationDelegate.java:330] - Bean 'org.springframework.boot.autoconfigure.jackson.JacksonAutoConfiguration$ParameterNamesModuleConfiguration' of type [org.springframework.boot.autoconfigure.jackson.JacksonAutoConfiguration$ParameterNamesModuleConfiguration$$EnhancerBySpringCGLIB$$301b7a74] is not eligible for getting processed by all BeanPostProcessors (for example: not eligible for auto-proxying)
[wanxinp2p-account-service][${env:SERVER_PORT}] 2022-03-31 14:24:34,337 INFO [main][PostProcessorRegistrationDelegate.java:330] - Bean 'parameterNamesModule' of type [com.fasterxml.jackson.module.paramnames.ParameterNamesModule] is not eligible for getting processed by all BeanPostProcessors (for example: not eligible for auto-proxying)
[wanxinp2p-account-service][${env:SERVER_PORT}] 2022-03-31 14:24:34,337 INFO [main][PostProcessorRegistrationDelegate.java:330] - Bean 'org.springframework.boot.autoconfigure.jackson.JacksonAutoConfiguration' of type [org.springframework.boot.autoconfigure.jackson.JacksonAutoConfiguration$$EnhancerBySpringCGLIB$$7df7f8cd] is not eligible for getting processed by all BeanPostProcessors (for example: not eligible for auto-proxying)
[wanxinp2p-account-service][${env:SERVER_PORT}] 2022-03-31 14:24:34,369 INFO [main][PostProcessorRegistrationDelegate.java:330] - Bean 'jsonComponentModule' of type [org.springframework.boot.jackson.JsonComponentModule] is not eligible for getting processed by all BeanPostProcessors (for example: not eligible for auto-proxying)
[wanxinp2p-account-service][${env:SERVER_PORT}] 2022-03-31 14:24:34,385 INFO [main][PostProcessorRegistrationDelegate.java:330] - Bean 'org.springframework.data.web.config.SpringDataJacksonConfiguration' of type [org.springframework.data.web.config.SpringDataJacksonConfiguration] is not eligible for getting processed by all BeanPostProcessors (for example: not eligible for auto-proxying)
[wanxinp2p-account-service][${env:SERVER_PORT}] 2022-03-31 14:24:34,385 INFO [main][PostProcessorRegistrationDelegate.java:330] - Bean 'jacksonGeoModule' of type [org.springframework.data.geo.GeoModule] is not eligible for getting processed by all BeanPostProcessors (for example: not eligible for auto-proxying)
[wanxinp2p-account-service][${env:SERVER_PORT}] 2022-03-31 14:24:34,385 INFO [main][PostProcessorRegistrationDelegate.java:330] - Bean 'jacksonObjectMapperBuilder' of type [org.springframework.http.converter.json.Jackson2ObjectMapperBuilder] is not eligible for getting processed by all BeanPostProcessors (for example: not eligible for auto-proxying)
[wanxinp2p-account-service][${env:SERVER_PORT}] 2022-03-31 14:24:34,400 INFO [main][PostProcessorRegistrationDelegate.java:330] - Bean 'jacksonObjectMapper' of type [com.fasterxml.jackson.databind.ObjectMapper] is not eligible for getting processed by all BeanPostProcessors (for example: not eligible for auto-proxying)
[wanxinp2p-account-service][${env:SERVER_PORT}] 2022-03-31 14:24:36,213 INFO [main][PostProcessorRegistrationDelegate.java:330] - Bean 'rocketMQTemplate' of type [org.apache.rocketmq.spring.core.RocketMQTemplate] is not eligible for getting processed by all BeanPostProcessors (for example: not eligible for auto-proxying)
[wanxinp2p-account-service][${env:SERVER_PORT}] 2022-03-31 14:24:36,215 INFO [main][PostProcessorRegistrationDelegate.java:330] - Bean 'transactionHandlerRegistry' of type [org.apache.rocketmq.spring.config.TransactionHandlerRegistry] is not eligible for getting processed by all BeanPostProcessors (for example: not eligible for auto-proxying)
[wanxinp2p-account-service][${env:SERVER_PORT}] 2022-03-31 14:24:36,248 INFO [main][PostProcessorRegistrationDelegate.java:330] - Bean 'org.springframework.transaction.annotation.ProxyTransactionManagementConfiguration' of type [org.springframework.transaction.annotation.ProxyTransactionManagementConfiguration$$EnhancerBySpringCGLIB$$4058dbad] is not eligible for getting processed by all BeanPostProcessors (for example: not eligible for auto-proxying)
[wanxinp2p-account-service][${env:SERVER_PORT}] 2022-03-31 14:24:36,389 INFO [main][PostProcessorRegistrationDelegate.java:330] - Bean 'spring.datasource.druid-com.alibaba.druid.spring.boot.autoconfigure.properties.DruidStatProperties' of type [com.alibaba.druid.spring.boot.autoconfigure.properties.DruidStatProperties] is not eligible for getting processed by all BeanPostProcessors (for example: not eligible for auto-proxying)
[wanxinp2p-account-service][${env:SERVER_PORT}] 2022-03-31 14:24:36,405 INFO [main][PostProcessorRegistrationDelegate.java:330] - Bean 'advisor' of type [org.springframework.aop.support.RegexpMethodPointcutAdvisor] is not eligible for getting processed by all BeanPostProcessors (for example: not eligible for auto-proxying)
[wanxinp2p-account-service][${env:SERVER_PORT}] 2022-03-31 14:24:36,405 INFO [main][PostProcessorRegistrationDelegate.java:330] - Bean 'hmilyFeignConfiguration' of type [org.dromara.hmily.springcloud.configuration.HmilyFeignConfiguration$$EnhancerBySpringCGLIB$$6ea9f479] is not eligible for getting processed by all BeanPostProcessors (for example: not eligible for auto-proxying)
[wanxinp2p-account-service][${env:SERVER_PORT}] 2022-03-31 14:24:36,421 INFO [main][PostProcessorRegistrationDelegate.java:330] - Bean 'org.springframework.cloud.autoconfigure.ConfigurationPropertiesRebinderAutoConfiguration' of type [org.springframework.cloud.autoconfigure.ConfigurationPropertiesRebinderAutoConfiguration$$EnhancerBySpringCGLIB$$5c72deaa] is not eligible for getting processed by all BeanPostProcessors (for example: not eligible for auto-proxying)
[wanxinp2p-account-service][${env:SERVER_PORT}] 2022-03-31 14:24:36,722 INFO [main][TomcatWebServer.java:90] - Tomcat initialized with port(s): 53030 (http)
[wanxinp2p-account-service][${env:SERVER_PORT}] 2022-03-31 14:24:36,740 INFO [main][DirectJDKLog.java:173] - Initializing ProtocolHandler ["http-nio-53030"]
[wanxinp2p-account-service][${env:SERVER_PORT}] 2022-03-31 14:24:36,747 INFO [main][DirectJDKLog.java:173] - Starting service [Tomcat]
[wanxinp2p-account-service][${env:SERVER_PORT}] 2022-03-31 14:24:36,748 INFO [main][DirectJDKLog.java:173] - Starting Servlet engine: [Apache Tomcat/9.0.16]
[wanxinp2p-account-service][${env:SERVER_PORT}] 2022-03-31 14:24:36,749 INFO [main][DirectJDKLog.java:173] - The APR based Apache Tomcat Native library which allows optimal performance in production environments was not found on the java.library.path: [E:\BREW\IT\JDK\bin;C:\Windows\Sun\Java\bin;C:\Windows\system32;C:\Windows;C:\Windows\system32;C:\Windows;C:\Windows\System32\Wbem;C:\Windows\System32\WindowsPowerShell\v1.0\;C:\Windows\System32\OpenSSH\;E:\BREW\IT\TortoiseGit\bin;E:\BREW\IT\TortoiseSVN\bin;E:\BREW\IT\JDK\bin;E:\BREW\IT\MAVEN\apache-maven-3.8.4\bin;E:\BREW\IT\Git\Git\cmd;E:\BREW\IT\MYSQL80\mysql-8.0.28-winx64\bin;C:\Users\Administrator\AppData\Local\Microsoft\WindowsApps;;E:\BREW\IT\IDEA\IntelliJ IDEA 2021.3.2\bin;;.]
[wanxinp2p-account-service][${env:SERVER_PORT}] 2022-03-31 14:24:37,022 INFO [main][DirectJDKLog.java:173] - Initializing Spring embedded WebApplicationContext
[wanxinp2p-account-service][${env:SERVER_PORT}] 2022-03-31 14:24:37,022 INFO [main][ServletWebServerApplicationContext.java:296] - Root WebApplicationContext: initialization completed in 4981 ms
[wanxinp2p-account-service][${env:SERVER_PORT}] 2022-03-31 14:24:37,169 WARN [main][URLConfigurationSource.java:121] - No URLs will be polled as dynamic configuration sources.
[wanxinp2p-account-service][${env:SERVER_PORT}] 2022-03-31 14:24:37,169 INFO [main][URLConfigurationSource.java:122] - To enable URLs as dynamic configuration sources, define System property archaius.configurationSource.additionalUrls or make config.properties available on classpath.
[wanxinp2p-account-service][${env:SERVER_PORT}] 2022-03-31 14:24:37,184 INFO [main][DynamicPropertyFactory.java:281] - DynamicPropertyFactory is initialized with configuration sources: com.netflix.config.ConcurrentCompositeConfiguration@4e0802e0
[wanxinp2p-account-service][${env:SERVER_PORT}] 2022-03-31 14:24:37,291 INFO [main][DruidDataSourceAutoConfigure.java:56] - Init DruidDataSource
[wanxinp2p-account-service][${env:SERVER_PORT}] 2022-03-31 14:24:38,140 INFO [main][DruidDataSource.java:1002] - {dataSource-1} inited
[wanxinp2p-account-service][${env:SERVER_PORT}] 2022-03-31 14:24:38,340 INFO [NettyClientSelector_1][Slf4jLoggerFactory.java:95] - closeChannel: close the connection to remote address[] result: true
[wanxinp2p-account-service][${env:SERVER_PORT}] 2022-03-31 14:24:38,340 INFO [NettyClientSelector_1][Slf4jLoggerFactory.java:95] - closeChannel: close the connection to remote address[] result: true
[wanxinp2p-account-service][${env:SERVER_PORT}] 2022-03-31 14:24:39,491 INFO [main][HikariDataSource.java:110] - HikariPool-1 - Starting...
[wanxinp2p-account-service][${env:SERVER_PORT}] 2022-03-31 14:24:39,528 INFO [main][HikariDataSource.java:123] - HikariPool-1 - Start completed.
[wanxinp2p-account-service][${env:SERVER_PORT}] 2022-03-31 14:24:39,560 INFO [main][HmilyLogo.java:49] - 


    __  __          _ __     
   / / / /___ ___  (_) /_  __
  / /_/ / __ `__ \/ / / / / /
 / __  / / / / / / / / /_/ / 
/_/ /_/_/ /_/ /_/_/_/\__, /  
                    /____/   

 :: Hmily :: (v2.0.5-RELEASE)

[wanxinp2p-account-service][${env:SERVER_PORT}] 2022-03-31 14:24:39,560 INFO [main][AutowiredAnnotationBeanPostProcessor.java:342] - Inconsistent constructor declaration on bean with name 'hmilyTransactionSelfRecoveryScheduled': single autowire-marked constructor flagged as optional - this constructor is effectively required since there is no default constructor to fall back to: public org.dromara.hmily.core.schedule.HmilyTransactionSelfRecoveryScheduled(org.dromara.hmily.common.config.HmilyConfig)
[wanxinp2p-account-service][${env:SERVER_PORT}] 2022-03-31 14:24:40,247 INFO [main][EndpointLinksResolver.java:59] - Exposing 2 endpoint(s) beneath base path '/actuator'
[wanxinp2p-account-service][${env:SERVER_PORT}] 2022-03-31 14:24:40,346 INFO [main][PropertySourcedRequestMappingHandlerMapping.java:69] - Mapped URL path [/v2/api-docs] onto method [public org.springframework.http.ResponseEntity<springfox.documentation.spring.web.json.Json> springfox.documentation.swagger2.web.Swagger2Controller.getDocumentation(java.lang.String,javax.servlet.http.HttpServletRequest)]
[wanxinp2p-account-service][${env:SERVER_PORT}] 2022-03-31 14:24:40,361 WARN [main][URLConfigurationSource.java:121] - No URLs will be polled as dynamic configuration sources.
[wanxinp2p-account-service][${env:SERVER_PORT}] 2022-03-31 14:24:40,361 INFO [main][URLConfigurationSource.java:122] - To enable URLs as dynamic configuration sources, define System property archaius.configurationSource.additionalUrls or make config.properties available on classpath.
[wanxinp2p-account-service][${env:SERVER_PORT}] 2022-03-31 14:24:40,477 INFO [main][ExecutorConfigurationSupport.java:171] - Initializing ExecutorService 'applicationTaskExecutor'
[wanxinp2p-account-service][${env:SERVER_PORT}] 2022-03-31 14:24:41,759 INFO [main][InstanceInfoFactory.java:71] - Setting initial instance status as: STARTING
[wanxinp2p-account-service][${env:SERVER_PORT}] 2022-03-31 14:24:41,799 INFO [main][DiscoveryClient.java:349] - Initializing Eureka in region us-east-1
[wanxinp2p-account-service][${env:SERVER_PORT}] 2022-03-31 14:24:41,881 INFO [main][DiscoveryJerseyProvider.java:70] - Using JSON encoding codec LegacyJacksonJson
[wanxinp2p-account-service][${env:SERVER_PORT}] 2022-03-31 14:24:41,882 INFO [main][DiscoveryJerseyProvider.java:71] - Using JSON decoding codec LegacyJacksonJson
[wanxinp2p-account-service][${env:SERVER_PORT}] 2022-03-31 14:24:42,021 INFO [main][DiscoveryJerseyProvider.java:80] - Using XML encoding codec XStreamXml
[wanxinp2p-account-service][${env:SERVER_PORT}] 2022-03-31 14:24:42,021 INFO [main][DiscoveryJerseyProvider.java:81] - Using XML decoding codec XStreamXml
[wanxinp2p-account-service][${env:SERVER_PORT}] 2022-03-31 14:24:42,306 INFO [main][ConfigClusterResolver.java:43] - Resolving eureka endpoints via configuration
[wanxinp2p-account-service][${env:SERVER_PORT}] 2022-03-31 14:24:42,703 INFO [main][DiscoveryClient.java:958] - Disable delta property : false
[wanxinp2p-account-service][${env:SERVER_PORT}] 2022-03-31 14:24:42,703 INFO [main][DiscoveryClient.java:959] - Single vip registry refresh property : null
[wanxinp2p-account-service][${env:SERVER_PORT}] 2022-03-31 14:24:42,703 INFO [main][DiscoveryClient.java:960] - Force full registry fetch : false
[wanxinp2p-account-service][${env:SERVER_PORT}] 2022-03-31 14:24:42,703 INFO [main][DiscoveryClient.java:961] - Application is null : false
[wanxinp2p-account-service][${env:SERVER_PORT}] 2022-03-31 14:24:42,703 INFO [main][DiscoveryClient.java:962] - Registered Applications size is zero : true
[wanxinp2p-account-service][${env:SERVER_PORT}] 2022-03-31 14:24:42,703 INFO [main][DiscoveryClient.java:964] - Application version is -1: true
[wanxinp2p-account-service][${env:SERVER_PORT}] 2022-03-31 14:24:42,703 INFO [main][DiscoveryClient.java:1047] - Getting all instance registry info from the eureka server
[wanxinp2p-account-service][${env:SERVER_PORT}] 2022-03-31 14:24:42,871 INFO [main][DiscoveryClient.java:1056] - The response status is 200
[wanxinp2p-account-service][${env:SERVER_PORT}] 2022-03-31 14:24:42,871 INFO [main][DiscoveryClient.java:1270] - Starting heartbeat executor: renew interval is: 30
[wanxinp2p-account-service][${env:SERVER_PORT}] 2022-03-31 14:24:42,887 INFO [main][InstanceInfoReplicator.java:60] - InstanceInfoReplicator onDemand update allowed rate per min is 4
[wanxinp2p-account-service][${env:SERVER_PORT}] 2022-03-31 14:24:42,887 INFO [main][DiscoveryClient.java:449] - Discovery Client initialized at timestamp 1648707882887 with initial instances count: 4
[wanxinp2p-account-service][${env:SERVER_PORT}] 2022-03-31 14:24:42,892 INFO [main][EurekaServiceRegistry.java:42] - Registering application ACCOUNT-SERVICE with eureka with status UP
[wanxinp2p-account-service][${env:SERVER_PORT}] 2022-03-31 14:24:42,892 INFO [main][DiscoveryClient.java:1305] - Saw local status change event StatusChangeEvent [timestamp=1648707882892, current=UP, previous=STARTING]
[wanxinp2p-account-service][${env:SERVER_PORT}] 2022-03-31 14:24:42,892 INFO [main][DocumentationPluginsBootstrapper.java:160] - Context refreshed
[wanxinp2p-account-service][${env:SERVER_PORT}] 2022-03-31 14:24:42,892 INFO [DiscoveryClient-InstanceInfoReplicator-0][DiscoveryClient.java:826] - DiscoveryClient_ACCOUNT-SERVICE/account-service:192.168.1.8:53030: registering service...
[wanxinp2p-account-service][${env:SERVER_PORT}] 2022-03-31 14:24:42,892 INFO [main][DocumentationPluginsBootstrapper.java:163] - Found 1 custom documentation plugin(s)
[wanxinp2p-account-service][${env:SERVER_PORT}] 2022-03-31 14:24:42,933 INFO [DiscoveryClient-InstanceInfoReplicator-0][DiscoveryClient.java:835] - DiscoveryClient_ACCOUNT-SERVICE/account-service:192.168.1.8:53030 - registration status: 204
[wanxinp2p-account-service][${env:SERVER_PORT}] 2022-03-31 14:24:42,939 INFO [main][ApiListingReferenceScanner.java:41] - Scanning for api listing references
[wanxinp2p-account-service][${env:SERVER_PORT}] 2022-03-31 14:24:43,072 INFO [main][DirectJDKLog.java:173] - Starting ProtocolHandler ["http-nio-53030"]
[wanxinp2p-account-service][${env:SERVER_PORT}] 2022-03-31 14:24:43,093 INFO [main][TomcatWebServer.java:204] - Tomcat started on port(s): 53030 (http) with context path '/account'
[wanxinp2p-account-service][${env:SERVER_PORT}] 2022-03-31 14:24:43,093 INFO [main][EurekaAutoServiceRegistration.java:141] - Updating port to 53030
[wanxinp2p-account-service][${env:SERVER_PORT}] 2022-03-31 14:24:43,093 INFO [main][StartupInfoLogger.java:59] - Started AccountApplication in 13.996 seconds (JVM running for 16.299)
[wanxinp2p-account-service][${env:SERVER_PORT}] 2022-03-31 14:24:43,693 INFO [RMI TCP Connection(4)-192.168.1.8][DirectJDKLog.java:173] - Initializing Spring DispatcherServlet 'dispatcherServlet'
[wanxinp2p-account-service][${env:SERVER_PORT}] 2022-03-31 14:24:43,693 INFO [RMI TCP Connection(4)-192.168.1.8][FrameworkServlet.java:524] - Initializing Servlet 'dispatcherServlet'
[wanxinp2p-account-service][${env:SERVER_PORT}] 2022-03-31 14:24:43,715 INFO [RMI TCP Connection(4)-192.168.1.8][FrameworkServlet.java:546] - Completed initialization in 22 ms
[wanxinp2p-account-service][${env:SERVER_PORT}] 2022-03-31 14:25:07,496 INFO [NettyClientSelector_1][Slf4jLoggerFactory.java:95] - closeChannel: close the connection to remote address[] result: true
[wanxinp2p-account-service][${env:SERVER_PORT}] 2022-03-31 14:25:08,286 INFO [NettyClientSelector_1][Slf4jLoggerFactory.java:95] - closeChannel: close the connection to remote address[] result: true
[wanxinp2p-account-service][${env:SERVER_PORT}] 2022-03-31 14:25:37,471 INFO [NettyClientSelector_1][Slf4jLoggerFactory.java:95] - closeChannel: close the connection to remote address[] result: true
[wanxinp2p-account-service][${env:SERVER_PORT}] 2022-03-31 14:25:38,274 INFO [NettyClientSelector_1][Slf4jLoggerFactory.java:95] - closeChannel: close the connection to remote address[] result: true
[wanxinp2p-account-service][${env:SERVER_PORT}] 2022-03-31 14:26:07,491 INFO [NettyClientSelector_1][Slf4jLoggerFactory.java:95] - closeChannel: close the connection to remote address[] result: true
[wanxinp2p-account-service][${env:SERVER_PORT}] 2022-03-31 14:26:08,257 INFO [NettyClientSelector_1][Slf4jLoggerFactory.java:95] - closeChannel: close the connection to remote address[] result: true
[wanxinp2p-account-service][${env:SERVER_PORT}] 2022-03-31 14:26:37,488 INFO [NettyClientSelector_1][Slf4jLoggerFactory.java:95] - closeChannel: close the connection to remote address[] result: true
[wanxinp2p-account-service][${env:SERVER_PORT}] 2022-03-31 14:26:38,253 INFO [NettyClientSelector_1][Slf4jLoggerFactory.java:95] - closeChannel: close the connection to remote address[] result: true
[wanxinp2p-account-service][${env:SERVER_PORT}] 2022-03-31 14:26:43,092 INFO [hmilyTransaction-hmily-transaction-self-recovery-2][LogUtil.java:87] - self recovery execute delayTime:60
[wanxinp2p-account-service][${env:SERVER_PORT}] 2022-03-31 14:27:07,503 INFO [NettyClientSelector_1][Slf4jLoggerFactory.java:95] - closeChannel: close the connection to remote address[] result: true
[wanxinp2p-account-service][${env:SERVER_PORT}] 2022-03-31 14:27:08,292 INFO [NettyClientSelector_1][Slf4jLoggerFactory.java:95] - closeChannel: close the connection to remote address[] result: true
[wanxinp2p-account-service][${env:SERVER_PORT}] 2022-03-31 14:27:37,502 INFO [NettyClientSelector_1][Slf4jLoggerFactory.java:95] - closeChannel: close the connection to remote address[] result: true
[wanxinp2p-account-service][${env:SERVER_PORT}] 2022-03-31 14:27:38,283 INFO [NettyClientSelector_1][Slf4jLoggerFactory.java:95] - closeChannel: close the connection to remote address[] result: true
[wanxinp2p-account-service][${env:SERVER_PORT}] 2022-03-31 14:27:43,107 INFO [hmilyTransaction-hmily-transaction-self-recovery-2][LogUtil.java:87] - self recovery execute delayTime:60
[wanxinp2p-account-service][${env:SERVER_PORT}] 2022-03-31 14:28:07,486 INFO [NettyClientSelector_1][Slf4jLoggerFactory.java:95] - closeChannel: close the connection to remote address[] result: true
[wanxinp2p-account-service][${env:SERVER_PORT}] 2022-03-31 14:28:08,288 INFO [NettyClientSelector_1][Slf4jLoggerFactory.java:95] - closeChannel: close the connection to remote address[] result: true
[wanxinp2p-account-service][${env:SERVER_PORT}] 2022-03-31 14:28:37,472 INFO [NettyClientSelector_1][Slf4jLoggerFactory.java:95] - closeChannel: close the connection to remote address[] result: true
[wanxinp2p-account-service][${env:SERVER_PORT}] 2022-03-31 14:28:38,284 INFO [NettyClientSelector_1][Slf4jLoggerFactory.java:95] - closeChannel: close the connection to remote address[] result: true
[wanxinp2p-account-service][${env:SERVER_PORT}] 2022-03-31 14:28:43,117 INFO [hmilyTransaction-hmily-transaction-self-recovery-2][LogUtil.java:87] - self recovery execute delayTime:60
[wanxinp2p-account-service][${env:SERVER_PORT}] 2022-03-31 14:29:07,493 INFO [NettyClientSelector_1][Slf4jLoggerFactory.java:95] - closeChannel: close the connection to remote address[] result: true
[wanxinp2p-account-service][${env:SERVER_PORT}] 2022-03-31 14:29:08,284 INFO [NettyClientSelector_1][Slf4jLoggerFactory.java:95] - closeChannel: close the connection to remote address[] result: true
[wanxinp2p-account-service][${env:SERVER_PORT}] 2022-03-31 14:29:37,474 INFO [NettyClientSelector_1][Slf4jLoggerFactory.java:95] - closeChannel: close the connection to remote address[] result: true
[wanxinp2p-account-service][${env:SERVER_PORT}] 2022-03-31 14:29:38,265 INFO [NettyClientSelector_1][Slf4jLoggerFactory.java:95] - closeChannel: close the connection to remote address[] result: true
[wanxinp2p-account-service][${env:SERVER_PORT}] 2022-03-31 14:29:42,713 INFO [AsyncResolver-bootstrap-executor-0][ConfigClusterResolver.java:43] - Resolving eureka endpoints via configuration
[wanxinp2p-account-service][${env:SERVER_PORT}] 2022-03-31 14:29:43,134 INFO [hmilyTransaction-hmily-transaction-self-recovery-2][LogUtil.java:87] - self recovery execute delayTime:60
[wanxinp2p-account-service][${env:SERVER_PORT}] 2022-03-31 14:30:07,504 INFO [NettyClientSelector_1][Slf4jLoggerFactory.java:95] - closeChannel: close the connection to remote address[] result: true
[wanxinp2p-account-service][${env:SERVER_PORT}] 2022-03-31 14:30:08,268 INFO [NettyClientSelector_1][Slf4jLoggerFactory.java:95] - closeChannel: close the connection to remote address[] result: true
[wanxinp2p-account-service][${env:SERVER_PORT}] 2022-03-31 14:30:37,475 INFO [NettyClientSelector_1][Slf4jLoggerFactory.java:95] - closeChannel: close the connection to remote address[] result: true
[wanxinp2p-account-service][${env:SERVER_PORT}] 2022-03-31 14:30:38,274 INFO [NettyClientSelector_1][Slf4jLoggerFactory.java:95] - closeChannel: close the connection to remote address[] result: true
[wanxinp2p-account-service][${env:SERVER_PORT}] 2022-03-31 14:30:43,154 INFO [hmilyTransaction-hmily-transaction-self-recovery-2][LogUtil.java:87] - self recovery execute delayTime:60
[wanxinp2p-account-service][${env:SERVER_PORT}] 2022-03-31 14:31:07,491 INFO [NettyClientSelector_1][Slf4jLoggerFactory.java:95] - closeChannel: close the connection to remote address[] result: true
[wanxinp2p-account-service][${env:SERVER_PORT}] 2022-03-31 14:31:08,261 INFO [NettyClientSelector_1][Slf4jLoggerFactory.java:95] - closeChannel: close the connection to remote address[] result: true
[wanxinp2p-account-service][${env:SERVER_PORT}] 2022-03-31 14:31:37,481 INFO [NettyClientSelector_1][Slf4jLoggerFactory.java:95] - closeChannel: close the connection to remote address[] result: true
[wanxinp2p-account-service][${env:SERVER_PORT}] 2022-03-31 14:31:38,273 INFO [NettyClientSelector_1][Slf4jLoggerFactory.java:95] - closeChannel: close the connection to remote address[] result: true
[wanxinp2p-account-service][${env:SERVER_PORT}] 2022-03-31 14:31:43,156 INFO [hmilyTransaction-hmily-transaction-self-recovery-2][LogUtil.java:87] - self recovery execute delayTime:60
[wanxinp2p-account-service][${env:SERVER_PORT}] 2022-03-31 14:32:07,486 INFO [NettyClientSelector_1][Slf4jLoggerFactory.java:95] - closeChannel: close the connection to remote address[] result: true
[wanxinp2p-account-service][${env:SERVER_PORT}] 2022-03-31 14:32:08,241 INFO [NettyClientSelector_1][Slf4jLoggerFactory.java:95] - closeChannel: close the connection to remote address[] result: true
[wanxinp2p-account-service][${env:SERVER_PORT}] 2022-03-31 14:32:37,476 INFO [NettyClientSelector_1][Slf4jLoggerFactory.java:95] - closeChannel: close the connection to remote address[] result: true
[wanxinp2p-account-service][${env:SERVER_PORT}] 2022-03-31 14:32:38,257 INFO [NettyClientSelector_1][Slf4jLoggerFactory.java:95] - closeChannel: close the connection to remote address[] result: true
[wanxinp2p-account-service][${env:SERVER_PORT}] 2022-03-31 14:32:43,171 INFO [hmilyTransaction-hmily-transaction-self-recovery-2][LogUtil.java:87] - self recovery execute delayTime:60
[wanxinp2p-account-service][${env:SERVER_PORT}] 2022-03-31 14:33:07,487 INFO [NettyClientSelector_1][Slf4jLoggerFactory.java:95] - closeChannel: close the connection to remote address[] result: true
[wanxinp2p-account-service][${env:SERVER_PORT}] 2022-03-31 14:33:08,256 INFO [NettyClientSelector_1][Slf4jLoggerFactory.java:95] - closeChannel: close the connection to remote address[] result: true
[wanxinp2p-account-service][${env:SERVER_PORT}] 2022-03-31 14:33:37,464 INFO [NettyClientSelector_1][Slf4jLoggerFactory.java:95] - closeChannel: close the connection to remote address[] result: true
[wanxinp2p-account-service][${env:SERVER_PORT}] 2022-03-31 14:33:38,267 INFO [NettyClientSelector_1][Slf4jLoggerFactory.java:95] - closeChannel: close the connection to remote address[] result: true
[wanxinp2p-account-service][${env:SERVER_PORT}] 2022-03-31 14:33:43,181 INFO [hmilyTransaction-hmily-transaction-self-recovery-2][LogUtil.java:87] - self recovery execute delayTime:60
[wanxinp2p-account-service][${env:SERVER_PORT}] 2022-03-31 14:34:07,442 INFO [NettyClientSelector_1][Slf4jLoggerFactory.java:95] - closeChannel: close the connection to remote address[] result: true
[wanxinp2p-account-service][${env:SERVER_PORT}] 2022-03-31 14:34:08,261 INFO [NettyClientSelector_1][Slf4jLoggerFactory.java:95] - closeChannel: close the connection to remote address[] result: true
[wanxinp2p-account-service][${env:SERVER_PORT}] 2022-03-31 14:34:37,481 INFO [NettyClientSelector_1][Slf4jLoggerFactory.java:95] - closeChannel: close the connection to remote address[] result: true
[wanxinp2p-account-service][${env:SERVER_PORT}] 2022-03-31 14:34:38,261 INFO [NettyClientSelector_1][Slf4jLoggerFactory.java:95] - closeChannel: close the connection to remote address[] result: true
[wanxinp2p-account-service][${env:SERVER_PORT}] 2022-03-31 14:34:42,717 INFO [AsyncResolver-bootstrap-executor-0][ConfigClusterResolver.java:43] - Resolving eureka endpoints via configuration
[wanxinp2p-account-service][${env:SERVER_PORT}] 2022-03-31 14:34:43,186 INFO [hmilyTransaction-hmily-transaction-self-recovery-2][LogUtil.java:87] - self recovery execute delayTime:60
[wanxinp2p-account-service][${env:SERVER_PORT}] 2022-03-31 14:35:07,483 INFO [NettyClientSelector_1][Slf4jLoggerFactory.java:95] - closeChannel: close the connection to remote address[] result: true
[wanxinp2p-account-service][${env:SERVER_PORT}] 2022-03-31 14:35:08,276 INFO [NettyClientSelector_1][Slf4jLoggerFactory.java:95] - closeChannel: close the connection to remote address[] result: true
[wanxinp2p-account-service][${env:SERVER_PORT}] 2022-03-31 14:35:37,493 INFO [NettyClientSelector_1][Slf4jLoggerFactory.java:95] - closeChannel: close the connection to remote address[] result: true
[wanxinp2p-account-service][${env:SERVER_PORT}] 2022-03-31 14:35:38,268 INFO [NettyClientSelector_1][Slf4jLoggerFactory.java:95] - closeChannel: close the connection to remote address[] result: true
[wanxinp2p-account-service][${env:SERVER_PORT}] 2022-03-31 14:35:43,193 INFO [hmilyTransaction-hmily-transaction-self-recovery-2][LogUtil.java:87] - self recovery execute delayTime:60
[wanxinp2p-account-service][${env:SERVER_PORT}] 2022-03-31 14:36:07,510 INFO [NettyClientSelector_1][Slf4jLoggerFactory.java:95] - closeChannel: close the connection to remote address[] result: true
[wanxinp2p-account-service][${env:SERVER_PORT}] 2022-03-31 14:36:08,280 INFO [NettyClientSelector_1][Slf4jLoggerFactory.java:95] - closeChannel: close the connection to remote address[] result: true
[wanxinp2p-account-service][${env:SERVER_PORT}] 2022-03-31 14:36:37,479 INFO [NettyClientSelector_1][Slf4jLoggerFactory.java:95] - closeChannel: close the connection to remote address[] result: true
[wanxinp2p-account-service][${env:SERVER_PORT}] 2022-03-31 14:36:38,258 INFO [NettyClientSelector_1][Slf4jLoggerFactory.java:95] - closeChannel: close the connection to remote address[] result: true
[wanxinp2p-account-service][${env:SERVER_PORT}] 2022-03-31 14:36:43,206 INFO [hmilyTransaction-hmily-transaction-self-recovery-2][LogUtil.java:87] - self recovery execute delayTime:60
[wanxinp2p-account-service][${env:SERVER_PORT}] 2022-03-31 14:37:07,470 INFO [NettyClientSelector_1][Slf4jLoggerFactory.java:95] - closeChannel: close the connection to remote address[] result: true
[wanxinp2p-account-service][${env:SERVER_PORT}] 2022-03-31 14:37:08,290 INFO [NettyClientSelector_1][Slf4jLoggerFactory.java:95] - closeChannel: close the connection to remote address[] result: true
[wanxinp2p-account-service][${env:SERVER_PORT}] 2022-03-31 14:37:37,476 INFO [NettyClientSelector_1][Slf4jLoggerFactory.java:95] - closeChannel: close the connection to remote address[] result: true
[wanxinp2p-account-service][${env:SERVER_PORT}] 2022-03-31 14:37:38,274 INFO [NettyClientSelector_1][Slf4jLoggerFactory.java:95] - closeChannel: close the connection to remote address[] result: true
[wanxinp2p-account-service][${env:SERVER_PORT}] 2022-03-31 14:37:43,213 INFO [hmilyTransaction-hmily-transaction-self-recovery-2][LogUtil.java:87] - self recovery execute delayTime:60
[wanxinp2p-account-service][${env:SERVER_PORT}] 2022-03-31 14:38:07,463 INFO [NettyClientSelector_1][Slf4jLoggerFactory.java:95] - closeChannel: close the connection to remote address[] result: true
[wanxinp2p-account-service][${env:SERVER_PORT}] 2022-03-31 14:38:08,288 INFO [NettyClientSelector_1][Slf4jLoggerFactory.java:95] - closeChannel: close the connection to remote address[] result: true
[wanxinp2p-account-service][${env:SERVER_PORT}] 2022-03-31 14:38:37,440 INFO [NettyClientSelector_1][Slf4jLoggerFactory.java:95] - closeChannel: close the connection to remote address[] result: true
[wanxinp2p-account-service][${env:SERVER_PORT}] 2022-03-31 14:38:38,256 INFO [NettyClientSelector_1][Slf4jLoggerFactory.java:95] - closeChannel: close the connection to remote address[] result: true
[wanxinp2p-account-service][${env:SERVER_PORT}] 2022-03-31 14:38:43,223 INFO [hmilyTransaction-hmily-transaction-self-recovery-2][LogUtil.java:87] - self recovery execute delayTime:60
[wanxinp2p-account-service][${env:SERVER_PORT}] 2022-03-31 14:39:42,730 INFO [AsyncResolver-bootstrap-executor-0][ConfigClusterResolver.java:43] - Resolving eureka endpoints via configuration
[wanxinp2p-account-service][${env:SERVER_PORT}] 2022-03-31 14:39:43,240 INFO [hmilyTransaction-hmily-transaction-self-recovery-2][LogUtil.java:87] - self recovery execute delayTime:60
[wanxinp2p-account-service][${env:SERVER_PORT}] 2022-03-31 14:40:43,243 INFO [hmilyTransaction-hmily-transaction-self-recovery-2][LogUtil.java:87] - self recovery execute delayTime:60
[wanxinp2p-account-service][${env:SERVER_PORT}] 2022-03-31 14:40:54,548 INFO [NettyClientSelector_1][Slf4jLoggerFactory.java:95] - closeChannel: close the connection to remote address[127.0.0.1:9876] result: true
[wanxinp2p-account-service][${env:SERVER_PORT}] 2022-03-31 14:40:54,548 INFO [NettyClientSelector_1][Slf4jLoggerFactory.java:95] - closeChannel: close the connection to remote address[127.0.0.1:9876] result: true
[wanxinp2p-account-service][${env:SERVER_PORT}] 2022-03-31 14:40:56,105 INFO [NettyClientSelector_1][Slf4jLoggerFactory.java:95] - closeChannel: close the connection to remote address[192.168.1.8:10911] result: true
[wanxinp2p-account-service][${env:SERVER_PORT}] 2022-03-31 14:40:56,105 INFO [NettyClientSelector_1][Slf4jLoggerFactory.java:95] - closeChannel: close the connection to remote address[192.168.1.8:10911] result: true
[wanxinp2p-account-service][${env:SERVER_PORT}] 2022-03-31 14:41:07,501 INFO [NettyClientSelector_1][Slf4jLoggerFactory.java:95] - closeChannel: close the connection to remote address[] result: true
[wanxinp2p-account-service][${env:SERVER_PORT}] 2022-03-31 14:41:08,277 INFO [NettyClientSelector_1][Slf4jLoggerFactory.java:95] - closeChannel: close the connection to remote address[] result: true
[wanxinp2p-account-service][${env:SERVER_PORT}] 2022-03-31 14:41:09,522 INFO [NettyClientSelector_1][Slf4jLoggerFactory.java:95] - closeChannel: close the connection to remote address[] result: true
[wanxinp2p-account-service][${env:SERVER_PORT}] 2022-03-31 14:41:10,302 INFO [NettyClientSelector_1][Slf4jLoggerFactory.java:95] - closeChannel: close the connection to remote address[] result: true
[wanxinp2p-account-service][${env:SERVER_PORT}] 2022-03-31 14:41:37,510 INFO [NettyClientSelector_1][Slf4jLoggerFactory.java:95] - closeChannel: close the connection to remote address[] result: true
[wanxinp2p-account-service][${env:SERVER_PORT}] 2022-03-31 14:41:38,279 INFO [NettyClientSelector_1][Slf4jLoggerFactory.java:95] - closeChannel: close the connection to remote address[] result: true
[wanxinp2p-account-service][${env:SERVER_PORT}] 2022-03-31 14:41:39,559 INFO [NettyClientSelector_1][Slf4jLoggerFactory.java:95] - closeChannel: close the connection to remote address[] result: true
[wanxinp2p-account-service][${env:SERVER_PORT}] 2022-03-31 14:41:40,340 INFO [NettyClientSelector_1][Slf4jLoggerFactory.java:95] - closeChannel: close the connection to remote address[] result: true
[wanxinp2p-account-service][${env:SERVER_PORT}] 2022-03-31 14:41:43,254 INFO [hmilyTransaction-hmily-transaction-self-recovery-2][LogUtil.java:87] - self recovery execute delayTime:60
[wanxinp2p-account-service][${env:SERVER_PORT}] 2022-03-31 14:42:43,265 INFO [hmilyTransaction-hmily-transaction-self-recovery-2][LogUtil.java:87] - self recovery execute delayTime:60
[wanxinp2p-account-service][${env:SERVER_PORT}] 2022-03-31 14:43:06,563 INFO [NettyClientSelector_1][Slf4jLoggerFactory.java:95] - closeChannel: close the connection to remote address[127.0.0.1:9876] result: true
[wanxinp2p-account-service][${env:SERVER_PORT}] 2022-03-31 14:43:06,564 INFO [NettyClientSelector_1][Slf4jLoggerFactory.java:95] - closeChannel: close the connection to remote address[127.0.0.1:9876] result: true
[wanxinp2p-account-service][${env:SERVER_PORT}] 2022-03-31 14:43:06,598 INFO [NettyClientSelector_1][Slf4jLoggerFactory.java:95] - closeChannel: close the connection to remote address[192.168.1.8:10911] result: true
[wanxinp2p-account-service][${env:SERVER_PORT}] 2022-03-31 14:43:06,598 INFO [NettyClientSelector_1][Slf4jLoggerFactory.java:95] - closeChannel: close the connection to remote address[192.168.1.8:10911] result: true
[wanxinp2p-account-service][${env:SERVER_PORT}] 2022-03-31 14:43:09,243 INFO [NettyClientSelector_1][Slf4jLoggerFactory.java:95] - closeChannel: close the connection to remote address[] result: true
[wanxinp2p-account-service][${env:SERVER_PORT}] 2022-03-31 14:43:37,492 INFO [NettyClientSelector_1][Slf4jLoggerFactory.java:95] - closeChannel: close the connection to remote address[] result: true
[wanxinp2p-account-service][${env:SERVER_PORT}] 2022-03-31 14:43:38,265 INFO [NettyClientSelector_1][Slf4jLoggerFactory.java:95] - closeChannel: close the connection to remote address[] result: true
[wanxinp2p-account-service][${env:SERVER_PORT}] 2022-03-31 14:43:39,522 INFO [NettyClientSelector_1][Slf4jLoggerFactory.java:95] - closeChannel: close the connection to remote address[] result: true
[wanxinp2p-account-service][${env:SERVER_PORT}] 2022-03-31 14:43:40,287 INFO [NettyClientSelector_1][Slf4jLoggerFactory.java:95] - closeChannel: close the connection to remote address[] result: true
[wanxinp2p-account-service][${env:SERVER_PORT}] 2022-03-31 14:43:43,271 INFO [hmilyTransaction-hmily-transaction-self-recovery-2][LogUtil.java:87] - self recovery execute delayTime:60
[wanxinp2p-account-service][${env:SERVER_PORT}] 2022-03-31 14:44:33,172 INFO [NettyClientSelector_1][Slf4jLoggerFactory.java:95] - closeChannel: close the connection to remote address[127.0.0.1:9876] result: true
[wanxinp2p-account-service][${env:SERVER_PORT}] 2022-03-31 14:44:33,173 INFO [NettyClientSelector_1][Slf4jLoggerFactory.java:95] - closeChannel: close the connection to remote address[127.0.0.1:9876] result: true
[wanxinp2p-account-service][${env:SERVER_PORT}] 2022-03-31 14:44:33,785 INFO [NettyClientSelector_1][Slf4jLoggerFactory.java:95] - closeChannel: close the connection to remote address[192.168.1.8:10911] result: true
[wanxinp2p-account-service][${env:SERVER_PORT}] 2022-03-31 14:44:33,785 INFO [NettyClientSelector_1][Slf4jLoggerFactory.java:95] - closeChannel: close the connection to remote address[192.168.1.8:10911] result: true
[wanxinp2p-account-service][${env:SERVER_PORT}] 2022-03-31 14:44:37,455 INFO [NettyClientSelector_1][Slf4jLoggerFactory.java:95] - closeChannel: close the connection to remote address[] result: true
[wanxinp2p-account-service][${env:SERVER_PORT}] 2022-03-31 14:44:38,257 INFO [NettyClientSelector_1][Slf4jLoggerFactory.java:95] - closeChannel: close the connection to remote address[] result: true
[wanxinp2p-account-service][${env:SERVER_PORT}] 2022-03-31 14:44:39,499 INFO [NettyClientSelector_1][Slf4jLoggerFactory.java:95] - closeChannel: close the connection to remote address[] result: true
[wanxinp2p-account-service][${env:SERVER_PORT}] 2022-03-31 14:44:40,279 INFO [NettyClientSelector_1][Slf4jLoggerFactory.java:95] - closeChannel: close the connection to remote address[] result: true
[wanxinp2p-account-service][${env:SERVER_PORT}] 2022-03-31 14:44:42,737 INFO [AsyncResolver-bootstrap-executor-0][ConfigClusterResolver.java:43] - Resolving eureka endpoints via configuration
[wanxinp2p-account-service][${env:SERVER_PORT}] 2022-03-31 14:44:43,287 INFO [hmilyTransaction-hmily-transaction-self-recovery-2][LogUtil.java:87] - self recovery execute delayTime:60
[wanxinp2p-account-service][${env:SERVER_PORT}] 2022-03-31 14:45:07,490 INFO [NettyClientSelector_1][Slf4jLoggerFactory.java:95] - closeChannel: close the connection to remote address[] result: true
[wanxinp2p-account-service][${env:SERVER_PORT}] 2022-03-31 14:45:08,275 INFO [NettyClientSelector_1][Slf4jLoggerFactory.java:95] - closeChannel: close the connection to remote address[] result: true
[wanxinp2p-account-service][${env:SERVER_PORT}] 2022-03-31 14:45:09,544 INFO [NettyClientSelector_1][Slf4jLoggerFactory.java:95] - closeChannel: close the connection to remote address[] result: true
[wanxinp2p-account-service][${env:SERVER_PORT}] 2022-03-31 14:45:10,294 INFO [NettyClientSelector_1][Slf4jLoggerFactory.java:95] - closeChannel: close the connection to remote address[] result: true
[wanxinp2p-account-service][${env:SERVER_PORT}] 2022-03-31 14:45:43,295 INFO [hmilyTransaction-hmily-transaction-self-recovery-2][LogUtil.java:87] - self recovery execute delayTime:60
[wanxinp2p-account-service][${env:SERVER_PORT}] 2022-03-31 14:46:27,526 INFO [NettyClientSelector_1][Slf4jLoggerFactory.java:95] - closeChannel: close the connection to remote address[127.0.0.1:9876] result: true
[wanxinp2p-account-service][${env:SERVER_PORT}] 2022-03-31 14:46:27,527 INFO [NettyClientSelector_1][Slf4jLoggerFactory.java:95] - closeChannel: close the connection to remote address[127.0.0.1:9876] result: true
[wanxinp2p-account-service][${env:SERVER_PORT}] 2022-03-31 14:46:28,232 INFO [NettyClientSelector_1][Slf4jLoggerFactory.java:95] - closeChannel: close the connection to remote address[192.168.1.8:10911] result: true
[wanxinp2p-account-service][${env:SERVER_PORT}] 2022-03-31 14:46:28,232 INFO [NettyClientSelector_1][Slf4jLoggerFactory.java:95] - closeChannel: close the connection to remote address[192.168.1.8:10911] result: true
[wanxinp2p-account-service][${env:SERVER_PORT}] 2022-03-31 14:46:43,307 INFO [hmilyTransaction-hmily-transaction-self-recovery-2][LogUtil.java:87] - self recovery execute delayTime:60
[wanxinp2p-account-service][${env:SERVER_PORT}] 2022-03-31 14:46:48,119 INFO [NettyClientSelector_1][Slf4jLoggerFactory.java:95] - closeChannel: close the connection to remote address[192.168.1.8:10911] result: true
[wanxinp2p-account-service][${env:SERVER_PORT}] 2022-03-31 14:46:48,119 INFO [NettyClientSelector_1][Slf4jLoggerFactory.java:95] - closeChannel: close the connection to remote address[192.168.1.8:10911] result: true
[wanxinp2p-account-service][${env:SERVER_PORT}] 2022-03-31 14:46:49,828 INFO [NettyClientSelector_1][Slf4jLoggerFactory.java:95] - closeChannel: close the connection to remote address[127.0.0.1:9876] result: true
[wanxinp2p-account-service][${env:SERVER_PORT}] 2022-03-31 14:46:49,828 INFO [NettyClientSelector_1][Slf4jLoggerFactory.java:95] - closeChannel: close the connection to remote address[127.0.0.1:9876] result: true
[wanxinp2p-account-service][${env:SERVER_PORT}] 2022-03-31 14:47:07,495 INFO [NettyClientSelector_1][Slf4jLoggerFactory.java:95] - closeChannel: close the connection to remote address[] result: true
[wanxinp2p-account-service][${env:SERVER_PORT}] 2022-03-31 14:47:08,285 INFO [NettyClientSelector_1][Slf4jLoggerFactory.java:95] - closeChannel: close the connection to remote address[] result: true
[wanxinp2p-account-service][${env:SERVER_PORT}] 2022-03-31 14:47:09,565 INFO [NettyClientSelector_1][Slf4jLoggerFactory.java:95] - closeChannel: close the connection to remote address[] result: true
[wanxinp2p-account-service][${env:SERVER_PORT}] 2022-03-31 14:47:10,344 INFO [NettyClientSelector_1][Slf4jLoggerFactory.java:95] - closeChannel: close the connection to remote address[] result: true
[wanxinp2p-account-service][${env:SERVER_PORT}] 2022-03-31 14:47:37,476 INFO [NettyClientSelector_1][Slf4jLoggerFactory.java:95] - closeChannel: close the connection to remote address[] result: true
[wanxinp2p-account-service][${env:SERVER_PORT}] 2022-03-31 14:47:38,275 INFO [NettyClientSelector_1][Slf4jLoggerFactory.java:95] - closeChannel: close the connection to remote address[] result: true
[wanxinp2p-account-service][${env:SERVER_PORT}] 2022-03-31 14:47:39,524 INFO [NettyClientSelector_1][Slf4jLoggerFactory.java:95] - closeChannel: close the connection to remote address[] result: true
[wanxinp2p-account-service][${env:SERVER_PORT}] 2022-03-31 14:47:40,335 INFO [NettyClientSelector_1][Slf4jLoggerFactory.java:95] - closeChannel: close the connection to remote address[] result: true
[wanxinp2p-account-service][${env:SERVER_PORT}] 2022-03-31 14:47:43,309 INFO [hmilyTransaction-hmily-transaction-self-recovery-2][LogUtil.java:87] - self recovery execute delayTime:60
[wanxinp2p-account-service][${env:SERVER_PORT}] 2022-03-31 14:48:07,465 INFO [NettyClientSelector_1][Slf4jLoggerFactory.java:95] - closeChannel: close the connection to remote address[] result: true
[wanxinp2p-account-service][${env:SERVER_PORT}] 2022-03-31 14:48:08,285 INFO [NettyClientSelector_1][Slf4jLoggerFactory.java:95] - closeChannel: close the connection to remote address[] result: true
[wanxinp2p-account-service][${env:SERVER_PORT}] 2022-03-31 14:48:09,524 INFO [NettyClientSelector_1][Slf4jLoggerFactory.java:95] - closeChannel: close the connection to remote address[] result: true
[wanxinp2p-account-service][${env:SERVER_PORT}] 2022-03-31 14:48:10,345 INFO [NettyClientSelector_1][Slf4jLoggerFactory.java:95] - closeChannel: close the connection to remote address[] result: true
[wanxinp2p-account-service][${env:SERVER_PORT}] 2022-03-31 14:48:43,323 INFO [hmilyTransaction-hmily-transaction-self-recovery-2][LogUtil.java:87] - self recovery execute delayTime:60
[wanxinp2p-account-service][${env:SERVER_PORT}] 2022-03-31 14:49:42,739 INFO [AsyncResolver-bootstrap-executor-0][ConfigClusterResolver.java:43] - Resolving eureka endpoints via configuration
[wanxinp2p-account-service][${env:SERVER_PORT}] 2022-03-31 14:49:43,334 INFO [hmilyTransaction-hmily-transaction-self-recovery-2][LogUtil.java:87] - self recovery execute delayTime:60
[wanxinp2p-account-service][${env:SERVER_PORT}] 2022-03-31 14:50:43,336 INFO [hmilyTransaction-hmily-transaction-self-recovery-2][LogUtil.java:87] - self recovery execute delayTime:60
[wanxinp2p-account-service][${env:SERVER_PORT}] 2022-03-31 14:51:43,348 INFO [hmilyTransaction-hmily-transaction-self-recovery-2][LogUtil.java:87] - self recovery execute delayTime:60
[wanxinp2p-account-service][${env:SERVER_PORT}] 2022-03-31 14:52:34,222 INFO [NettyClientSelector_1][Slf4jLoggerFactory.java:95] - closeChannel: close the connection to remote address[127.0.0.1:9876] result: true
[wanxinp2p-account-service][${env:SERVER_PORT}] 2022-03-31 14:52:34,223 INFO [NettyClientSelector_1][Slf4jLoggerFactory.java:95] - closeChannel: close the connection to remote address[127.0.0.1:9876] result: true
[wanxinp2p-account-service][${env:SERVER_PORT}] 2022-03-31 14:52:34,996 INFO [NettyClientSelector_1][Slf4jLoggerFactory.java:95] - closeChannel: close the connection to remote address[192.168.1.8:10911] result: true
[wanxinp2p-account-service][${env:SERVER_PORT}] 2022-03-31 14:52:34,997 INFO [NettyClientSelector_1][Slf4jLoggerFactory.java:95] - closeChannel: close the connection to remote address[192.168.1.8:10911] result: true
[wanxinp2p-account-service][${env:SERVER_PORT}] 2022-03-31 14:52:37,524 INFO [NettyClientSelector_1][Slf4jLoggerFactory.java:95] - closeChannel: close the connection to remote address[] result: true
[wanxinp2p-account-service][${env:SERVER_PORT}] 2022-03-31 14:52:38,287 INFO [NettyClientSelector_1][Slf4jLoggerFactory.java:95] - closeChannel: close the connection to remote address[] result: true
[wanxinp2p-account-service][${env:SERVER_PORT}] 2022-03-31 14:52:39,550 INFO [NettyClientSelector_1][Slf4jLoggerFactory.java:95] - closeChannel: close the connection to remote address[] result: true
[wanxinp2p-account-service][${env:SERVER_PORT}] 2022-03-31 14:52:40,331 INFO [NettyClientSelector_1][Slf4jLoggerFactory.java:95] - closeChannel: close the connection to remote address[] result: true
[wanxinp2p-account-service][${env:SERVER_PORT}] 2022-03-31 14:52:43,368 INFO [hmilyTransaction-hmily-transaction-self-recovery-2][LogUtil.java:87] - self recovery execute delayTime:60
[wanxinp2p-account-service][${env:SERVER_PORT}] 2022-03-31 14:53:07,500 INFO [NettyClientSelector_1][Slf4jLoggerFactory.java:95] - closeChannel: close the connection to remote address[] result: true
[wanxinp2p-account-service][${env:SERVER_PORT}] 2022-03-31 14:53:08,265 INFO [NettyClientSelector_1][Slf4jLoggerFactory.java:95] - closeChannel: close the connection to remote address[] result: true
[wanxinp2p-account-service][${env:SERVER_PORT}] 2022-03-31 14:53:09,547 INFO [NettyClientSelector_1][Slf4jLoggerFactory.java:95] - closeChannel: close the connection to remote address[] result: true
[wanxinp2p-account-service][${env:SERVER_PORT}] 2022-03-31 14:53:10,299 INFO [NettyClientSelector_1][Slf4jLoggerFactory.java:95] - closeChannel: close the connection to remote address[] result: true
[wanxinp2p-account-service][${env:SERVER_PORT}] 2022-03-31 14:53:43,382 INFO [hmilyTransaction-hmily-transaction-self-recovery-2][LogUtil.java:87] - self recovery execute delayTime:60
[wanxinp2p-account-service][${env:SERVER_PORT}] 2022-03-31 14:54:42,740 INFO [AsyncResolver-bootstrap-executor-0][ConfigClusterResolver.java:43] - Resolving eureka endpoints via configuration
[wanxinp2p-account-service][${env:SERVER_PORT}] 2022-03-31 14:54:43,395 INFO [hmilyTransaction-hmily-transaction-self-recovery-2][LogUtil.java:87] - self recovery execute delayTime:60
[wanxinp2p-account-service][${env:SERVER_PORT}] 2022-03-31 14:55:43,403 INFO [hmilyTransaction-hmily-transaction-self-recovery-2][LogUtil.java:87] - self recovery execute delayTime:60
[wanxinp2p-account-service][${env:SERVER_PORT}] 2022-03-31 14:56:43,409 INFO [hmilyTransaction-hmily-transaction-self-recovery-2][LogUtil.java:87] - self recovery execute delayTime:60
[wanxinp2p-account-service][${env:SERVER_PORT}] 2022-03-31 14:57:43,413 INFO [hmilyTransaction-hmily-transaction-self-recovery-2][LogUtil.java:87] - self recovery execute delayTime:60
[wanxinp2p-account-service][${env:SERVER_PORT}] 2022-03-31 14:58:43,415 INFO [hmilyTransaction-hmily-transaction-self-recovery-2][LogUtil.java:87] - self recovery execute delayTime:60
[wanxinp2p-account-service][${env:SERVER_PORT}] 2022-03-31 14:59:42,746 INFO [AsyncResolver-bootstrap-executor-0][ConfigClusterResolver.java:43] - Resolving eureka endpoints via configuration
[wanxinp2p-account-service][${env:SERVER_PORT}] 2022-03-31 14:59:43,424 INFO [hmilyTransaction-hmily-transaction-self-recovery-2][LogUtil.java:87] - self recovery execute delayTime:60
