[wanxinp2p-gateway-server][${env:SERVER_PORT}] 2022-03-17 16:00:27,868 INFO [AsyncResolver-bootstrap-executor-0][ConfigClusterResolver.java:43] - Resolving eureka endpoints via configuration
[wanxinp2p-gateway-server][${env:SERVER_PORT}] 2022-03-17 16:05:27,881 INFO [AsyncResolver-bootstrap-executor-0][ConfigClusterResolver.java:43] - Resolving eureka endpoints via configuration
[wanxinp2p-gateway-server][${env:SERVER_PORT}] 2022-03-17 16:10:27,894 INFO [AsyncResolver-bootstrap-executor-0][ConfigClusterResolver.java:43] - Resolving eureka endpoints via configuration
[wanxinp2p-gateway-server][${env:SERVER_PORT}] 2022-03-17 16:15:27,908 INFO [AsyncResolver-bootstrap-executor-0][ConfigClusterResolver.java:43] - Resolving eureka endpoints via configuration
[wanxinp2p-gateway-server][${env:SERVER_PORT}] 2022-03-17 16:20:27,913 INFO [AsyncResolver-bootstrap-executor-0][ConfigClusterResolver.java:43] - Resolving eureka endpoints via configuration
[wanxinp2p-gateway-server][${env:SERVER_PORT}] 2022-03-17 16:25:27,927 INFO [AsyncResolver-bootstrap-executor-0][ConfigClusterResolver.java:43] - Resolving eureka endpoints via configuration
[wanxinp2p-gateway-server][${env:SERVER_PORT}] 2022-03-17 16:30:27,943 INFO [AsyncResolver-bootstrap-executor-0][ConfigClusterResolver.java:43] - Resolving eureka endpoints via configuration
[wanxinp2p-gateway-server][${env:SERVER_PORT}] 2022-03-17 16:35:11,030 INFO [main][DefaultApplicationProvider.java:85] - App ID is set to gateway-server by app.id property from System Property
[wanxinp2p-gateway-server][${env:SERVER_PORT}] 2022-03-17 16:35:11,034 INFO [main][DefaultServerProvider.java:108] - Environment is set to [dev] by JVM system property 'env'.
[wanxinp2p-gateway-server][${env:SERVER_PORT}] 2022-03-17 16:35:11,067 WARN [main][DefaultMetaServerProvider.java:39] - Could not find meta server address, because it is not available in neither (1) JVM system property 'apollo.meta', (2) OS env variable 'APOLLO_META' (3) property 'apollo.meta' from server.properties nor (4) property 'apollo.meta' from app.properties
[wanxinp2p-gateway-server][${env:SERVER_PORT}] 2022-03-17 16:35:11,070 INFO [main][MetaDomainConsts.java:93] - Located meta server address http://localhost:8080 for env DEV from com.ctrip.framework.apollo.core.internals.LegacyMetaServerProvider
[wanxinp2p-gateway-server][${env:SERVER_PORT}] 2022-03-17 16:35:11,961 INFO [main][SpringApplication.java:675] - No active profile set, falling back to default profiles: default
[wanxinp2p-gateway-server][${env:SERVER_PORT}] 2022-03-17 16:35:12,684 INFO [main][RepositoryConfigurationDelegate.java:244] - Multiple Spring Data modules found, entering strict repository configuration mode!
[wanxinp2p-gateway-server][${env:SERVER_PORT}] 2022-03-17 16:35:12,688 INFO [main][RepositoryConfigurationDelegate.java:126] - Bootstrapping Spring Data repositories in DEFAULT mode.
[wanxinp2p-gateway-server][${env:SERVER_PORT}] 2022-03-17 16:35:12,712 INFO [main][RepositoryConfigurationDelegate.java:182] - Finished Spring Data repository scanning in 11ms. Found 0 repository interfaces.
[wanxinp2p-gateway-server][${env:SERVER_PORT}] 2022-03-17 16:35:12,801 WARN [main][EndpointId.java:135] - Endpoint ID 'service-registry' contains invalid characters, please migrate to a valid format.
[wanxinp2p-gateway-server][${env:SERVER_PORT}] 2022-03-17 16:35:12,812 WARN [main][EndpointId.java:135] - Endpoint ID 'hystrix.stream' contains invalid characters, please migrate to a valid format.
[wanxinp2p-gateway-server][${env:SERVER_PORT}] 2022-03-17 16:35:12,950 INFO [main][ConfigurationClassPostProcessor.java:380] - Cannot enhance @Configuration bean definition 'com.ctrip.framework.apollo.spring.boot.ApolloAutoConfiguration' since its singleton instance has been created too early. The typical cause is a non-static @Bean method with a BeanDefinitionRegistryPostProcessor return type: Consider declaring such methods as 'static'.
[wanxinp2p-gateway-server][${env:SERVER_PORT}] 2022-03-17 16:35:13,066 INFO [main][GenericScope.java:294] - BeanFactory id=96ee8a8f-8cc5-3f1f-be8a-38fc1348fd0f
[wanxinp2p-gateway-server][${env:SERVER_PORT}] 2022-03-17 16:35:13,086 WARN [main][PropertySourcesDeducer.java:75] - Multiple PropertySourcesPlaceholderConfigurer beans registered [propertySourcesPlaceholderConfigurer, org.springframework.context.support.PropertySourcesPlaceholderConfigurer], falling back to Environment
[wanxinp2p-gateway-server][${env:SERVER_PORT}] 2022-03-17 16:35:13,277 INFO [main][PostProcessorRegistrationDelegate.java:330] - Bean 'org.springframework.cloud.autoconfigure.ConfigurationPropertiesRebinderAutoConfiguration' of type [org.springframework.cloud.autoconfigure.ConfigurationPropertiesRebinderAutoConfiguration$$EnhancerBySpringCGLIB$$f5fbd71] is not eligible for getting processed by all BeanPostProcessors (for example: not eligible for auto-proxying)
[wanxinp2p-gateway-server][${env:SERVER_PORT}] 2022-03-17 16:35:13,560 INFO [main][TomcatWebServer.java:90] - Tomcat initialized with port(s): 53010 (http)
[wanxinp2p-gateway-server][${env:SERVER_PORT}] 2022-03-17 16:35:13,574 INFO [main][DirectJDKLog.java:173] - Initializing ProtocolHandler ["http-nio-53010"]
[wanxinp2p-gateway-server][${env:SERVER_PORT}] 2022-03-17 16:35:13,581 INFO [main][DirectJDKLog.java:173] - Starting service [Tomcat]
[wanxinp2p-gateway-server][${env:SERVER_PORT}] 2022-03-17 16:35:13,582 INFO [main][DirectJDKLog.java:173] - Starting Servlet engine: [Apache Tomcat/9.0.16]
[wanxinp2p-gateway-server][${env:SERVER_PORT}] 2022-03-17 16:35:13,589 INFO [main][DirectJDKLog.java:173] - The APR based Apache Tomcat Native library which allows optimal performance in production environments was not found on the java.library.path: [E:\BREW\IT\JDK\bin;C:\Windows\Sun\Java\bin;C:\Windows\system32;C:\Windows;C:\Windows\system32;C:\Windows;C:\Windows\System32\Wbem;C:\Windows\System32\WindowsPowerShell\v1.0\;C:\Windows\System32\OpenSSH\;E:\BREW\IT\TortoiseGit\bin;E:\BREW\IT\TortoiseSVN\bin;E:\BREW\IT\JDK\bin;E:\BREW\IT\MAVEN\apache-maven-3.8.4\bin;E:\BREW\IT\Git\Git\cmd;E:\BREW\IT\MYSQL80\mysql-8.0.28-winx64\bin;C:\Users\Administrator\AppData\Local\Microsoft\WindowsApps;;E:\BREW\IT\IDEA\IntelliJ IDEA 2021.3.2\bin;;.]
[wanxinp2p-gateway-server][${env:SERVER_PORT}] 2022-03-17 16:35:13,787 INFO [main][DirectJDKLog.java:173] - Initializing Spring embedded WebApplicationContext
[wanxinp2p-gateway-server][${env:SERVER_PORT}] 2022-03-17 16:35:13,787 INFO [main][ServletWebServerApplicationContext.java:296] - Root WebApplicationContext: initialization completed in 1815 ms
[wanxinp2p-gateway-server][${env:SERVER_PORT}] 2022-03-17 16:35:13,899 WARN [main][URLConfigurationSource.java:121] - No URLs will be polled as dynamic configuration sources.
[wanxinp2p-gateway-server][${env:SERVER_PORT}] 2022-03-17 16:35:13,899 INFO [main][URLConfigurationSource.java:122] - To enable URLs as dynamic configuration sources, define System property archaius.configurationSource.additionalUrls or make config.properties available on classpath.
[wanxinp2p-gateway-server][${env:SERVER_PORT}] 2022-03-17 16:35:13,910 INFO [main][DynamicPropertyFactory.java:281] - DynamicPropertyFactory is initialized with configuration sources: com.netflix.config.ConcurrentCompositeConfiguration@40943a6
[wanxinp2p-gateway-server][${env:SERVER_PORT}] 2022-03-17 16:35:16,351 WARN [main][URLConfigurationSource.java:121] - No URLs will be polled as dynamic configuration sources.
[wanxinp2p-gateway-server][${env:SERVER_PORT}] 2022-03-17 16:35:16,351 INFO [main][URLConfigurationSource.java:122] - To enable URLs as dynamic configuration sources, define System property archaius.configurationSource.additionalUrls or make config.properties available on classpath.
[wanxinp2p-gateway-server][${env:SERVER_PORT}] 2022-03-17 16:35:16,560 INFO [main][ExecutorConfigurationSupport.java:171] - Initializing ExecutorService 'applicationTaskExecutor'
[wanxinp2p-gateway-server][${env:SERVER_PORT}] 2022-03-17 16:35:17,893 INFO [main][ZuulFilterInitializer.java:65] - Starting filter initializer
[wanxinp2p-gateway-server][${env:SERVER_PORT}] 2022-03-17 16:35:17,922 INFO [main][EndpointLinksResolver.java:59] - Exposing 2 endpoint(s) beneath base path '/actuator'
[wanxinp2p-gateway-server][${env:SERVER_PORT}] 2022-03-17 16:35:18,026 INFO [main][InstanceInfoFactory.java:71] - Setting initial instance status as: STARTING
[wanxinp2p-gateway-server][${env:SERVER_PORT}] 2022-03-17 16:35:18,074 INFO [main][DiscoveryClient.java:349] - Initializing Eureka in region us-east-1
[wanxinp2p-gateway-server][${env:SERVER_PORT}] 2022-03-17 16:35:18,137 INFO [main][DiscoveryJerseyProvider.java:70] - Using JSON encoding codec LegacyJacksonJson
[wanxinp2p-gateway-server][${env:SERVER_PORT}] 2022-03-17 16:35:18,137 INFO [main][DiscoveryJerseyProvider.java:71] - Using JSON decoding codec LegacyJacksonJson
[wanxinp2p-gateway-server][${env:SERVER_PORT}] 2022-03-17 16:35:18,264 INFO [main][DiscoveryJerseyProvider.java:80] - Using XML encoding codec XStreamXml
[wanxinp2p-gateway-server][${env:SERVER_PORT}] 2022-03-17 16:35:18,265 INFO [main][DiscoveryJerseyProvider.java:81] - Using XML decoding codec XStreamXml
[wanxinp2p-gateway-server][${env:SERVER_PORT}] 2022-03-17 16:35:18,723 INFO [main][ConfigClusterResolver.java:43] - Resolving eureka endpoints via configuration
[wanxinp2p-gateway-server][${env:SERVER_PORT}] 2022-03-17 16:35:19,198 INFO [main][DiscoveryClient.java:958] - Disable delta property : false
[wanxinp2p-gateway-server][${env:SERVER_PORT}] 2022-03-17 16:35:19,198 INFO [main][DiscoveryClient.java:959] - Single vip registry refresh property : null
[wanxinp2p-gateway-server][${env:SERVER_PORT}] 2022-03-17 16:35:19,198 INFO [main][DiscoveryClient.java:960] - Force full registry fetch : false
[wanxinp2p-gateway-server][${env:SERVER_PORT}] 2022-03-17 16:35:19,199 INFO [main][DiscoveryClient.java:961] - Application is null : false
[wanxinp2p-gateway-server][${env:SERVER_PORT}] 2022-03-17 16:35:19,199 INFO [main][DiscoveryClient.java:962] - Registered Applications size is zero : true
[wanxinp2p-gateway-server][${env:SERVER_PORT}] 2022-03-17 16:35:19,199 INFO [main][DiscoveryClient.java:964] - Application version is -1: true
[wanxinp2p-gateway-server][${env:SERVER_PORT}] 2022-03-17 16:35:19,199 INFO [main][DiscoveryClient.java:1047] - Getting all instance registry info from the eureka server
[wanxinp2p-gateway-server][${env:SERVER_PORT}] 2022-03-17 16:35:19,372 INFO [main][DiscoveryClient.java:1056] - The response status is 200
[wanxinp2p-gateway-server][${env:SERVER_PORT}] 2022-03-17 16:35:19,375 INFO [main][DiscoveryClient.java:1270] - Starting heartbeat executor: renew interval is: 30
[wanxinp2p-gateway-server][${env:SERVER_PORT}] 2022-03-17 16:35:19,378 INFO [main][InstanceInfoReplicator.java:60] - InstanceInfoReplicator onDemand update allowed rate per min is 4
[wanxinp2p-gateway-server][${env:SERVER_PORT}] 2022-03-17 16:35:19,381 INFO [main][DiscoveryClient.java:449] - Discovery Client initialized at timestamp 1647506119380 with initial instances count: 3
[wanxinp2p-gateway-server][${env:SERVER_PORT}] 2022-03-17 16:35:19,383 INFO [main][EurekaServiceRegistry.java:42] - Registering application GATEWAY-SERVER with eureka with status UP
[wanxinp2p-gateway-server][${env:SERVER_PORT}] 2022-03-17 16:35:19,384 INFO [main][DiscoveryClient.java:1305] - Saw local status change event StatusChangeEvent [timestamp=1647506119384, current=UP, previous=STARTING]
[wanxinp2p-gateway-server][${env:SERVER_PORT}] 2022-03-17 16:35:19,386 INFO [DiscoveryClient-InstanceInfoReplicator-0][DiscoveryClient.java:826] - DiscoveryClient_GATEWAY-SERVER/gateway-server:192.168.1.8:53010: registering service...
[wanxinp2p-gateway-server][${env:SERVER_PORT}] 2022-03-17 16:35:19,403 INFO [main][DirectJDKLog.java:173] - Starting ProtocolHandler ["http-nio-53010"]
[wanxinp2p-gateway-server][${env:SERVER_PORT}] 2022-03-17 16:35:19,413 ERROR [main][DirectJDKLog.java:175] - Failed to start component [Connector[HTTP/1.1-53010]]
org.apache.catalina.LifecycleException: Protocol handler start failed
	at org.apache.catalina.connector.Connector.startInternal(Connector.java:1008)
	at org.apache.catalina.util.LifecycleBase.start(LifecycleBase.java:183)
	at org.apache.catalina.core.StandardService.addConnector(StandardService.java:226)
	at org.springframework.boot.web.embedded.tomcat.TomcatWebServer.addPreviouslyRemovedConnectors(TomcatWebServer.java:259)
	at org.springframework.boot.web.embedded.tomcat.TomcatWebServer.start(TomcatWebServer.java:197)
	at org.springframework.boot.web.servlet.context.ServletWebServerApplicationContext.startWebServer(ServletWebServerApplicationContext.java:311)
	at org.springframework.boot.web.servlet.context.ServletWebServerApplicationContext.finishRefresh(ServletWebServerApplicationContext.java:164)
	at org.springframework.context.support.AbstractApplicationContext.refresh(AbstractApplicationContext.java:552)
	at org.springframework.boot.web.servlet.context.ServletWebServerApplicationContext.refresh(ServletWebServerApplicationContext.java:142)
	at org.springframework.boot.SpringApplication.refresh(SpringApplication.java:775)
	at org.springframework.boot.SpringApplication.refreshContext(SpringApplication.java:397)
	at org.springframework.boot.SpringApplication.run(SpringApplication.java:316)
	at org.springframework.boot.SpringApplication.run(SpringApplication.java:1260)
	at org.springframework.boot.SpringApplication.run(SpringApplication.java:1248)
	at cn.itcast.wanxinp2p.gateway.GatewayServerApplication.main(GatewayServer.java:14)
Caused by: java.net.BindException: Address already in use: bind
	at sun.nio.ch.Net.bind0(Native Method)
	at sun.nio.ch.Net.bind(Net.java:433)
	at sun.nio.ch.Net.bind(Net.java:425)
	at sun.nio.ch.ServerSocketChannelImpl.bind(ServerSocketChannelImpl.java:223)
	at sun.nio.ch.ServerSocketAdaptor.bind(ServerSocketAdaptor.java:74)
	at org.apache.tomcat.util.net.NioEndpoint.initServerSocket(NioEndpoint.java:236)
	at org.apache.tomcat.util.net.NioEndpoint.bind(NioEndpoint.java:210)
	at org.apache.tomcat.util.net.AbstractEndpoint.bindWithCleanup(AbstractEndpoint.java:1085)
	at org.apache.tomcat.util.net.AbstractEndpoint.start(AbstractEndpoint.java:1171)
	at org.apache.coyote.AbstractProtocol.start(AbstractProtocol.java:568)
	at org.apache.catalina.connector.Connector.startInternal(Connector.java:1005)
	... 14 more
[wanxinp2p-gateway-server][${env:SERVER_PORT}] 2022-03-17 16:35:19,425 INFO [DiscoveryClient-InstanceInfoReplicator-0][DiscoveryClient.java:835] - DiscoveryClient_GATEWAY-SERVER/gateway-server:192.168.1.8:53010 - registration status: 204
[wanxinp2p-gateway-server][${env:SERVER_PORT}] 2022-03-17 16:35:19,426 INFO [main][DirectJDKLog.java:173] - Pausing ProtocolHandler ["http-nio-53010"]
[wanxinp2p-gateway-server][${env:SERVER_PORT}] 2022-03-17 16:35:19,426 INFO [main][DirectJDKLog.java:173] - Stopping service [Tomcat]
[wanxinp2p-gateway-server][${env:SERVER_PORT}] 2022-03-17 16:35:19,434 WARN [main][DirectJDKLog.java:173] - The web application [ROOT] appears to have started a thread named [spring.cloud.inetutils] but has failed to stop it. This is very likely to create a memory leak. Stack trace of thread:
 sun.misc.Unsafe.park(Native Method)
 java.util.concurrent.locks.LockSupport.park(LockSupport.java:175)
 java.util.concurrent.locks.AbstractQueuedSynchronizer$ConditionObject.await(AbstractQueuedSynchronizer.java:2039)
 java.util.concurrent.LinkedBlockingQueue.take(LinkedBlockingQueue.java:442)
 java.util.concurrent.ThreadPoolExecutor.getTask(ThreadPoolExecutor.java:1074)
 java.util.concurrent.ThreadPoolExecutor.runWorker(ThreadPoolExecutor.java:1134)
 java.util.concurrent.ThreadPoolExecutor$Worker.run(ThreadPoolExecutor.java:624)
 java.lang.Thread.run(Thread.java:748)
[wanxinp2p-gateway-server][${env:SERVER_PORT}] 2022-03-17 16:35:19,435 WARN [main][DirectJDKLog.java:173] - The web application [ROOT] appears to have started a thread named [lettuce-eventExecutorLoop-1-1] but has failed to stop it. This is very likely to create a memory leak. Stack trace of thread:
 sun.misc.Unsafe.park(Native Method)
 java.util.concurrent.locks.LockSupport.parkNanos(LockSupport.java:215)
 java.util.concurrent.locks.AbstractQueuedSynchronizer$ConditionObject.awaitNanos(AbstractQueuedSynchronizer.java:2078)
 java.util.concurrent.LinkedBlockingQueue.poll(LinkedBlockingQueue.java:467)
 io.netty.util.concurrent.SingleThreadEventExecutor.takeTask(SingleThreadEventExecutor.java:251)
 io.netty.util.concurrent.DefaultEventExecutor.run(DefaultEventExecutor.java:64)
 io.netty.util.concurrent.SingleThreadEventExecutor$5.run(SingleThreadEventExecutor.java:905)
 io.netty.util.concurrent.FastThreadLocalRunnable.run(FastThreadLocalRunnable.java:30)
 java.lang.Thread.run(Thread.java:748)
[wanxinp2p-gateway-server][${env:SERVER_PORT}] 2022-03-17 16:35:19,435 WARN [main][DirectJDKLog.java:173] - The web application [ROOT] appears to have started a thread named [RxIoScheduler-1 (Evictor)] but has failed to stop it. This is very likely to create a memory leak. Stack trace of thread:
 sun.misc.Unsafe.park(Native Method)
 java.util.concurrent.locks.LockSupport.parkNanos(LockSupport.java:215)
 java.util.concurrent.locks.AbstractQueuedSynchronizer$ConditionObject.awaitNanos(AbstractQueuedSynchronizer.java:2078)
 java.util.concurrent.ScheduledThreadPoolExecutor$DelayedWorkQueue.take(ScheduledThreadPoolExecutor.java:1093)
 java.util.concurrent.ScheduledThreadPoolExecutor$DelayedWorkQueue.take(ScheduledThreadPoolExecutor.java:809)
 java.util.concurrent.ThreadPoolExecutor.getTask(ThreadPoolExecutor.java:1074)
 java.util.concurrent.ThreadPoolExecutor.runWorker(ThreadPoolExecutor.java:1134)
 java.util.concurrent.ThreadPoolExecutor$Worker.run(ThreadPoolExecutor.java:624)
 java.lang.Thread.run(Thread.java:748)
[wanxinp2p-gateway-server][${env:SERVER_PORT}] 2022-03-17 16:35:19,436 WARN [main][DirectJDKLog.java:173] - The web application [ROOT] appears to have started a thread named [Apollo-SpringValueRegistry-1] but has failed to stop it. This is very likely to create a memory leak. Stack trace of thread:
 sun.misc.Unsafe.park(Native Method)
 java.util.concurrent.locks.LockSupport.parkNanos(LockSupport.java:215)
 java.util.concurrent.locks.AbstractQueuedSynchronizer$ConditionObject.awaitNanos(AbstractQueuedSynchronizer.java:2078)
 java.util.concurrent.ScheduledThreadPoolExecutor$DelayedWorkQueue.take(ScheduledThreadPoolExecutor.java:1093)
 java.util.concurrent.ScheduledThreadPoolExecutor$DelayedWorkQueue.take(ScheduledThreadPoolExecutor.java:809)
 java.util.concurrent.ThreadPoolExecutor.getTask(ThreadPoolExecutor.java:1074)
 java.util.concurrent.ThreadPoolExecutor.runWorker(ThreadPoolExecutor.java:1134)
 java.util.concurrent.ThreadPoolExecutor$Worker.run(ThreadPoolExecutor.java:624)
 java.lang.Thread.run(Thread.java:748)
[wanxinp2p-gateway-server][${env:SERVER_PORT}] 2022-03-17 16:35:19,437 INFO [main][DirectJDKLog.java:173] - The stop() method was called on component [StandardServer[-1]] after stop() had already been called. The second call will be ignored.
[wanxinp2p-gateway-server][${env:SERVER_PORT}] 2022-03-17 16:35:19,438 INFO [main][DirectJDKLog.java:173] - Stopping ProtocolHandler ["http-nio-53010"]
[wanxinp2p-gateway-server][${env:SERVER_PORT}] 2022-03-17 16:35:19,438 INFO [main][DirectJDKLog.java:173] - Destroying ProtocolHandler ["http-nio-53010"]
[wanxinp2p-gateway-server][${env:SERVER_PORT}] 2022-03-17 16:35:19,441 INFO [main][ConditionEvaluationReportLoggingListener.java:142] - 

Error starting ApplicationContext. To display the conditions report re-run your application with 'debug' enabled.
[wanxinp2p-gateway-server][${env:SERVER_PORT}] 2022-03-17 16:35:19,442 INFO [main][EurekaServiceRegistry.java:65] - Unregistering application GATEWAY-SERVER with eureka with status DOWN
[wanxinp2p-gateway-server][${env:SERVER_PORT}] 2022-03-17 16:35:19,442 WARN [main][DiscoveryClient.java:1303] - Saw local status change event StatusChangeEvent [timestamp=1647506119442, current=DOWN, previous=UP]
[wanxinp2p-gateway-server][${env:SERVER_PORT}] 2022-03-17 16:35:19,442 INFO [DiscoveryClient-InstanceInfoReplicator-0][DiscoveryClient.java:826] - DiscoveryClient_GATEWAY-SERVER/gateway-server:192.168.1.8:53010: registering service...
[wanxinp2p-gateway-server][${env:SERVER_PORT}] 2022-03-17 16:35:19,444 INFO [main][ZuulFilterInitializer.java:77] - Stopping filter initializer
[wanxinp2p-gateway-server][${env:SERVER_PORT}] 2022-03-17 16:35:19,446 INFO [main][ExecutorConfigurationSupport.java:208] - Shutting down ExecutorService 'applicationTaskExecutor'
[wanxinp2p-gateway-server][${env:SERVER_PORT}] 2022-03-17 16:35:19,447 INFO [DiscoveryClient-InstanceInfoReplicator-0][DiscoveryClient.java:835] - DiscoveryClient_GATEWAY-SERVER/gateway-server:192.168.1.8:53010 - registration status: 204
[wanxinp2p-gateway-server][${env:SERVER_PORT}] 2022-03-17 16:35:19,475 INFO [main][DiscoveryClient.java:888] - Shutting down DiscoveryClient ...
[wanxinp2p-gateway-server][${env:SERVER_PORT}] 2022-03-17 16:35:22,478 INFO [main][DiscoveryClient.java:922] - Unregistering ...
[wanxinp2p-gateway-server][${env:SERVER_PORT}] 2022-03-17 16:35:22,496 INFO [main][DiscoveryClient.java:924] - DiscoveryClient_GATEWAY-SERVER/gateway-server:192.168.1.8:53010 - deregister  status: 200
[wanxinp2p-gateway-server][${env:SERVER_PORT}] 2022-03-17 16:35:22,513 INFO [main][DiscoveryClient.java:911] - Completed shut down of DiscoveryClient
[wanxinp2p-gateway-server][${env:SERVER_PORT}] 2022-03-17 16:35:22,526 ERROR [main][LoggingFailureAnalysisReporter.java:42] - 

***************************
APPLICATION FAILED TO START
***************************

Description:

The Tomcat connector configured to listen on port 53010 failed to start. The port may already be in use or the connector may be misconfigured.

Action:

Verify the connector's configuration, identify and stop any process that's listening on port 53010, or configure this application to listen on another port.

[wanxinp2p-gateway-server][${env:SERVER_PORT}] 2022-03-17 16:35:27,948 INFO [AsyncResolver-bootstrap-executor-0][ConfigClusterResolver.java:43] - Resolving eureka endpoints via configuration
[wanxinp2p-gateway-server][${env:SERVER_PORT}] 2022-03-17 16:35:32,452 INFO [DiscoveryClient-HeartbeatExecutor-0][DiscoveryClient.java:850] - DiscoveryClient_GATEWAY-SERVER/gateway-server:192.168.1.8:53010 - Re-registering apps/GATEWAY-SERVER
[wanxinp2p-gateway-server][${env:SERVER_PORT}] 2022-03-17 16:35:32,453 INFO [DiscoveryClient-HeartbeatExecutor-0][DiscoveryClient.java:826] - DiscoveryClient_GATEWAY-SERVER/gateway-server:192.168.1.8:53010: registering service...
[wanxinp2p-gateway-server][${env:SERVER_PORT}] 2022-03-17 16:35:32,471 INFO [DiscoveryClient-HeartbeatExecutor-0][DiscoveryClient.java:835] - DiscoveryClient_GATEWAY-SERVER/gateway-server:192.168.1.8:53010 - registration status: 204
[wanxinp2p-gateway-server][${env:SERVER_PORT}] 2022-03-17 16:40:27,958 INFO [AsyncResolver-bootstrap-executor-0][ConfigClusterResolver.java:43] - Resolving eureka endpoints via configuration
[wanxinp2p-gateway-server][${env:SERVER_PORT}] 2022-03-17 16:45:27,974 INFO [AsyncResolver-bootstrap-executor-0][ConfigClusterResolver.java:43] - Resolving eureka endpoints via configuration
[wanxinp2p-gateway-server][${env:SERVER_PORT}] 2022-03-17 16:50:27,988 INFO [AsyncResolver-bootstrap-executor-0][ConfigClusterResolver.java:43] - Resolving eureka endpoints via configuration
[wanxinp2p-gateway-server][${env:SERVER_PORT}] 2022-03-17 16:55:27,997 INFO [AsyncResolver-bootstrap-executor-0][ConfigClusterResolver.java:43] - Resolving eureka endpoints via configuration
