[${project.name}][${env:SERVER_PORT}] 2022-03-30 20:36:58,357 INFO [main][DefaultApplicationProvider.java:85] - App ID is set to wanxindepository by app.id property from System Property
[${project.name}][${env:SERVER_PORT}] 2022-03-30 20:36:58,369 INFO [main][DefaultServerProvider.java:130] - Environment is set to null. Because it is not available in either (1) JVM system property 'env', (2) OS env variable 'ENV' nor (3) property 'env' from the properties InputStream.
[${project.name}][${env:SERVER_PORT}] 2022-03-30 20:36:58,414 WARN [main][DefaultMetaServerProvider.java:39] - Could not find meta server address, because it is not available in neither (1) JVM system property 'apollo.meta', (2) OS env variable 'APOLLO_META' (3) property 'apollo.meta' from server.properties nor (4) property 'apollo.meta' from app.properties
[${project.name}][${env:SERVER_PORT}] 2022-03-30 20:36:58,419 WARN [main][MetaDomainConsts.java:102] - Meta server address fallback to http://apollo.meta for env UNKNOWN, because it is not available in all MetaServerProviders
[${project.name}][${env:SERVER_PORT}] 2022-03-30 20:37:12,762 WARN [main][AbstractConfigRepository.java:26] - Sync config failed, will retry. Repository class com.ctrip.framework.apollo.internals.RemoteConfigRepository, reason: Get config services failed from http://apollo.meta/services/config?appId=wanxindepository&ip=192.168.1.8 [Cause: Could not complete get operation [Cause: apollo.meta]]
[${project.name}][${env:SERVER_PORT}] 2022-03-30 20:37:14,781 WARN [main][LocalFileConfigRepository.java:167] - Sync config from upstream repository class com.ctrip.framework.apollo.internals.RemoteConfigRepository failed, reason: Get config services failed from http://apollo.meta/services/config?appId=wanxindepository&ip=192.168.1.8 [Cause: Could not complete get operation [Cause: apollo.meta]]
[${project.name}][${env:SERVER_PORT}] 2022-03-30 20:37:16,816 WARN [Apollo-RemoteConfigLongPollService-1][RemoteConfigLongPollService.java:193] - Long polling failed, will retry in 1 seconds. appId: wanxindepository, cluster: default, namespaces: application, long polling url: null, reason: Get config services failed from http://apollo.meta/services/config?appId=wanxindepository&ip=192.168.1.8 [Cause: Could not complete get operation [Cause: apollo.meta]]
[${project.name}][${env:SERVER_PORT}] 2022-03-30 20:37:18,829 WARN [main][LocalFileConfigRepository.java:167] - Sync config from upstream repository class com.ctrip.framework.apollo.internals.RemoteConfigRepository failed, reason: Get config services failed from http://apollo.meta/services/config?appId=wanxindepository&ip=192.168.1.8 [Cause: Could not complete get operation [Cause: apollo.meta]]
[${project.name}][${env:SERVER_PORT}] 2022-03-30 20:37:20,995 WARN [Apollo-RemoteConfigLongPollService-1][RemoteConfigLongPollService.java:193] - Long polling failed, will retry in 2 seconds. appId: wanxindepository, cluster: default, namespaces: application, long polling url: null, reason: Get config services failed from http://apollo.meta/services/config?appId=wanxindepository&ip=192.168.1.8 [Cause: Could not complete get operation [Cause: apollo.meta]]
[${project.name}][${env:SERVER_PORT}] 2022-03-30 20:37:23,002 WARN [main][AbstractConfigRepository.java:26] - Sync config failed, will retry. Repository class com.ctrip.framework.apollo.internals.RemoteConfigRepository, reason: Get config services failed from http://apollo.meta/services/config?appId=wanxindepository&ip=192.168.1.8 [Cause: Could not complete get operation [Cause: apollo.meta]]
[${project.name}][${env:SERVER_PORT}] 2022-03-30 20:37:25,008 WARN [Apollo-RemoteConfigLongPollService-1][RemoteConfigLongPollService.java:193] - Long polling failed, will retry in 4 seconds. appId: wanxindepository, cluster: default, namespaces: application+micro_service.spring-boot-druid, long polling url: null, reason: Get config services failed from http://apollo.meta/services/config?appId=wanxindepository&ip=192.168.1.8 [Cause: Could not complete get operation [Cause: apollo.meta]]
[${project.name}][${env:SERVER_PORT}] 2022-03-30 20:37:27,032 WARN [main][LocalFileConfigRepository.java:167] - Sync config from upstream repository class com.ctrip.framework.apollo.internals.RemoteConfigRepository failed, reason: Get config services failed from http://apollo.meta/services/config?appId=wanxindepository&ip=192.168.1.8 [Cause: Could not complete get operation [Cause: apollo.meta]]
[${project.name}][${env:SERVER_PORT}] 2022-03-30 20:37:29,048 WARN [main][LocalFileConfigRepository.java:167] - Sync config from upstream repository class com.ctrip.framework.apollo.internals.RemoteConfigRepository failed, reason: Get config services failed from http://apollo.meta/services/config?appId=wanxindepository&ip=192.168.1.8 [Cause: Could not complete get operation [Cause: apollo.meta]]
[${project.name}][${env:SERVER_PORT}] 2022-03-30 20:37:31,233 WARN [Apollo-RemoteConfigLongPollService-1][RemoteConfigLongPollService.java:193] - Long polling failed, will retry in 8 seconds. appId: wanxindepository, cluster: default, namespaces: application+micro_service.spring-boot-druid, long polling url: null, reason: Get config services failed from http://apollo.meta/services/config?appId=wanxindepository&ip=192.168.1.8 [Cause: Could not complete get operation [Cause: apollo.meta]]
[${project.name}][${env:SERVER_PORT}] 2022-03-30 20:37:33,253 WARN [main][AbstractConfigRepository.java:26] - Sync config failed, will retry. Repository class com.ctrip.framework.apollo.internals.RemoteConfigRepository, reason: Get config services failed from http://apollo.meta/services/config?appId=wanxindepository&ip=192.168.1.8 [Cause: Could not complete get operation [Cause: apollo.meta]]
[${project.name}][${env:SERVER_PORT}] 2022-03-30 20:37:35,274 WARN [main][LocalFileConfigRepository.java:167] - Sync config from upstream repository class com.ctrip.framework.apollo.internals.RemoteConfigRepository failed, reason: Get config services failed from http://apollo.meta/services/config?appId=wanxindepository&ip=192.168.1.8 [Cause: Could not complete get operation [Cause: apollo.meta]]
[${project.name}][${env:SERVER_PORT}] 2022-03-30 20:37:37,289 WARN [main][LocalFileConfigRepository.java:167] - Sync config from upstream repository class com.ctrip.framework.apollo.internals.RemoteConfigRepository failed, reason: Get config services failed from http://apollo.meta/services/config?appId=wanxindepository&ip=192.168.1.8 [Cause: Could not complete get operation [Cause: apollo.meta]]
[${project.name}][${env:SERVER_PORT}] 2022-03-30 20:37:39,304 WARN [main][AbstractConfigRepository.java:26] - Sync config failed, will retry. Repository class com.ctrip.framework.apollo.internals.RemoteConfigRepository, reason: Get config services failed from http://apollo.meta/services/config?appId=wanxindepository&ip=192.168.1.8 [Cause: Could not complete get operation [Cause: apollo.meta]]
[${project.name}][${env:SERVER_PORT}] 2022-03-30 20:37:41,476 WARN [Apollo-RemoteConfigLongPollService-1][RemoteConfigLongPollService.java:193] - Long polling failed, will retry in 16 seconds. appId: wanxindepository, cluster: default, namespaces: micro_service.spring-freemarker+micro_service.spring-boot-http+application+micro_service.spring-boot-druid, long polling url: null, reason: Get config services failed from http://apollo.meta/services/config?appId=wanxindepository&ip=192.168.1.8 [Cause: Could not complete get operation [Cause: apollo.meta]]
[${project.name}][${env:SERVER_PORT}] 2022-03-30 20:37:43,490 WARN [main][LocalFileConfigRepository.java:167] - Sync config from upstream repository class com.ctrip.framework.apollo.internals.RemoteConfigRepository failed, reason: Get config services failed from http://apollo.meta/services/config?appId=wanxindepository&ip=192.168.1.8 [Cause: Could not complete get operation [Cause: apollo.meta]]
[${project.name}][${env:SERVER_PORT}] 2022-03-30 20:37:45,500 WARN [main][LocalFileConfigRepository.java:167] - Sync config from upstream repository class com.ctrip.framework.apollo.internals.RemoteConfigRepository failed, reason: Get config services failed from http://apollo.meta/services/config?appId=wanxindepository&ip=192.168.1.8 [Cause: Could not complete get operation [Cause: apollo.meta]]
[${project.name}][${env:SERVER_PORT}] 2022-03-30 20:37:47,517 WARN [main][AbstractConfigRepository.java:26] - Sync config failed, will retry. Repository class com.ctrip.framework.apollo.internals.RemoteConfigRepository, reason: Get config services failed from http://apollo.meta/services/config?appId=wanxindepository&ip=192.168.1.8 [Cause: Could not complete get operation [Cause: apollo.meta]]
[${project.name}][${env:SERVER_PORT}] 2022-03-30 20:37:49,523 WARN [main][LocalFileConfigRepository.java:167] - Sync config from upstream repository class com.ctrip.framework.apollo.internals.RemoteConfigRepository failed, reason: Get config services failed from http://apollo.meta/services/config?appId=wanxindepository&ip=192.168.1.8 [Cause: Could not complete get operation [Cause: apollo.meta]]
[${project.name}][${env:SERVER_PORT}] 2022-03-30 20:37:51,599 WARN [main][LocalFileConfigRepository.java:167] - Sync config from upstream repository class com.ctrip.framework.apollo.internals.RemoteConfigRepository failed, reason: Get config services failed from http://apollo.meta/services/config?appId=wanxindepository&ip=192.168.1.8 [Cause: Could not complete get operation [Cause: apollo.meta]]
[${project.name}][${env:SERVER_PORT}] 2022-03-30 20:37:53,608 WARN [main][AbstractConfigRepository.java:26] - Sync config failed, will retry. Repository class com.ctrip.framework.apollo.internals.RemoteConfigRepository, reason: Get config services failed from http://apollo.meta/services/config?appId=wanxindepository&ip=192.168.1.8 [Cause: Could not complete get operation [Cause: apollo.meta]]
[${project.name}][${env:SERVER_PORT}] 2022-03-30 20:37:55,640 WARN [main][LocalFileConfigRepository.java:167] - Sync config from upstream repository class com.ctrip.framework.apollo.internals.RemoteConfigRepository failed, reason: Get config services failed from http://apollo.meta/services/config?appId=wanxindepository&ip=192.168.1.8 [Cause: Could not complete get operation [Cause: apollo.meta]]
[${project.name}][${env:SERVER_PORT}] 2022-03-30 20:37:57,664 WARN [main][LocalFileConfigRepository.java:167] - Sync config from upstream repository class com.ctrip.framework.apollo.internals.RemoteConfigRepository failed, reason: Get config services failed from http://apollo.meta/services/config?appId=wanxindepository&ip=192.168.1.8 [Cause: Could not complete get operation [Cause: apollo.meta]]
[${project.name}][${env:SERVER_PORT}] 2022-03-30 20:37:57,669 INFO [main][StartupInfoLogger.java:50] - Starting WanxindepositoryServer on WIN-KRC6GOKJ728 with PID 9400 (started by Administrator in E:\BREW\Code\万信金融\wanxinp2p_apollo)
[${project.name}][${env:SERVER_PORT}] 2022-03-30 20:37:57,669 INFO [main][SpringApplication.java:675] - No active profile set, falling back to default profiles: default
[${project.name}][${env:SERVER_PORT}] 2022-03-30 20:37:58,160 WARN [main][Logger.java:44] - Skipping MapperFactoryBean with name 'balanceDetailsMapper' and 'cn.itcast.wanxindepository.mapper.BalanceDetailsMapper' mapperInterface. Bean already defined with the same name!
[${project.name}][${env:SERVER_PORT}] 2022-03-30 20:37:58,160 WARN [main][Logger.java:44] - Skipping MapperFactoryBean with name 'bankCardDetailsMapper' and 'cn.itcast.wanxindepository.mapper.BankCardDetailsMapper' mapperInterface. Bean already defined with the same name!
[${project.name}][${env:SERVER_PORT}] 2022-03-30 20:37:58,160 WARN [main][Logger.java:44] - Skipping MapperFactoryBean with name 'bankCardMapper' and 'cn.itcast.wanxindepository.mapper.BankCardMapper' mapperInterface. Bean already defined with the same name!
[${project.name}][${env:SERVER_PORT}] 2022-03-30 20:37:58,160 WARN [main][Logger.java:44] - Skipping MapperFactoryBean with name 'bankUserMapper' and 'cn.itcast.wanxindepository.mapper.BankUserMapper' mapperInterface. Bean already defined with the same name!
[${project.name}][${env:SERVER_PORT}] 2022-03-30 20:37:58,160 WARN [main][Logger.java:44] - Skipping MapperFactoryBean with name 'depositoryBankCardMapper' and 'cn.itcast.wanxindepository.mapper.DepositoryBankCardMapper' mapperInterface. Bean already defined with the same name!
[${project.name}][${env:SERVER_PORT}] 2022-03-30 20:37:58,160 WARN [main][Logger.java:44] - Skipping MapperFactoryBean with name 'projectMapper' and 'cn.itcast.wanxindepository.mapper.ProjectMapper' mapperInterface. Bean already defined with the same name!
[${project.name}][${env:SERVER_PORT}] 2022-03-30 20:37:58,161 WARN [main][Logger.java:44] - Skipping MapperFactoryBean with name 'rechargeDetailsMapper' and 'cn.itcast.wanxindepository.mapper.RechargeDetailsMapper' mapperInterface. Bean already defined with the same name!
[${project.name}][${env:SERVER_PORT}] 2022-03-30 20:37:58,161 WARN [main][Logger.java:44] - Skipping MapperFactoryBean with name 'requestDetailsMapper' and 'cn.itcast.wanxindepository.mapper.RequestDetailsMapper' mapperInterface. Bean already defined with the same name!
[${project.name}][${env:SERVER_PORT}] 2022-03-30 20:37:58,161 WARN [main][Logger.java:44] - Skipping MapperFactoryBean with name 'tenderMapper' and 'cn.itcast.wanxindepository.mapper.TenderMapper' mapperInterface. Bean already defined with the same name!
[${project.name}][${env:SERVER_PORT}] 2022-03-30 20:37:58,161 WARN [main][Logger.java:44] - Skipping MapperFactoryBean with name 'userMapper' and 'cn.itcast.wanxindepository.mapper.UserMapper' mapperInterface. Bean already defined with the same name!
[${project.name}][${env:SERVER_PORT}] 2022-03-30 20:37:58,161 WARN [main][Logger.java:44] - Skipping MapperFactoryBean with name 'withdrawDetailsMapper' and 'cn.itcast.wanxindepository.mapper.WithdrawDetailsMapper' mapperInterface. Bean already defined with the same name!
[${project.name}][${env:SERVER_PORT}] 2022-03-30 20:37:58,161 WARN [main][Logger.java:44] - No MyBatis mapper was found in '[cn.itcast.wanxindepository.mapper]' package. Please check your configuration.
[${project.name}][${env:SERVER_PORT}] 2022-03-30 20:37:58,522 INFO [main][PostProcessorRegistrationDelegate.java:330] - Bean 'com.alibaba.druid.spring.boot.autoconfigure.stat.DruidSpringAopConfiguration' of type [com.alibaba.druid.spring.boot.autoconfigure.stat.DruidSpringAopConfiguration] is not eligible for getting processed by all BeanPostProcessors (for example: not eligible for auto-proxying)
[${project.name}][${env:SERVER_PORT}] 2022-03-30 20:37:58,530 INFO [main][PostProcessorRegistrationDelegate.java:330] - Bean 'org.apache.rocketmq.spring.autoconfigure.RocketMQAutoConfiguration' of type [org.apache.rocketmq.spring.autoconfigure.RocketMQAutoConfiguration$$EnhancerBySpringCGLIB$$66df847d] is not eligible for getting processed by all BeanPostProcessors (for example: not eligible for auto-proxying)
[${project.name}][${env:SERVER_PORT}] 2022-03-30 20:37:58,540 INFO [main][PostProcessorRegistrationDelegate.java:330] - Bean 'rocketmq-org.apache.rocketmq.spring.autoconfigure.RocketMQProperties' of type [org.apache.rocketmq.spring.autoconfigure.RocketMQProperties] is not eligible for getting processed by all BeanPostProcessors (for example: not eligible for auto-proxying)
[${project.name}][${env:SERVER_PORT}] 2022-03-30 20:37:59,261 INFO [main][PostProcessorRegistrationDelegate.java:330] - Bean 'defaultMQProducer' of type [org.apache.rocketmq.client.producer.DefaultMQProducer] is not eligible for getting processed by all BeanPostProcessors (for example: not eligible for auto-proxying)
[${project.name}][${env:SERVER_PORT}] 2022-03-30 20:37:59,263 INFO [main][PostProcessorRegistrationDelegate.java:330] - Bean 'org.springframework.boot.autoconfigure.jackson.JacksonAutoConfiguration$JacksonObjectMapperConfiguration' of type [org.springframework.boot.autoconfigure.jackson.JacksonAutoConfiguration$JacksonObjectMapperConfiguration$$EnhancerBySpringCGLIB$$99dcf512] is not eligible for getting processed by all BeanPostProcessors (for example: not eligible for auto-proxying)
[${project.name}][${env:SERVER_PORT}] 2022-03-30 20:37:59,265 INFO [main][PostProcessorRegistrationDelegate.java:330] - Bean 'org.springframework.boot.autoconfigure.jackson.JacksonAutoConfiguration$JacksonObjectMapperBuilderConfiguration' of type [org.springframework.boot.autoconfigure.jackson.JacksonAutoConfiguration$JacksonObjectMapperBuilderConfiguration$$EnhancerBySpringCGLIB$$4c29b72b] is not eligible for getting processed by all BeanPostProcessors (for example: not eligible for auto-proxying)
[${project.name}][${env:SERVER_PORT}] 2022-03-30 20:37:59,266 INFO [main][PostProcessorRegistrationDelegate.java:330] - Bean 'org.springframework.boot.autoconfigure.jackson.JacksonAutoConfiguration$Jackson2ObjectMapperBuilderCustomizerConfiguration' of type [org.springframework.boot.autoconfigure.jackson.JacksonAutoConfiguration$Jackson2ObjectMapperBuilderCustomizerConfiguration$$EnhancerBySpringCGLIB$$7409d1a] is not eligible for getting processed by all BeanPostProcessors (for example: not eligible for auto-proxying)
[${project.name}][${env:SERVER_PORT}] 2022-03-30 20:37:59,269 INFO [main][PostProcessorRegistrationDelegate.java:330] - Bean 'spring.jackson-org.springframework.boot.autoconfigure.jackson.JacksonProperties' of type [org.springframework.boot.autoconfigure.jackson.JacksonProperties] is not eligible for getting processed by all BeanPostProcessors (for example: not eligible for auto-proxying)
[${project.name}][${env:SERVER_PORT}] 2022-03-30 20:37:59,271 INFO [main][PostProcessorRegistrationDelegate.java:330] - Bean 'standardJacksonObjectMapperBuilderCustomizer' of type [org.springframework.boot.autoconfigure.jackson.JacksonAutoConfiguration$Jackson2ObjectMapperBuilderCustomizerConfiguration$StandardJackson2ObjectMapperBuilderCustomizer] is not eligible for getting processed by all BeanPostProcessors (for example: not eligible for auto-proxying)
[${project.name}][${env:SERVER_PORT}] 2022-03-30 20:37:59,274 INFO [main][PostProcessorRegistrationDelegate.java:330] - Bean 'org.springframework.boot.autoconfigure.jackson.JacksonAutoConfiguration$ParameterNamesModuleConfiguration' of type [org.springframework.boot.autoconfigure.jackson.JacksonAutoConfiguration$ParameterNamesModuleConfiguration$$EnhancerBySpringCGLIB$$2e0c1448] is not eligible for getting processed by all BeanPostProcessors (for example: not eligible for auto-proxying)
[${project.name}][${env:SERVER_PORT}] 2022-03-30 20:37:59,278 INFO [main][PostProcessorRegistrationDelegate.java:330] - Bean 'parameterNamesModule' of type [com.fasterxml.jackson.module.paramnames.ParameterNamesModule] is not eligible for getting processed by all BeanPostProcessors (for example: not eligible for auto-proxying)
[${project.name}][${env:SERVER_PORT}] 2022-03-30 20:37:59,278 INFO [main][PostProcessorRegistrationDelegate.java:330] - Bean 'org.springframework.boot.autoconfigure.jackson.JacksonAutoConfiguration' of type [org.springframework.boot.autoconfigure.jackson.JacksonAutoConfiguration$$EnhancerBySpringCGLIB$$7be892a1] is not eligible for getting processed by all BeanPostProcessors (for example: not eligible for auto-proxying)
[${project.name}][${env:SERVER_PORT}] 2022-03-30 20:37:59,298 INFO [main][PostProcessorRegistrationDelegate.java:330] - Bean 'jsonComponentModule' of type [org.springframework.boot.jackson.JsonComponentModule] is not eligible for getting processed by all BeanPostProcessors (for example: not eligible for auto-proxying)
[${project.name}][${env:SERVER_PORT}] 2022-03-30 20:37:59,299 INFO [main][PostProcessorRegistrationDelegate.java:330] - Bean 'jacksonObjectMapperBuilder' of type [org.springframework.http.converter.json.Jackson2ObjectMapperBuilder] is not eligible for getting processed by all BeanPostProcessors (for example: not eligible for auto-proxying)
[${project.name}][${env:SERVER_PORT}] 2022-03-30 20:37:59,314 INFO [main][PostProcessorRegistrationDelegate.java:330] - Bean 'jacksonObjectMapper' of type [com.fasterxml.jackson.databind.ObjectMapper] is not eligible for getting processed by all BeanPostProcessors (for example: not eligible for auto-proxying)
[${project.name}][${env:SERVER_PORT}] 2022-03-30 20:37:59,682 WARN [Apollo-RemoteConfigLongPollService-1][RemoteConfigLongPollService.java:193] - Long polling failed, will retry in 32 seconds. appId: wanxindepository, cluster: default, namespaces: micro_service.spring-freemarker+micro_service.spring-boot-http+micro_service.mybatis-plus+application+micro_service.spring-rocketmq+micro_service.spring-boot-druid, long polling url: null, reason: Get config services failed from http://apollo.meta/services/config?appId=wanxindepository&ip=192.168.1.8 [Cause: Could not complete get operation [Cause: apollo.meta]]
[${project.name}][${env:SERVER_PORT}] 2022-03-30 20:38:01,040 INFO [main][PostProcessorRegistrationDelegate.java:330] - Bean 'rocketMQTemplate' of type [org.apache.rocketmq.spring.core.RocketMQTemplate] is not eligible for getting processed by all BeanPostProcessors (for example: not eligible for auto-proxying)
[${project.name}][${env:SERVER_PORT}] 2022-03-30 20:38:01,041 INFO [main][PostProcessorRegistrationDelegate.java:330] - Bean 'transactionHandlerRegistry' of type [org.apache.rocketmq.spring.config.TransactionHandlerRegistry] is not eligible for getting processed by all BeanPostProcessors (for example: not eligible for auto-proxying)
[${project.name}][${env:SERVER_PORT}] 2022-03-30 20:38:01,059 INFO [main][PostProcessorRegistrationDelegate.java:330] - Bean 'org.springframework.transaction.annotation.ProxyTransactionManagementConfiguration' of type [org.springframework.transaction.annotation.ProxyTransactionManagementConfiguration$$EnhancerBySpringCGLIB$$3e497581] is not eligible for getting processed by all BeanPostProcessors (for example: not eligible for auto-proxying)
[${project.name}][${env:SERVER_PORT}] 2022-03-30 20:38:01,067 INFO [main][PostProcessorRegistrationDelegate.java:330] - Bean 'spring.datasource.druid-com.alibaba.druid.spring.boot.autoconfigure.properties.DruidStatProperties' of type [com.alibaba.druid.spring.boot.autoconfigure.properties.DruidStatProperties] is not eligible for getting processed by all BeanPostProcessors (for example: not eligible for auto-proxying)
[${project.name}][${env:SERVER_PORT}] 2022-03-30 20:38:01,072 INFO [main][PostProcessorRegistrationDelegate.java:330] - Bean 'advisor' of type [org.springframework.aop.support.RegexpMethodPointcutAdvisor] is not eligible for getting processed by all BeanPostProcessors (for example: not eligible for auto-proxying)
[${project.name}][${env:SERVER_PORT}] 2022-03-30 20:38:01,290 INFO [main][TomcatWebServer.java:90] - Tomcat initialized with port(s): 8080 (http)
[${project.name}][${env:SERVER_PORT}] 2022-03-30 20:38:01,299 INFO [main][DirectJDKLog.java:173] - Initializing ProtocolHandler ["http-nio-8080"]
[${project.name}][${env:SERVER_PORT}] 2022-03-30 20:38:01,305 INFO [main][DirectJDKLog.java:173] - Starting service [Tomcat]
[${project.name}][${env:SERVER_PORT}] 2022-03-30 20:38:01,305 INFO [main][DirectJDKLog.java:173] - Starting Servlet engine: [Apache Tomcat/9.0.16]
[${project.name}][${env:SERVER_PORT}] 2022-03-30 20:38:01,310 INFO [main][DirectJDKLog.java:173] - The APR based Apache Tomcat Native library which allows optimal performance in production environments was not found on the java.library.path: [E:\BREW\IT\JDK\bin;C:\Windows\Sun\Java\bin;C:\Windows\system32;C:\Windows;C:\Windows\system32;C:\Windows;C:\Windows\System32\Wbem;C:\Windows\System32\WindowsPowerShell\v1.0\;C:\Windows\System32\OpenSSH\;E:\BREW\IT\TortoiseGit\bin;E:\BREW\IT\TortoiseSVN\bin;E:\BREW\IT\JDK\bin;E:\BREW\IT\MAVEN\apache-maven-3.8.4\bin;E:\BREW\IT\Git\Git\cmd;E:\BREW\IT\MYSQL80\mysql-8.0.28-winx64\bin;C:\Users\Administrator\AppData\Local\Microsoft\WindowsApps;;E:\BREW\IT\IDEA\IntelliJ IDEA 2021.3.2\bin;;.]
[${project.name}][${env:SERVER_PORT}] 2022-03-30 20:38:01,423 INFO [main][DirectJDKLog.java:173] - Initializing Spring embedded WebApplicationContext
[${project.name}][${env:SERVER_PORT}] 2022-03-30 20:38:01,424 INFO [main][ServletWebServerApplicationContext.java:296] - Root WebApplicationContext: initialization completed in 3729 ms
[${project.name}][${env:SERVER_PORT}] 2022-03-30 20:38:01,546 INFO [main][DruidDataSourceAutoConfigure.java:56] - Init DruidDataSource
[${project.name}][${env:SERVER_PORT}] 2022-03-30 20:38:02,346 INFO [main][DruidDataSource.java:1002] - {dataSource-1} inited
[${project.name}][${env:SERVER_PORT}] 2022-03-30 20:38:03,203 INFO [NettyClientSelector_1][Slf4jLoggerFactory.java:95] - closeChannel: close the connection to remote address[] result: true
[${project.name}][${env:SERVER_PORT}] 2022-03-30 20:38:03,203 INFO [NettyClientSelector_1][Slf4jLoggerFactory.java:95] - closeChannel: close the connection to remote address[] result: true
[${project.name}][${env:SERVER_PORT}] 2022-03-30 20:38:05,853 INFO [NettyClientSelector_1][Slf4jLoggerFactory.java:95] - closeChannel: close the connection to remote address[] result: true
[${project.name}][${env:SERVER_PORT}] 2022-03-30 20:38:07,918 INFO [NettyClientSelector_1][Slf4jLoggerFactory.java:95] - closeChannel: close the connection to remote address[] result: true
[${project.name}][${env:SERVER_PORT}] 2022-03-30 20:38:07,923 INFO [main][GatewayMessageConsumer.java:71] - GatewayMessageConsumer Listener
[${project.name}][${env:SERVER_PORT}] 2022-03-30 20:38:08,019 INFO [main][ExecutorConfigurationSupport.java:171] - Initializing ExecutorService 'applicationTaskExecutor'
[${project.name}][${env:SERVER_PORT}] 2022-03-30 20:38:08,309 INFO [main][EndpointLinksResolver.java:59] - Exposing 2 endpoint(s) beneath base path '/actuator'
[${project.name}][${env:SERVER_PORT}] 2022-03-30 20:38:08,358 INFO [main][DirectJDKLog.java:173] - Starting ProtocolHandler ["http-nio-8080"]
[${project.name}][${env:SERVER_PORT}] 2022-03-30 20:38:08,360 ERROR [main][DirectJDKLog.java:175] - Failed to start component [Connector[HTTP/1.1-8080]]
org.apache.catalina.LifecycleException: Protocol handler start failed
	at org.apache.catalina.connector.Connector.startInternal(Connector.java:1008)
	at org.apache.catalina.util.LifecycleBase.start(LifecycleBase.java:183)
	at org.apache.catalina.core.StandardService.addConnector(StandardService.java:226)
	at org.springframework.boot.web.embedded.tomcat.TomcatWebServer.addPreviouslyRemovedConnectors(TomcatWebServer.java:259)
	at org.springframework.boot.web.embedded.tomcat.TomcatWebServer.start(TomcatWebServer.java:197)
	at org.springframework.boot.web.servlet.context.ServletWebServerApplicationContext.startWebServer(ServletWebServerApplicationContext.java:311)
	at org.springframework.boot.web.servlet.context.ServletWebServerApplicationContext.finishRefresh(ServletWebServerApplicationContext.java:164)
	at org.springframework.context.support.AbstractApplicationContext.refresh(AbstractApplicationContext.java:552)
	at org.springframework.boot.web.servlet.context.ServletWebServerApplicationContext.refresh(ServletWebServerApplicationContext.java:142)
	at org.springframework.boot.SpringApplication.refresh(SpringApplication.java:775)
	at org.springframework.boot.SpringApplication.refreshContext(SpringApplication.java:397)
	at org.springframework.boot.SpringApplication.run(SpringApplication.java:316)
	at org.springframework.boot.SpringApplication.run(SpringApplication.java:1260)
	at org.springframework.boot.SpringApplication.run(SpringApplication.java:1248)
	at cn.itcast.wanxindepository.WanxindepositoryServer.main(WanxindepositoryServer.java:13)
Caused by: java.net.BindException: Address already in use: bind
	at sun.nio.ch.Net.bind0(Native Method)
	at sun.nio.ch.Net.bind(Net.java:433)
	at sun.nio.ch.Net.bind(Net.java:425)
	at sun.nio.ch.ServerSocketChannelImpl.bind(ServerSocketChannelImpl.java:223)
	at sun.nio.ch.ServerSocketAdaptor.bind(ServerSocketAdaptor.java:74)
	at org.apache.tomcat.util.net.NioEndpoint.initServerSocket(NioEndpoint.java:236)
	at org.apache.tomcat.util.net.NioEndpoint.bind(NioEndpoint.java:210)
	at org.apache.tomcat.util.net.AbstractEndpoint.bindWithCleanup(AbstractEndpoint.java:1085)
	at org.apache.tomcat.util.net.AbstractEndpoint.start(AbstractEndpoint.java:1171)
	at org.apache.coyote.AbstractProtocol.start(AbstractProtocol.java:568)
	at org.apache.catalina.connector.Connector.startInternal(Connector.java:1005)
	... 14 more
[${project.name}][${env:SERVER_PORT}] 2022-03-30 20:38:08,367 INFO [main][DirectJDKLog.java:173] - Pausing ProtocolHandler ["http-nio-8080"]
[${project.name}][${env:SERVER_PORT}] 2022-03-30 20:38:08,367 INFO [main][DirectJDKLog.java:173] - Stopping service [Tomcat]
[${project.name}][${env:SERVER_PORT}] 2022-03-30 20:38:08,369 WARN [main][DirectJDKLog.java:173] - The web application [wanxindepository] appears to have started a thread named [Druid-ConnectionPool-Create-227644740] but has failed to stop it. This is very likely to create a memory leak. Stack trace of thread:
 sun.misc.Unsafe.park(Native Method)
 java.util.concurrent.locks.LockSupport.park(LockSupport.java:175)
 java.util.concurrent.locks.AbstractQueuedSynchronizer$ConditionObject.await(AbstractQueuedSynchronizer.java:2039)
 com.alibaba.druid.pool.DruidDataSource$CreateConnectionThread.run(DruidDataSource.java:2576)
[${project.name}][${env:SERVER_PORT}] 2022-03-30 20:38:08,370 WARN [main][DirectJDKLog.java:173] - The web application [wanxindepository] appears to have started a thread named [Druid-ConnectionPool-Destroy-227644740] but has failed to stop it. This is very likely to create a memory leak. Stack trace of thread:
 java.lang.Thread.sleep(Native Method)
 com.alibaba.druid.pool.DruidDataSource$DestroyConnectionThread.run(DruidDataSource.java:2672)
[${project.name}][${env:SERVER_PORT}] 2022-03-30 20:38:08,372 INFO [main][DirectJDKLog.java:173] - The stop() method was called on component [StandardServer[-1]] after stop() had already been called. The second call will be ignored.
[${project.name}][${env:SERVER_PORT}] 2022-03-30 20:38:08,372 INFO [main][DirectJDKLog.java:173] - Stopping ProtocolHandler ["http-nio-8080"]
[${project.name}][${env:SERVER_PORT}] 2022-03-30 20:38:08,372 INFO [main][DirectJDKLog.java:173] - Destroying ProtocolHandler ["http-nio-8080"]
[${project.name}][${env:SERVER_PORT}] 2022-03-30 20:38:08,374 INFO [main][ConditionEvaluationReportLoggingListener.java:142] - 

Error starting ApplicationContext. To display the conditions report re-run your application with 'debug' enabled.
[${project.name}][${env:SERVER_PORT}] 2022-03-30 20:38:08,378 ERROR [main][LoggingFailureAnalysisReporter.java:42] - 

***************************
APPLICATION FAILED TO START
***************************

Description:

The Tomcat connector configured to listen on port 8080 failed to start. The port may already be in use or the connector may be misconfigured.

Action:

Verify the connector's configuration, identify and stop any process that's listening on port 8080, or configure this application to listen on another port.

[${project.name}][${env:SERVER_PORT}] 2022-03-30 20:38:08,381 INFO [main][ExecutorConfigurationSupport.java:208] - Shutting down ExecutorService 'applicationTaskExecutor'
[${project.name}][${env:SERVER_PORT}] 2022-03-30 20:38:08,382 INFO [main][DruidDataSource.java:1885] - {dataSource-1} closing ...
[${project.name}][${env:SERVER_PORT}] 2022-03-30 20:38:08,385 INFO [main][DruidDataSource.java:1955] - {dataSource-1} closed
[${project.name}][${env:SERVER_PORT}] 2022-03-30 20:38:09,973 INFO [NettyClientSelector_1][Slf4jLoggerFactory.java:95] - closeChannel: close the connection to remote address[] result: true
[${project.name}][${env:SERVER_PORT}] 2022-03-30 20:38:12,018 INFO [NettyClientSelector_1][Slf4jLoggerFactory.java:95] - closeChannel: close the connection to remote address[] result: true
[${project.name}][${env:SERVER_PORT}] 2022-03-30 20:38:33,870 WARN [Apollo-RemoteConfigLongPollService-1][RemoteConfigLongPollService.java:193] - Long polling failed, will retry in 64 seconds. appId: wanxindepository, cluster: default, namespaces: micro_service.spring-freemarker+micro_service.spring-boot-http+micro_service.mybatis-plus+application+micro_service.spring-rocketmq+micro_service.spring-boot-druid, long polling url: null, reason: Get config services failed from http://apollo.meta/services/config?appId=wanxindepository&ip=192.168.1.8 [Cause: Could not complete get operation [Cause: apollo.meta]]
[${project.name}][${env:SERVER_PORT}] 2022-03-30 20:38:34,385 INFO [NettyClientSelector_1][Slf4jLoggerFactory.java:95] - closeChannel: close the connection to remote address[] result: true
[${project.name}][${env:SERVER_PORT}] 2022-03-30 20:38:38,466 INFO [NettyClientSelector_1][Slf4jLoggerFactory.java:95] - closeChannel: close the connection to remote address[] result: true
[${project.name}][${env:SERVER_PORT}] 2022-03-30 20:39:00,509 INFO [NettyClientSelector_1][Slf4jLoggerFactory.java:95] - closeChannel: close the connection to remote address[] result: true
[${project.name}][${env:SERVER_PORT}] 2022-03-30 20:39:02,528 INFO [NettyClientSelector_1][Slf4jLoggerFactory.java:95] - closeChannel: close the connection to remote address[] result: true
[${project.name}][${env:SERVER_PORT}] 2022-03-30 20:39:04,565 INFO [NettyClientSelector_1][Slf4jLoggerFactory.java:95] - closeChannel: close the connection to remote address[] result: true
[${project.name}][${env:SERVER_PORT}] 2022-03-30 20:39:06,595 INFO [NettyClientSelector_1][Slf4jLoggerFactory.java:95] - closeChannel: close the connection to remote address[] result: true
[${project.name}][${env:SERVER_PORT}] 2022-03-30 20:39:27,607 INFO [NettyClientSelector_1][Slf4jLoggerFactory.java:95] - closeChannel: close the connection to remote address[] result: true
[${project.name}][${env:SERVER_PORT}] 2022-03-30 20:39:34,352 INFO [NettyClientSelector_1][Slf4jLoggerFactory.java:95] - closeChannel: close the connection to remote address[] result: true
[${project.name}][${env:SERVER_PORT}] 2022-03-30 20:39:36,397 INFO [NettyClientSelector_1][Slf4jLoggerFactory.java:95] - closeChannel: close the connection to remote address[] result: true
[${project.name}][${env:SERVER_PORT}] 2022-03-30 20:39:40,051 WARN [Apollo-RemoteConfigLongPollService-1][RemoteConfigLongPollService.java:193] - Long polling failed, will retry in 120 seconds. appId: wanxindepository, cluster: default, namespaces: micro_service.spring-freemarker+micro_service.spring-boot-http+micro_service.mybatis-plus+application+micro_service.spring-rocketmq+micro_service.spring-boot-druid, long polling url: null, reason: Get config services failed from http://apollo.meta/services/config?appId=wanxindepository&ip=192.168.1.8 [Cause: Could not complete get operation [Cause: apollo.meta]]
[${project.name}][${env:SERVER_PORT}] 2022-03-30 20:39:49,632 INFO [NettyClientSelector_1][Slf4jLoggerFactory.java:95] - closeChannel: close the connection to remote address[] result: true
[${project.name}][${env:SERVER_PORT}] 2022-03-30 20:39:51,661 INFO [NettyClientSelector_1][Slf4jLoggerFactory.java:95] - closeChannel: close the connection to remote address[] result: true
[${project.name}][${env:SERVER_PORT}] 2022-03-30 20:40:02,334 INFO [NettyClientSelector_1][Slf4jLoggerFactory.java:95] - closeChannel: close the connection to remote address[] result: true
[${project.name}][${env:SERVER_PORT}] 2022-03-30 20:40:04,360 INFO [NettyClientSelector_1][Slf4jLoggerFactory.java:95] - closeChannel: close the connection to remote address[] result: true
[${project.name}][${env:SERVER_PORT}] 2022-03-30 20:40:06,381 INFO [NettyClientSelector_1][Slf4jLoggerFactory.java:95] - closeChannel: close the connection to remote address[] result: true
[${project.name}][${env:SERVER_PORT}] 2022-03-30 20:40:13,702 INFO [NettyClientSelector_1][Slf4jLoggerFactory.java:95] - closeChannel: close the connection to remote address[] result: true
[${project.name}][${env:SERVER_PORT}] 2022-03-30 20:40:15,733 INFO [NettyClientSelector_1][Slf4jLoggerFactory.java:95] - closeChannel: close the connection to remote address[] result: true
[${project.name}][${env:SERVER_PORT}] 2022-03-30 20:53:12,845 INFO [main][DefaultApplicationProvider.java:85] - App ID is set to depository-agent-service by app.id property from System Property
[${project.name}][${env:SERVER_PORT}] 2022-03-30 20:53:12,849 INFO [main][DefaultServerProvider.java:108] - Environment is set to [dev] by JVM system property 'env'.
[${project.name}][${env:SERVER_PORT}] 2022-03-30 20:53:12,877 WARN [main][DefaultMetaServerProvider.java:39] - Could not find meta server address, because it is not available in neither (1) JVM system property 'apollo.meta', (2) OS env variable 'APOLLO_META' (3) property 'apollo.meta' from server.properties nor (4) property 'apollo.meta' from app.properties
[${project.name}][${env:SERVER_PORT}] 2022-03-30 20:53:12,882 INFO [main][MetaDomainConsts.java:93] - Located meta server address http://localhost:8080 for env DEV from com.ctrip.framework.apollo.core.internals.LegacyMetaServerProvider
[${project.name}][${env:SERVER_PORT}] 2022-03-30 20:53:22,884 WARN [main][RemoteConfigRepository.java:194] - Load config failed, will retry in 1 SECONDS. appId: depository-agent-service, cluster: DEFAULT, namespaces: micro_service.spring-cloud-feign
[${project.name}][${env:SERVER_PORT}] 2022-03-30 20:53:23,904 WARN [main][AbstractConfigRepository.java:26] - Sync config failed, will retry. Repository class com.ctrip.framework.apollo.internals.RemoteConfigRepository, reason: Load Apollo Config failed - appId: depository-agent-service, cluster: DEFAULT, namespace: micro_service.spring-cloud-feign, url: http://172.35.0.88:8080/configs/depository-agent-service/DEFAULT/micro_service.spring-cloud-feign?ip=192.168.1.8 [Cause: [status code: 404] Could not find config for namespace - appId: depository-agent-service, cluster: DEFAULT, namespace: micro_service.spring-cloud-feign, please check whether the configs are released in Apollo!]
[${project.name}][${env:SERVER_PORT}] 2022-03-30 20:53:23,912 WARN [main][RemoteConfigRepository.java:194] - Load config failed, will retry in 1 SECONDS. appId: depository-agent-service, cluster: DEFAULT, namespaces: micro_service.spring-cloud-feign
[${project.name}][${env:SERVER_PORT}] 2022-03-30 20:53:24,931 WARN [main][LocalFileConfigRepository.java:167] - Sync config from upstream repository class com.ctrip.framework.apollo.internals.RemoteConfigRepository failed, reason: Load Apollo Config failed - appId: depository-agent-service, cluster: DEFAULT, namespace: micro_service.spring-cloud-feign, url: http://172.35.0.88:8080/configs/depository-agent-service/DEFAULT/micro_service.spring-cloud-feign?ip=192.168.1.8&messages=%7B%22details%22%3A%7B%22common-template%2Bdefault%2Bmicro_service.spring-cloud-feign%22%3A403%2C%22depository-agent-service%2Bdefault%2Bmicro_service.spring-cloud-feign%22%3A349%7D%7D [Cause: [status code: 404] Could not find config for namespace - appId: depository-agent-service, cluster: DEFAULT, namespace: micro_service.spring-cloud-feign, please check whether the configs are released in Apollo!]
[${project.name}][${env:SERVER_PORT}] 2022-03-30 20:53:24,936 WARN [Apollo-RemoteConfigRepository-1][RemoteConfigRepository.java:194] - Load config failed, will retry in 1 SECONDS. appId: depository-agent-service, cluster: DEFAULT, namespaces: micro_service.spring-cloud-feign
[${project.name}][${env:SERVER_PORT}] 2022-03-30 20:53:25,958 WARN [Apollo-RemoteConfigRepository-1][RemoteConfigRepository.java:194] - Load config failed, will retry in 1 SECONDS. appId: depository-agent-service, cluster: DEFAULT, namespaces: micro_service.spring-cloud-feign
[${project.name}][${env:SERVER_PORT}] 2022-03-30 20:53:26,968 WARN [Apollo-RemoteConfigRepository-1][AbstractConfigRepository.java:26] - Sync config failed, will retry. Repository class com.ctrip.framework.apollo.internals.RemoteConfigRepository, reason: Load Apollo Config failed - appId: depository-agent-service, cluster: DEFAULT, namespace: micro_service.spring-cloud-feign, url: http://172.35.0.88:8080/configs/depository-agent-service/DEFAULT/micro_service.spring-cloud-feign?ip=192.168.1.8&messages=%7B%22details%22%3A%7B%22common-template%2Bdefault%2Bmicro_service.spring-cloud-feign%22%3A403%2C%22depository-agent-service%2Bdefault%2Bmicro_service.spring-cloud-feign%22%3A349%7D%7D [Cause: [status code: 404] Could not find config for namespace - appId: depository-agent-service, cluster: DEFAULT, namespace: micro_service.spring-cloud-feign, please check whether the configs are released in Apollo!]
[${project.name}][${env:SERVER_PORT}] 2022-03-30 20:53:26,973 WARN [main][RemoteConfigRepository.java:194] - Load config failed, will retry in 1 SECONDS. appId: depository-agent-service, cluster: DEFAULT, namespaces: micro_service.spring-cloud-feign
[${project.name}][${env:SERVER_PORT}] 2022-03-30 20:53:27,986 WARN [main][LocalFileConfigRepository.java:167] - Sync config from upstream repository class com.ctrip.framework.apollo.internals.RemoteConfigRepository failed, reason: Load Apollo Config failed - appId: depository-agent-service, cluster: DEFAULT, namespace: micro_service.spring-cloud-feign, url: http://172.35.0.88:8080/configs/depository-agent-service/DEFAULT/micro_service.spring-cloud-feign?ip=192.168.1.8&messages=%7B%22details%22%3A%7B%22common-template%2Bdefault%2Bmicro_service.spring-cloud-feign%22%3A403%2C%22depository-agent-service%2Bdefault%2Bmicro_service.spring-cloud-feign%22%3A349%7D%7D [Cause: [status code: 404] Could not find config for namespace - appId: depository-agent-service, cluster: DEFAULT, namespace: micro_service.spring-cloud-feign, please check whether the configs are released in Apollo!]
[${project.name}][${env:SERVER_PORT}] 2022-03-30 20:53:27,986 WARN [main][AbstractConfigRepository.java:26] - Sync config failed, will retry. Repository class com.ctrip.framework.apollo.internals.LocalFileConfigRepository, reason: Load config from local config failed! [Cause: Cannot read from local cache file C:\opt\data\depository-agent-service\config-cache\depository-agent-service+DEFAULT+micro_service.spring-cloud-feign.properties]
[${project.name}][${env:SERVER_PORT}] 2022-03-30 20:53:27,990 WARN [main][RemoteConfigRepository.java:194] - Load config failed, will retry in 1 SECONDS. appId: depository-agent-service, cluster: DEFAULT, namespaces: micro_service.spring-cloud-feign
[${project.name}][${env:SERVER_PORT}] 2022-03-30 20:53:29,010 WARN [main][LocalFileConfigRepository.java:167] - Sync config from upstream repository class com.ctrip.framework.apollo.internals.RemoteConfigRepository failed, reason: Load Apollo Config failed - appId: depository-agent-service, cluster: DEFAULT, namespace: micro_service.spring-cloud-feign, url: http://172.35.0.88:8080/configs/depository-agent-service/DEFAULT/micro_service.spring-cloud-feign?ip=192.168.1.8&messages=%7B%22details%22%3A%7B%22common-template%2Bdefault%2Bmicro_service.spring-cloud-feign%22%3A403%2C%22depository-agent-service%2Bdefault%2Bmicro_service.spring-cloud-feign%22%3A349%7D%7D [Cause: [status code: 404] Could not find config for namespace - appId: depository-agent-service, cluster: DEFAULT, namespace: micro_service.spring-cloud-feign, please check whether the configs are released in Apollo!]
[${project.name}][${env:SERVER_PORT}] 2022-03-30 20:53:29,010 WARN [main][DefaultConfig.java:61] - Init Apollo Local Config failed - namespace: micro_service.spring-cloud-feign, reason: Load config from local config failed! [Cause: Cannot read from local cache file C:\opt\data\depository-agent-service\config-cache\depository-agent-service+DEFAULT+micro_service.spring-cloud-feign.properties].
[${project.name}][${env:SERVER_PORT}] 2022-03-30 20:53:29,038 WARN [main][DefaultConfig.java:95] - Could not load config for namespace micro_service.spring-cloud-feign from Apollo, please check whether the configs are released in Apollo! Return default value now!
[${project.name}][${env:SERVER_PORT}] 2022-03-30 20:53:29,039 INFO [main][SpringApplication.java:675] - No active profile set, falling back to default profiles: default
[${project.name}][${env:SERVER_PORT}] 2022-03-30 20:53:31,358 INFO [main][RepositoryConfigurationDelegate.java:244] - Multiple Spring Data modules found, entering strict repository configuration mode!
[${project.name}][${env:SERVER_PORT}] 2022-03-30 20:53:31,361 INFO [main][RepositoryConfigurationDelegate.java:126] - Bootstrapping Spring Data repositories in DEFAULT mode.
[${project.name}][${env:SERVER_PORT}] 2022-03-30 20:53:31,389 INFO [main][RepositoryConfigurationDelegate.java:182] - Finished Spring Data repository scanning in 16ms. Found 0 repository interfaces.
[${project.name}][${env:SERVER_PORT}] 2022-03-30 20:53:31,478 WARN [main][EndpointId.java:135] - Endpoint ID 'service-registry' contains invalid characters, please migrate to a valid format.
[${project.name}][${env:SERVER_PORT}] 2022-03-30 20:53:31,645 INFO [main][GenericScope.java:294] - BeanFactory id=12a75b04-0c54-3a68-8acd-0497e5298f5a
[${project.name}][${env:SERVER_PORT}] 2022-03-30 20:53:31,708 INFO [main][PostProcessorRegistrationDelegate.java:330] - Bean 'com.alibaba.druid.spring.boot.autoconfigure.stat.DruidSpringAopConfiguration' of type [com.alibaba.druid.spring.boot.autoconfigure.stat.DruidSpringAopConfiguration] is not eligible for getting processed by all BeanPostProcessors (for example: not eligible for auto-proxying)
[${project.name}][${env:SERVER_PORT}] 2022-03-30 20:53:31,754 INFO [main][PostProcessorRegistrationDelegate.java:330] - Bean 'spring.datasource.druid-com.alibaba.druid.spring.boot.autoconfigure.properties.DruidStatProperties' of type [com.alibaba.druid.spring.boot.autoconfigure.properties.DruidStatProperties] is not eligible for getting processed by all BeanPostProcessors (for example: not eligible for auto-proxying)
[${project.name}][${env:SERVER_PORT}] 2022-03-30 20:53:31,763 INFO [main][PostProcessorRegistrationDelegate.java:330] - Bean 'advisor' of type [org.springframework.aop.support.RegexpMethodPointcutAdvisor] is not eligible for getting processed by all BeanPostProcessors (for example: not eligible for auto-proxying)
[${project.name}][${env:SERVER_PORT}] 2022-03-30 20:53:31,772 INFO [main][PostProcessorRegistrationDelegate.java:330] - Bean 'org.springframework.transaction.annotation.ProxyTransactionManagementConfiguration' of type [org.springframework.transaction.annotation.ProxyTransactionManagementConfiguration$$EnhancerBySpringCGLIB$$f3c78889] is not eligible for getting processed by all BeanPostProcessors (for example: not eligible for auto-proxying)
[${project.name}][${env:SERVER_PORT}] 2022-03-30 20:53:31,794 INFO [main][PostProcessorRegistrationDelegate.java:330] - Bean 'org.springframework.cloud.autoconfigure.ConfigurationPropertiesRebinderAutoConfiguration' of type [org.springframework.cloud.autoconfigure.ConfigurationPropertiesRebinderAutoConfiguration$$EnhancerBySpringCGLIB$$fe18b86] is not eligible for getting processed by all BeanPostProcessors (for example: not eligible for auto-proxying)
[${project.name}][${env:SERVER_PORT}] 2022-03-30 20:53:32,068 INFO [main][TomcatWebServer.java:90] - Tomcat initialized with port(s): 53070 (http)
[${project.name}][${env:SERVER_PORT}] 2022-03-30 20:53:32,084 INFO [main][DirectJDKLog.java:173] - Initializing ProtocolHandler ["http-nio-53070"]
[${project.name}][${env:SERVER_PORT}] 2022-03-30 20:53:32,091 INFO [main][DirectJDKLog.java:173] - Starting service [Tomcat]
[${project.name}][${env:SERVER_PORT}] 2022-03-30 20:53:32,092 INFO [main][DirectJDKLog.java:173] - Starting Servlet engine: [Apache Tomcat/9.0.16]
[${project.name}][${env:SERVER_PORT}] 2022-03-30 20:53:32,099 INFO [main][DirectJDKLog.java:173] - The APR based Apache Tomcat Native library which allows optimal performance in production environments was not found on the java.library.path: [E:\BREW\IT\JDK\bin;C:\Windows\Sun\Java\bin;C:\Windows\system32;C:\Windows;C:\Windows\system32;C:\Windows;C:\Windows\System32\Wbem;C:\Windows\System32\WindowsPowerShell\v1.0\;C:\Windows\System32\OpenSSH\;E:\BREW\IT\TortoiseGit\bin;E:\BREW\IT\TortoiseSVN\bin;E:\BREW\IT\JDK\bin;E:\BREW\IT\MAVEN\apache-maven-3.8.4\bin;E:\BREW\IT\Git\Git\cmd;E:\BREW\IT\MYSQL80\mysql-8.0.28-winx64\bin;C:\Users\Administrator\AppData\Local\Microsoft\WindowsApps;;E:\BREW\IT\IDEA\IntelliJ IDEA 2021.3.2\bin;;.]
[${project.name}][${env:SERVER_PORT}] 2022-03-30 20:53:32,315 INFO [main][DirectJDKLog.java:173] - Initializing Spring embedded WebApplicationContext
[${project.name}][${env:SERVER_PORT}] 2022-03-30 20:53:32,315 INFO [main][ServletWebServerApplicationContext.java:296] - Root WebApplicationContext: initialization completed in 3266 ms
[${project.name}][${env:SERVER_PORT}] 2022-03-30 20:53:32,423 WARN [main][URLConfigurationSource.java:121] - No URLs will be polled as dynamic configuration sources.
[${project.name}][${env:SERVER_PORT}] 2022-03-30 20:53:32,424 INFO [main][URLConfigurationSource.java:122] - To enable URLs as dynamic configuration sources, define System property archaius.configurationSource.additionalUrls or make config.properties available on classpath.
[${project.name}][${env:SERVER_PORT}] 2022-03-30 20:53:32,436 INFO [main][DynamicPropertyFactory.java:281] - DynamicPropertyFactory is initialized with configuration sources: com.netflix.config.ConcurrentCompositeConfiguration@110e9982
[${project.name}][${env:SERVER_PORT}] 2022-03-30 20:53:32,516 INFO [main][DruidDataSourceAutoConfigure.java:56] - Init DruidDataSource
[${project.name}][${env:SERVER_PORT}] 2022-03-30 20:53:33,295 INFO [main][DruidDataSource.java:1002] - {dataSource-1} inited
[${project.name}][${env:SERVER_PORT}] 2022-03-30 20:53:34,734 WARN [main][URLConfigurationSource.java:121] - No URLs will be polled as dynamic configuration sources.
[${project.name}][${env:SERVER_PORT}] 2022-03-30 20:53:34,735 INFO [main][URLConfigurationSource.java:122] - To enable URLs as dynamic configuration sources, define System property archaius.configurationSource.additionalUrls or make config.properties available on classpath.
[${project.name}][${env:SERVER_PORT}] 2022-03-30 20:53:34,935 INFO [main][ExecutorConfigurationSupport.java:171] - Initializing ExecutorService 'applicationTaskExecutor'
[${project.name}][${env:SERVER_PORT}] 2022-03-30 20:53:36,240 INFO [main][EndpointLinksResolver.java:59] - Exposing 2 endpoint(s) beneath base path '/actuator'
[${project.name}][${env:SERVER_PORT}] 2022-03-30 20:53:36,321 INFO [main][InstanceInfoFactory.java:71] - Setting initial instance status as: STARTING
[${project.name}][${env:SERVER_PORT}] 2022-03-30 20:53:36,355 INFO [main][DiscoveryClient.java:349] - Initializing Eureka in region us-east-1
[${project.name}][${env:SERVER_PORT}] 2022-03-30 20:53:36,420 INFO [main][DiscoveryJerseyProvider.java:70] - Using JSON encoding codec LegacyJacksonJson
[${project.name}][${env:SERVER_PORT}] 2022-03-30 20:53:36,420 INFO [main][DiscoveryJerseyProvider.java:71] - Using JSON decoding codec LegacyJacksonJson
[${project.name}][${env:SERVER_PORT}] 2022-03-30 20:53:36,529 INFO [main][DiscoveryJerseyProvider.java:80] - Using XML encoding codec XStreamXml
[${project.name}][${env:SERVER_PORT}] 2022-03-30 20:53:36,529 INFO [main][DiscoveryJerseyProvider.java:81] - Using XML decoding codec XStreamXml
[${project.name}][${env:SERVER_PORT}] 2022-03-30 20:53:36,730 INFO [main][ConfigClusterResolver.java:43] - Resolving eureka endpoints via configuration
[${project.name}][${env:SERVER_PORT}] 2022-03-30 20:53:37,046 INFO [main][DiscoveryClient.java:958] - Disable delta property : false
[${project.name}][${env:SERVER_PORT}] 2022-03-30 20:53:37,046 INFO [main][DiscoveryClient.java:959] - Single vip registry refresh property : null
[${project.name}][${env:SERVER_PORT}] 2022-03-30 20:53:37,046 INFO [main][DiscoveryClient.java:960] - Force full registry fetch : false
[${project.name}][${env:SERVER_PORT}] 2022-03-30 20:53:37,046 INFO [main][DiscoveryClient.java:961] - Application is null : false
[${project.name}][${env:SERVER_PORT}] 2022-03-30 20:53:37,047 INFO [main][DiscoveryClient.java:962] - Registered Applications size is zero : true
[${project.name}][${env:SERVER_PORT}] 2022-03-30 20:53:37,047 INFO [main][DiscoveryClient.java:964] - Application version is -1: true
[${project.name}][${env:SERVER_PORT}] 2022-03-30 20:53:37,047 INFO [main][DiscoveryClient.java:1047] - Getting all instance registry info from the eureka server
[${project.name}][${env:SERVER_PORT}] 2022-03-30 20:53:37,213 INFO [main][DiscoveryClient.java:1056] - The response status is 200
[${project.name}][${env:SERVER_PORT}] 2022-03-30 20:53:37,216 INFO [main][DiscoveryClient.java:1270] - Starting heartbeat executor: renew interval is: 30
[${project.name}][${env:SERVER_PORT}] 2022-03-30 20:53:37,218 INFO [main][InstanceInfoReplicator.java:60] - InstanceInfoReplicator onDemand update allowed rate per min is 4
[${project.name}][${env:SERVER_PORT}] 2022-03-30 20:53:37,221 INFO [main][DiscoveryClient.java:449] - Discovery Client initialized at timestamp 1648644817221 with initial instances count: 2
[${project.name}][${env:SERVER_PORT}] 2022-03-30 20:53:37,223 INFO [main][EurekaServiceRegistry.java:42] - Registering application DEPOSITORY-AGENT-SERVICE with eureka with status UP
[${project.name}][${env:SERVER_PORT}] 2022-03-30 20:53:37,223 INFO [main][DiscoveryClient.java:1305] - Saw local status change event StatusChangeEvent [timestamp=1648644817223, current=UP, previous=STARTING]
[${project.name}][${env:SERVER_PORT}] 2022-03-30 20:53:37,226 INFO [DiscoveryClient-InstanceInfoReplicator-0][DiscoveryClient.java:826] - DiscoveryClient_DEPOSITORY-AGENT-SERVICE/depository-agent-service:172.35.0.88:53070: registering service...
[${project.name}][${env:SERVER_PORT}] 2022-03-30 20:53:37,240 INFO [main][DirectJDKLog.java:173] - Starting ProtocolHandler ["http-nio-53070"]
[${project.name}][${env:SERVER_PORT}] 2022-03-30 20:53:37,265 INFO [main][TomcatWebServer.java:204] - Tomcat started on port(s): 53070 (http) with context path '/depository-agent'
[${project.name}][${env:SERVER_PORT}] 2022-03-30 20:53:37,266 INFO [main][EurekaAutoServiceRegistration.java:141] - Updating port to 53070
[${project.name}][${env:SERVER_PORT}] 2022-03-30 20:53:37,268 INFO [main][StartupInfoLogger.java:59] - Started DepositoryAgentService in 26.474 seconds (JVM running for 28.613)
[${project.name}][${env:SERVER_PORT}] 2022-03-30 20:53:37,277 INFO [DiscoveryClient-InstanceInfoReplicator-0][DiscoveryClient.java:835] - DiscoveryClient_DEPOSITORY-AGENT-SERVICE/depository-agent-service:172.35.0.88:53070 - registration status: 204
[${project.name}][${env:SERVER_PORT}] 2022-03-30 20:53:37,848 INFO [RMI TCP Connection(5)-172.35.0.88][DirectJDKLog.java:173] - Initializing Spring DispatcherServlet 'dispatcherServlet'
[${project.name}][${env:SERVER_PORT}] 2022-03-30 20:53:37,848 INFO [RMI TCP Connection(5)-172.35.0.88][FrameworkServlet.java:524] - Initializing Servlet 'dispatcherServlet'
[${project.name}][${env:SERVER_PORT}] 2022-03-30 20:53:37,860 INFO [RMI TCP Connection(5)-172.35.0.88][FrameworkServlet.java:546] - Completed initialization in 12 ms
[${project.name}][${env:SERVER_PORT}] 2022-03-30 20:53:38,057 INFO [RMI TCP Connection(6)-172.35.0.88][EpollProvider.java:68] - Starting without optional epoll library
[${project.name}][${env:SERVER_PORT}] 2022-03-30 20:53:38,059 INFO [RMI TCP Connection(6)-172.35.0.88][KqueueProvider.java:70] - Starting without optional kqueue library
[${project.name}][${env:SERVER_PORT}] 2022-03-30 20:58:23,912 WARN [Apollo-RemoteConfigRepository-1][RemoteConfigRepository.java:194] - Load config failed, will retry in 1 SECONDS. appId: depository-agent-service, cluster: DEFAULT, namespaces: micro_service.spring-cloud-feign
[${project.name}][${env:SERVER_PORT}] 2022-03-30 20:58:24,921 WARN [Apollo-RemoteConfigRepository-1][AbstractConfigRepository.java:26] - Sync config failed, will retry. Repository class com.ctrip.framework.apollo.internals.RemoteConfigRepository, reason: Load Apollo Config failed - appId: depository-agent-service, cluster: DEFAULT, namespace: micro_service.spring-cloud-feign, url: http://172.35.0.88:8080/configs/depository-agent-service/DEFAULT/micro_service.spring-cloud-feign?ip=192.168.1.8&messages=%7B%22details%22%3A%7B%22common-template%2Bdefault%2Bmicro_service.spring-cloud-feign%22%3A403%2C%22depository-agent-service%2Bdefault%2Bmicro_service.spring-cloud-feign%22%3A349%7D%7D [Cause: [status code: 404] Could not find config for namespace - appId: depository-agent-service, cluster: DEFAULT, namespace: micro_service.spring-cloud-feign, please check whether the configs are released in Apollo!]
[${project.name}][${env:SERVER_PORT}] 2022-03-30 20:58:37,053 INFO [AsyncResolver-bootstrap-executor-0][ConfigClusterResolver.java:43] - Resolving eureka endpoints via configuration
