[wanxinp2p-gateway-server][${env:SERVER_PORT}] 2022-03-30 23:01:06,192 INFO [AsyncResolver-bootstrap-executor-0][ConfigClusterResolver.java:43] - Resolving eureka endpoints via configuration
[wanxinp2p-gateway-server][${env:SERVER_PORT}] 2022-03-30 23:06:06,200 INFO [AsyncResolver-bootstrap-executor-0][ConfigClusterResolver.java:43] - Resolving eureka endpoints via configuration
[wanxinp2p-gateway-server][${env:SERVER_PORT}] 2022-03-30 23:11:06,202 INFO [AsyncResolver-bootstrap-executor-0][ConfigClusterResolver.java:43] - Resolving eureka endpoints via configuration
[wanxinp2p-gateway-server][${env:SERVER_PORT}] 2022-03-30 23:16:06,214 INFO [AsyncResolver-bootstrap-executor-0][ConfigClusterResolver.java:43] - Resolving eureka endpoints via configuration
[wanxinp2p-gateway-server][${env:SERVER_PORT}] 2022-03-30 23:21:06,219 INFO [AsyncResolver-bootstrap-executor-0][ConfigClusterResolver.java:43] - Resolving eureka endpoints via configuration
[wanxinp2p-gateway-server][${env:SERVER_PORT}] 2022-03-30 23:26:06,232 INFO [AsyncResolver-bootstrap-executor-0][ConfigClusterResolver.java:43] - Resolving eureka endpoints via configuration
[wanxinp2p-gateway-server][${env:SERVER_PORT}] 2022-03-30 23:31:06,240 INFO [AsyncResolver-bootstrap-executor-0][ConfigClusterResolver.java:43] - Resolving eureka endpoints via configuration
[wanxinp2p-gateway-server][${env:SERVER_PORT}] 2022-03-30 23:31:23,414 INFO [DiscoveryClient-HeartbeatExecutor-0][DiscoveryClient.java:850] - DiscoveryClient_GATEWAY-SERVER/gateway-server:172.35.0.88:53010 - Re-registering apps/GATEWAY-SERVER
[wanxinp2p-gateway-server][${env:SERVER_PORT}] 2022-03-30 23:31:23,414 INFO [DiscoveryClient-HeartbeatExecutor-0][DiscoveryClient.java:826] - DiscoveryClient_GATEWAY-SERVER/gateway-server:172.35.0.88:53010: registering service...
[wanxinp2p-gateway-server][${env:SERVER_PORT}] 2022-03-30 23:31:23,439 INFO [DiscoveryClient-HeartbeatExecutor-0][DiscoveryClient.java:835] - DiscoveryClient_GATEWAY-SERVER/gateway-server:172.35.0.88:53010 - registration status: 204
[wanxinp2p-gateway-server][${env:SERVER_PORT}] 2022-03-30 23:31:43,344 INFO [Thread-63][PollingServerListUpdater.java:53] - Shutting down the Executor Pool for PollingServerListUpdater
[wanxinp2p-gateway-server][${env:SERVER_PORT}] 2022-03-30 23:31:43,347 INFO [Thread-47][EurekaServiceRegistry.java:65] - Unregistering application GATEWAY-SERVER with eureka with status DOWN
[wanxinp2p-gateway-server][${env:SERVER_PORT}] 2022-03-30 23:31:43,348 WARN [Thread-47][DiscoveryClient.java:1303] - Saw local status change event StatusChangeEvent [timestamp=1648654303348, current=DOWN, previous=UP]
[wanxinp2p-gateway-server][${env:SERVER_PORT}] 2022-03-30 23:31:43,348 INFO [DiscoveryClient-InstanceInfoReplicator-0][DiscoveryClient.java:826] - DiscoveryClient_GATEWAY-SERVER/gateway-server:172.35.0.88:53010: registering service...
[wanxinp2p-gateway-server][${env:SERVER_PORT}] 2022-03-30 23:31:43,360 INFO [Thread-47][ZuulFilterInitializer.java:77] - Stopping filter initializer
[wanxinp2p-gateway-server][${env:SERVER_PORT}] 2022-03-30 23:31:43,361 INFO [DiscoveryClient-InstanceInfoReplicator-0][DiscoveryClient.java:835] - DiscoveryClient_GATEWAY-SERVER/gateway-server:172.35.0.88:53010 - registration status: 204
[wanxinp2p-gateway-server][${env:SERVER_PORT}] 2022-03-30 23:31:43,364 INFO [Thread-47][ShutdownEnabledTimer.java:67] - Shutdown hook removed for: NFLoadBalancer-PingTimer-consumer-service
[wanxinp2p-gateway-server][${env:SERVER_PORT}] 2022-03-30 23:31:43,364 INFO [Thread-47][ShutdownEnabledTimer.java:72] - Exception caught (might be ok if at shutdown)
java.lang.IllegalStateException: Shutdown in progress
	at java.lang.ApplicationShutdownHooks.remove(ApplicationShutdownHooks.java:82)
	at java.lang.Runtime.removeShutdownHook(Runtime.java:239)
	at com.netflix.util.concurrent.ShutdownEnabledTimer.cancel(ShutdownEnabledTimer.java:70)
	at com.netflix.loadbalancer.BaseLoadBalancer.cancelPingTask(BaseLoadBalancer.java:632)
	at com.netflix.loadbalancer.BaseLoadBalancer.shutdown(BaseLoadBalancer.java:883)
	at com.netflix.loadbalancer.DynamicServerListLoadBalancer.shutdown(DynamicServerListLoadBalancer.java:285)
	at sun.reflect.NativeMethodAccessorImpl.invoke0(Native Method)
	at sun.reflect.NativeMethodAccessorImpl.invoke(NativeMethodAccessorImpl.java:62)
	at sun.reflect.DelegatingMethodAccessorImpl.invoke(DelegatingMethodAccessorImpl.java:43)
	at java.lang.reflect.Method.invoke(Method.java:498)
	at org.springframework.beans.factory.support.DisposableBeanAdapter.invokeCustomDestroyMethod(DisposableBeanAdapter.java:337)
	at org.springframework.beans.factory.support.DisposableBeanAdapter.destroy(DisposableBeanAdapter.java:271)
	at org.springframework.beans.factory.support.DefaultSingletonBeanRegistry.destroyBean(DefaultSingletonBeanRegistry.java:571)
	at org.springframework.beans.factory.support.DefaultSingletonBeanRegistry.destroySingleton(DefaultSingletonBeanRegistry.java:543)
	at org.springframework.beans.factory.support.DefaultListableBeanFactory.destroySingleton(DefaultListableBeanFactory.java:1055)
	at org.springframework.beans.factory.support.DefaultSingletonBeanRegistry.destroySingletons(DefaultSingletonBeanRegistry.java:504)
	at org.springframework.beans.factory.support.DefaultListableBeanFactory.destroySingletons(DefaultListableBeanFactory.java:1062)
	at org.springframework.context.support.AbstractApplicationContext.destroyBeans(AbstractApplicationContext.java:1057)
	at org.springframework.context.support.AbstractApplicationContext.doClose(AbstractApplicationContext.java:1026)
	at org.springframework.context.support.AbstractApplicationContext.close(AbstractApplicationContext.java:975)
	at org.springframework.cloud.context.named.NamedContextFactory.destroy(NamedContextFactory.java:79)
	at org.springframework.beans.factory.support.DisposableBeanAdapter.destroy(DisposableBeanAdapter.java:256)
	at org.springframework.beans.factory.support.DefaultSingletonBeanRegistry.destroyBean(DefaultSingletonBeanRegistry.java:571)
	at org.springframework.beans.factory.support.DefaultSingletonBeanRegistry.destroySingleton(DefaultSingletonBeanRegistry.java:543)
	at org.springframework.beans.factory.support.DefaultListableBeanFactory.destroySingleton(DefaultListableBeanFactory.java:1055)
	at org.springframework.beans.factory.support.DefaultSingletonBeanRegistry.destroySingletons(DefaultSingletonBeanRegistry.java:504)
	at org.springframework.beans.factory.support.DefaultListableBeanFactory.destroySingletons(DefaultListableBeanFactory.java:1062)
	at org.springframework.context.support.AbstractApplicationContext.destroyBeans(AbstractApplicationContext.java:1057)
	at org.springframework.context.support.AbstractApplicationContext.doClose(AbstractApplicationContext.java:1026)
	at org.springframework.context.support.AbstractApplicationContext$1.run(AbstractApplicationContext.java:945)
[wanxinp2p-gateway-server][${env:SERVER_PORT}] 2022-03-30 23:31:43,370 INFO [Thread-47][ExecutorConfigurationSupport.java:208] - Shutting down ExecutorService 'applicationTaskExecutor'
[wanxinp2p-gateway-server][${env:SERVER_PORT}] 2022-03-30 23:31:44,547 INFO [Thread-47][DiscoveryClient.java:888] - Shutting down DiscoveryClient ...
[wanxinp2p-gateway-server][${env:SERVER_PORT}] 2022-03-30 23:31:47,558 INFO [Thread-47][DiscoveryClient.java:922] - Unregistering ...
[wanxinp2p-gateway-server][${env:SERVER_PORT}] 2022-03-30 23:31:47,578 INFO [Thread-47][DiscoveryClient.java:924] - DiscoveryClient_GATEWAY-SERVER/gateway-server:172.35.0.88:53010 - deregister  status: 200
[wanxinp2p-gateway-server][${env:SERVER_PORT}] 2022-03-30 23:31:47,586 INFO [Thread-47][DiscoveryClient.java:911] - Completed shut down of DiscoveryClient
[wanxinp2p-gateway-server][${env:SERVER_PORT}] 2022-03-30 23:32:01,439 INFO [main][DefaultApplicationProvider.java:85] - App ID is set to gateway-server by app.id property from System Property
[wanxinp2p-gateway-server][${env:SERVER_PORT}] 2022-03-30 23:32:01,444 INFO [main][DefaultServerProvider.java:108] - Environment is set to [dev] by JVM system property 'env'.
[wanxinp2p-gateway-server][${env:SERVER_PORT}] 2022-03-30 23:32:01,481 WARN [main][DefaultMetaServerProvider.java:39] - Could not find meta server address, because it is not available in neither (1) JVM system property 'apollo.meta', (2) OS env variable 'APOLLO_META' (3) property 'apollo.meta' from server.properties nor (4) property 'apollo.meta' from app.properties
[wanxinp2p-gateway-server][${env:SERVER_PORT}] 2022-03-30 23:32:01,486 INFO [main][MetaDomainConsts.java:93] - Located meta server address http://localhost:8080 for env DEV from com.ctrip.framework.apollo.core.internals.LegacyMetaServerProvider
[wanxinp2p-gateway-server][${env:SERVER_PORT}] 2022-03-30 23:32:11,353 INFO [main][SpringApplication.java:675] - No active profile set, falling back to default profiles: default
[wanxinp2p-gateway-server][${env:SERVER_PORT}] 2022-03-30 23:32:12,192 INFO [main][RepositoryConfigurationDelegate.java:244] - Multiple Spring Data modules found, entering strict repository configuration mode!
[wanxinp2p-gateway-server][${env:SERVER_PORT}] 2022-03-30 23:32:12,195 INFO [main][RepositoryConfigurationDelegate.java:126] - Bootstrapping Spring Data repositories in DEFAULT mode.
[wanxinp2p-gateway-server][${env:SERVER_PORT}] 2022-03-30 23:32:12,347 INFO [main][RepositoryConfigurationDelegate.java:182] - Finished Spring Data repository scanning in 23ms. Found 0 repository interfaces.
[wanxinp2p-gateway-server][${env:SERVER_PORT}] 2022-03-30 23:32:12,464 WARN [main][EndpointId.java:135] - Endpoint ID 'service-registry' contains invalid characters, please migrate to a valid format.
[wanxinp2p-gateway-server][${env:SERVER_PORT}] 2022-03-30 23:32:12,478 WARN [main][EndpointId.java:135] - Endpoint ID 'hystrix.stream' contains invalid characters, please migrate to a valid format.
[wanxinp2p-gateway-server][${env:SERVER_PORT}] 2022-03-30 23:32:12,570 INFO [main][ConfigurationClassPostProcessor.java:380] - Cannot enhance @Configuration bean definition 'com.ctrip.framework.apollo.spring.boot.ApolloAutoConfiguration' since its singleton instance has been created too early. The typical cause is a non-static @Bean method with a BeanDefinitionRegistryPostProcessor return type: Consider declaring such methods as 'static'.
[wanxinp2p-gateway-server][${env:SERVER_PORT}] 2022-03-30 23:32:12,705 INFO [main][GenericScope.java:294] - BeanFactory id=4609e0e5-f83e-3baf-8a1b-5bde812d113a
[wanxinp2p-gateway-server][${env:SERVER_PORT}] 2022-03-30 23:32:12,725 WARN [main][PropertySourcesDeducer.java:75] - Multiple PropertySourcesPlaceholderConfigurer beans registered [propertySourcesPlaceholderConfigurer, org.springframework.context.support.PropertySourcesPlaceholderConfigurer], falling back to Environment
[wanxinp2p-gateway-server][${env:SERVER_PORT}] 2022-03-30 23:32:12,951 INFO [main][PostProcessorRegistrationDelegate.java:330] - Bean 'org.springframework.cloud.autoconfigure.ConfigurationPropertiesRebinderAutoConfiguration' of type [org.springframework.cloud.autoconfigure.ConfigurationPropertiesRebinderAutoConfiguration$$EnhancerBySpringCGLIB$$469666a0] is not eligible for getting processed by all BeanPostProcessors (for example: not eligible for auto-proxying)
[wanxinp2p-gateway-server][${env:SERVER_PORT}] 2022-03-30 23:32:13,267 INFO [main][TomcatWebServer.java:90] - Tomcat initialized with port(s): 53010 (http)
[wanxinp2p-gateway-server][${env:SERVER_PORT}] 2022-03-30 23:32:13,283 INFO [main][DirectJDKLog.java:173] - Initializing ProtocolHandler ["http-nio-53010"]
[wanxinp2p-gateway-server][${env:SERVER_PORT}] 2022-03-30 23:32:13,301 INFO [main][DirectJDKLog.java:173] - Starting service [Tomcat]
[wanxinp2p-gateway-server][${env:SERVER_PORT}] 2022-03-30 23:32:13,302 INFO [main][DirectJDKLog.java:173] - Starting Servlet engine: [Apache Tomcat/9.0.16]
[wanxinp2p-gateway-server][${env:SERVER_PORT}] 2022-03-30 23:32:13,312 INFO [main][DirectJDKLog.java:173] - The APR based Apache Tomcat Native library which allows optimal performance in production environments was not found on the java.library.path: [E:\BREW\IT\JDK\bin;C:\Windows\Sun\Java\bin;C:\Windows\system32;C:\Windows;C:\Windows\system32;C:\Windows;C:\Windows\System32\Wbem;C:\Windows\System32\WindowsPowerShell\v1.0\;C:\Windows\System32\OpenSSH\;E:\BREW\IT\TortoiseGit\bin;E:\BREW\IT\TortoiseSVN\bin;E:\BREW\IT\JDK\bin;E:\BREW\IT\MAVEN\apache-maven-3.8.4\bin;E:\BREW\IT\Git\Git\cmd;E:\BREW\IT\MYSQL80\mysql-8.0.28-winx64\bin;C:\Users\Administrator\AppData\Local\Microsoft\WindowsApps;;E:\BREW\IT\IDEA\IntelliJ IDEA 2021.3.2\bin;;.]
[wanxinp2p-gateway-server][${env:SERVER_PORT}] 2022-03-30 23:32:13,508 INFO [main][DirectJDKLog.java:173] - Initializing Spring embedded WebApplicationContext
[wanxinp2p-gateway-server][${env:SERVER_PORT}] 2022-03-30 23:32:13,509 INFO [main][ServletWebServerApplicationContext.java:296] - Root WebApplicationContext: initialization completed in 2137 ms
[wanxinp2p-gateway-server][${env:SERVER_PORT}] 2022-03-30 23:32:13,623 WARN [main][URLConfigurationSource.java:121] - No URLs will be polled as dynamic configuration sources.
[wanxinp2p-gateway-server][${env:SERVER_PORT}] 2022-03-30 23:32:13,624 INFO [main][URLConfigurationSource.java:122] - To enable URLs as dynamic configuration sources, define System property archaius.configurationSource.additionalUrls or make config.properties available on classpath.
[wanxinp2p-gateway-server][${env:SERVER_PORT}] 2022-03-30 23:32:13,638 INFO [main][DynamicPropertyFactory.java:281] - DynamicPropertyFactory is initialized with configuration sources: com.netflix.config.ConcurrentCompositeConfiguration@900649e
[wanxinp2p-gateway-server][${env:SERVER_PORT}] 2022-03-30 23:32:16,994 WARN [main][JwtAccessTokenConverter.java:302] - Unable to create an RSA verifier from verifierKey (ignoreable if using MAC)
[wanxinp2p-gateway-server][${env:SERVER_PORT}] 2022-03-30 23:32:17,129 WARN [main][URLConfigurationSource.java:121] - No URLs will be polled as dynamic configuration sources.
[wanxinp2p-gateway-server][${env:SERVER_PORT}] 2022-03-30 23:32:17,129 INFO [main][URLConfigurationSource.java:122] - To enable URLs as dynamic configuration sources, define System property archaius.configurationSource.additionalUrls or make config.properties available on classpath.
[wanxinp2p-gateway-server][${env:SERVER_PORT}] 2022-03-30 23:32:17,372 INFO [main][ExecutorConfigurationSupport.java:171] - Initializing ExecutorService 'applicationTaskExecutor'
[wanxinp2p-gateway-server][${env:SERVER_PORT}] 2022-03-30 23:32:17,824 INFO [main][UserDetailsServiceAutoConfiguration.java:86] - 

Using generated security password: 6d209a83-b843-4e8b-a61f-fed1a44d1109

[wanxinp2p-gateway-server][${env:SERVER_PORT}] 2022-03-30 23:32:17,981 INFO [main][DefaultSecurityFilterChain.java:43] - Creating filter chain: any request, [org.springframework.security.web.context.request.async.WebAsyncManagerIntegrationFilter@61f08aa9, org.springframework.security.web.context.SecurityContextPersistenceFilter@19b3d3a4, org.springframework.security.web.header.HeaderWriterFilter@5c81ddab, org.springframework.security.web.authentication.logout.LogoutFilter@5382a35f, org.springframework.security.oauth2.provider.authentication.OAuth2AuthenticationProcessingFilter@5eb9bf7d, org.springframework.security.web.savedrequest.RequestCacheAwareFilter@33214124, org.springframework.security.web.servletapi.SecurityContextHolderAwareRequestFilter@862624f, org.springframework.security.web.authentication.AnonymousAuthenticationFilter@1a1f22f2, org.springframework.security.web.session.SessionManagementFilter@46c9ee28, org.springframework.security.web.access.ExceptionTranslationFilter@32121140, org.springframework.security.web.access.intercept.FilterSecurityInterceptor@4b1b2255]
[wanxinp2p-gateway-server][${env:SERVER_PORT}] 2022-03-30 23:32:18,159 INFO [main][EndpointLinksResolver.java:59] - Exposing 2 endpoint(s) beneath base path '/actuator'
[wanxinp2p-gateway-server][${env:SERVER_PORT}] 2022-03-30 23:32:19,463 INFO [main][ZuulFilterInitializer.java:65] - Starting filter initializer
[wanxinp2p-gateway-server][${env:SERVER_PORT}] 2022-03-30 23:32:19,643 INFO [main][InstanceInfoFactory.java:71] - Setting initial instance status as: STARTING
[wanxinp2p-gateway-server][${env:SERVER_PORT}] 2022-03-30 23:32:19,717 INFO [main][DiscoveryClient.java:349] - Initializing Eureka in region us-east-1
[wanxinp2p-gateway-server][${env:SERVER_PORT}] 2022-03-30 23:32:19,835 INFO [main][DiscoveryJerseyProvider.java:70] - Using JSON encoding codec LegacyJacksonJson
[wanxinp2p-gateway-server][${env:SERVER_PORT}] 2022-03-30 23:32:19,835 INFO [main][DiscoveryJerseyProvider.java:71] - Using JSON decoding codec LegacyJacksonJson
[wanxinp2p-gateway-server][${env:SERVER_PORT}] 2022-03-30 23:32:20,012 INFO [main][DiscoveryJerseyProvider.java:80] - Using XML encoding codec XStreamXml
[wanxinp2p-gateway-server][${env:SERVER_PORT}] 2022-03-30 23:32:20,012 INFO [main][DiscoveryJerseyProvider.java:81] - Using XML decoding codec XStreamXml
[wanxinp2p-gateway-server][${env:SERVER_PORT}] 2022-03-30 23:32:20,318 INFO [main][ConfigClusterResolver.java:43] - Resolving eureka endpoints via configuration
[wanxinp2p-gateway-server][${env:SERVER_PORT}] 2022-03-30 23:32:20,672 INFO [main][DiscoveryClient.java:958] - Disable delta property : false
[wanxinp2p-gateway-server][${env:SERVER_PORT}] 2022-03-30 23:32:20,672 INFO [main][DiscoveryClient.java:959] - Single vip registry refresh property : null
[wanxinp2p-gateway-server][${env:SERVER_PORT}] 2022-03-30 23:32:20,672 INFO [main][DiscoveryClient.java:960] - Force full registry fetch : false
[wanxinp2p-gateway-server][${env:SERVER_PORT}] 2022-03-30 23:32:20,673 INFO [main][DiscoveryClient.java:961] - Application is null : false
[wanxinp2p-gateway-server][${env:SERVER_PORT}] 2022-03-30 23:32:20,673 INFO [main][DiscoveryClient.java:962] - Registered Applications size is zero : true
[wanxinp2p-gateway-server][${env:SERVER_PORT}] 2022-03-30 23:32:20,673 INFO [main][DiscoveryClient.java:964] - Application version is -1: true
[wanxinp2p-gateway-server][${env:SERVER_PORT}] 2022-03-30 23:32:20,673 INFO [main][DiscoveryClient.java:1047] - Getting all instance registry info from the eureka server
[wanxinp2p-gateway-server][${env:SERVER_PORT}] 2022-03-30 23:32:20,836 INFO [main][DiscoveryClient.java:1056] - The response status is 200
[wanxinp2p-gateway-server][${env:SERVER_PORT}] 2022-03-30 23:32:20,839 INFO [main][DiscoveryClient.java:1270] - Starting heartbeat executor: renew interval is: 30
[wanxinp2p-gateway-server][${env:SERVER_PORT}] 2022-03-30 23:32:20,842 INFO [main][InstanceInfoReplicator.java:60] - InstanceInfoReplicator onDemand update allowed rate per min is 4
[wanxinp2p-gateway-server][${env:SERVER_PORT}] 2022-03-30 23:32:20,845 INFO [main][DiscoveryClient.java:449] - Discovery Client initialized at timestamp 1648654340844 with initial instances count: 4
[wanxinp2p-gateway-server][${env:SERVER_PORT}] 2022-03-30 23:32:20,847 INFO [main][EurekaServiceRegistry.java:42] - Registering application GATEWAY-SERVER with eureka with status UP
[wanxinp2p-gateway-server][${env:SERVER_PORT}] 2022-03-30 23:32:20,847 INFO [main][DiscoveryClient.java:1305] - Saw local status change event StatusChangeEvent [timestamp=1648654340847, current=UP, previous=STARTING]
[wanxinp2p-gateway-server][${env:SERVER_PORT}] 2022-03-30 23:32:20,850 INFO [DiscoveryClient-InstanceInfoReplicator-0][DiscoveryClient.java:826] - DiscoveryClient_GATEWAY-SERVER/gateway-server:172.35.0.88:53010: registering service...
[wanxinp2p-gateway-server][${env:SERVER_PORT}] 2022-03-30 23:32:20,865 INFO [main][DirectJDKLog.java:173] - Starting ProtocolHandler ["http-nio-53010"]
[wanxinp2p-gateway-server][${env:SERVER_PORT}] 2022-03-30 23:32:20,894 INFO [DiscoveryClient-InstanceInfoReplicator-0][DiscoveryClient.java:835] - DiscoveryClient_GATEWAY-SERVER/gateway-server:172.35.0.88:53010 - registration status: 204
[wanxinp2p-gateway-server][${env:SERVER_PORT}] 2022-03-30 23:32:20,897 INFO [main][TomcatWebServer.java:204] - Tomcat started on port(s): 53010 (http) with context path ''
[wanxinp2p-gateway-server][${env:SERVER_PORT}] 2022-03-30 23:32:20,898 INFO [main][EurekaAutoServiceRegistration.java:141] - Updating port to 53010
[wanxinp2p-gateway-server][${env:SERVER_PORT}] 2022-03-30 23:32:20,900 INFO [main][StartupInfoLogger.java:59] - Started GatewayServerApplication in 22.22 seconds (JVM running for 24.8)
[wanxinp2p-gateway-server][${env:SERVER_PORT}] 2022-03-30 23:32:21,754 INFO [RMI TCP Connection(18)-172.35.0.88][DirectJDKLog.java:173] - Initializing Spring DispatcherServlet 'dispatcherServlet'
[wanxinp2p-gateway-server][${env:SERVER_PORT}] 2022-03-30 23:32:21,754 INFO [RMI TCP Connection(18)-172.35.0.88][FrameworkServlet.java:524] - Initializing Servlet 'dispatcherServlet'
[wanxinp2p-gateway-server][${env:SERVER_PORT}] 2022-03-30 23:32:21,766 INFO [RMI TCP Connection(18)-172.35.0.88][FrameworkServlet.java:546] - Completed initialization in 12 ms
[wanxinp2p-gateway-server][${env:SERVER_PORT}] 2022-03-30 23:32:21,893 INFO [RMI TCP Connection(19)-172.35.0.88][EpollProvider.java:68] - Starting without optional epoll library
[wanxinp2p-gateway-server][${env:SERVER_PORT}] 2022-03-30 23:32:21,896 INFO [RMI TCP Connection(19)-172.35.0.88][KqueueProvider.java:70] - Starting without optional kqueue library
[wanxinp2p-gateway-server][${env:SERVER_PORT}] 2022-03-30 23:33:35,453 INFO [Thread-43][EurekaServiceRegistry.java:65] - Unregistering application GATEWAY-SERVER with eureka with status DOWN
[wanxinp2p-gateway-server][${env:SERVER_PORT}] 2022-03-30 23:33:35,453 WARN [Thread-43][DiscoveryClient.java:1303] - Saw local status change event StatusChangeEvent [timestamp=1648654415453, current=DOWN, previous=UP]
[wanxinp2p-gateway-server][${env:SERVER_PORT}] 2022-03-30 23:33:35,454 INFO [DiscoveryClient-InstanceInfoReplicator-0][DiscoveryClient.java:826] - DiscoveryClient_GATEWAY-SERVER/gateway-server:172.35.0.88:53010: registering service...
[wanxinp2p-gateway-server][${env:SERVER_PORT}] 2022-03-30 23:33:35,456 INFO [Thread-43][ZuulFilterInitializer.java:77] - Stopping filter initializer
[wanxinp2p-gateway-server][${env:SERVER_PORT}] 2022-03-30 23:33:35,461 INFO [Thread-43][ExecutorConfigurationSupport.java:208] - Shutting down ExecutorService 'applicationTaskExecutor'
[wanxinp2p-gateway-server][${env:SERVER_PORT}] 2022-03-30 23:33:36,612 INFO [Thread-43][DiscoveryClient.java:888] - Shutting down DiscoveryClient ...
[wanxinp2p-gateway-server][${env:SERVER_PORT}] 2022-03-30 23:33:39,613 INFO [Thread-43][DiscoveryClient.java:922] - Unregistering ...
[wanxinp2p-gateway-server][${env:SERVER_PORT}] 2022-03-30 23:33:39,620 INFO [Thread-43][DiscoveryClient.java:924] - DiscoveryClient_GATEWAY-SERVER/gateway-server:172.35.0.88:53010 - deregister  status: 404
[wanxinp2p-gateway-server][${env:SERVER_PORT}] 2022-03-30 23:33:39,633 INFO [Thread-43][DiscoveryClient.java:911] - Completed shut down of DiscoveryClient
[wanxinp2p-gateway-server][${env:SERVER_PORT}] 2022-03-30 23:33:50,375 INFO [main][DefaultApplicationProvider.java:85] - App ID is set to gateway-server by app.id property from System Property
[wanxinp2p-gateway-server][${env:SERVER_PORT}] 2022-03-30 23:33:50,380 INFO [main][DefaultServerProvider.java:108] - Environment is set to [dev] by JVM system property 'env'.
[wanxinp2p-gateway-server][${env:SERVER_PORT}] 2022-03-30 23:33:50,418 WARN [main][DefaultMetaServerProvider.java:39] - Could not find meta server address, because it is not available in neither (1) JVM system property 'apollo.meta', (2) OS env variable 'APOLLO_META' (3) property 'apollo.meta' from server.properties nor (4) property 'apollo.meta' from app.properties
[wanxinp2p-gateway-server][${env:SERVER_PORT}] 2022-03-30 23:33:50,423 INFO [main][MetaDomainConsts.java:93] - Located meta server address http://localhost:8080 for env DEV from com.ctrip.framework.apollo.core.internals.LegacyMetaServerProvider
[wanxinp2p-gateway-server][${env:SERVER_PORT}] 2022-03-30 23:34:00,271 INFO [main][SpringApplication.java:675] - No active profile set, falling back to default profiles: default
[wanxinp2p-gateway-server][${env:SERVER_PORT}] 2022-03-30 23:34:01,087 INFO [main][RepositoryConfigurationDelegate.java:244] - Multiple Spring Data modules found, entering strict repository configuration mode!
[wanxinp2p-gateway-server][${env:SERVER_PORT}] 2022-03-30 23:34:01,091 INFO [main][RepositoryConfigurationDelegate.java:126] - Bootstrapping Spring Data repositories in DEFAULT mode.
[wanxinp2p-gateway-server][${env:SERVER_PORT}] 2022-03-30 23:34:01,232 INFO [main][RepositoryConfigurationDelegate.java:182] - Finished Spring Data repository scanning in 18ms. Found 0 repository interfaces.
[wanxinp2p-gateway-server][${env:SERVER_PORT}] 2022-03-30 23:34:01,332 WARN [main][EndpointId.java:135] - Endpoint ID 'service-registry' contains invalid characters, please migrate to a valid format.
[wanxinp2p-gateway-server][${env:SERVER_PORT}] 2022-03-30 23:34:01,344 WARN [main][EndpointId.java:135] - Endpoint ID 'hystrix.stream' contains invalid characters, please migrate to a valid format.
[wanxinp2p-gateway-server][${env:SERVER_PORT}] 2022-03-30 23:34:01,449 INFO [main][ConfigurationClassPostProcessor.java:380] - Cannot enhance @Configuration bean definition 'com.ctrip.framework.apollo.spring.boot.ApolloAutoConfiguration' since its singleton instance has been created too early. The typical cause is a non-static @Bean method with a BeanDefinitionRegistryPostProcessor return type: Consider declaring such methods as 'static'.
[wanxinp2p-gateway-server][${env:SERVER_PORT}] 2022-03-30 23:34:01,587 INFO [main][GenericScope.java:294] - BeanFactory id=4609e0e5-f83e-3baf-8a1b-5bde812d113a
[wanxinp2p-gateway-server][${env:SERVER_PORT}] 2022-03-30 23:34:01,609 WARN [main][PropertySourcesDeducer.java:75] - Multiple PropertySourcesPlaceholderConfigurer beans registered [propertySourcesPlaceholderConfigurer, org.springframework.context.support.PropertySourcesPlaceholderConfigurer], falling back to Environment
[wanxinp2p-gateway-server][${env:SERVER_PORT}] 2022-03-30 23:34:01,821 INFO [main][PostProcessorRegistrationDelegate.java:330] - Bean 'org.springframework.cloud.autoconfigure.ConfigurationPropertiesRebinderAutoConfiguration' of type [org.springframework.cloud.autoconfigure.ConfigurationPropertiesRebinderAutoConfiguration$$EnhancerBySpringCGLIB$$ad9226c2] is not eligible for getting processed by all BeanPostProcessors (for example: not eligible for auto-proxying)
[wanxinp2p-gateway-server][${env:SERVER_PORT}] 2022-03-30 23:34:02,151 INFO [main][TomcatWebServer.java:90] - Tomcat initialized with port(s): 53010 (http)
[wanxinp2p-gateway-server][${env:SERVER_PORT}] 2022-03-30 23:34:02,168 INFO [main][DirectJDKLog.java:173] - Initializing ProtocolHandler ["http-nio-53010"]
[wanxinp2p-gateway-server][${env:SERVER_PORT}] 2022-03-30 23:34:02,176 INFO [main][DirectJDKLog.java:173] - Starting service [Tomcat]
[wanxinp2p-gateway-server][${env:SERVER_PORT}] 2022-03-30 23:34:02,177 INFO [main][DirectJDKLog.java:173] - Starting Servlet engine: [Apache Tomcat/9.0.16]
[wanxinp2p-gateway-server][${env:SERVER_PORT}] 2022-03-30 23:34:02,185 INFO [main][DirectJDKLog.java:173] - The APR based Apache Tomcat Native library which allows optimal performance in production environments was not found on the java.library.path: [E:\BREW\IT\JDK\bin;C:\Windows\Sun\Java\bin;C:\Windows\system32;C:\Windows;C:\Windows\system32;C:\Windows;C:\Windows\System32\Wbem;C:\Windows\System32\WindowsPowerShell\v1.0\;C:\Windows\System32\OpenSSH\;E:\BREW\IT\TortoiseGit\bin;E:\BREW\IT\TortoiseSVN\bin;E:\BREW\IT\JDK\bin;E:\BREW\IT\MAVEN\apache-maven-3.8.4\bin;E:\BREW\IT\Git\Git\cmd;E:\BREW\IT\MYSQL80\mysql-8.0.28-winx64\bin;C:\Users\Administrator\AppData\Local\Microsoft\WindowsApps;;E:\BREW\IT\IDEA\IntelliJ IDEA 2021.3.2\bin;;.]
[wanxinp2p-gateway-server][${env:SERVER_PORT}] 2022-03-30 23:34:02,396 INFO [main][DirectJDKLog.java:173] - Initializing Spring embedded WebApplicationContext
[wanxinp2p-gateway-server][${env:SERVER_PORT}] 2022-03-30 23:34:02,397 INFO [main][ServletWebServerApplicationContext.java:296] - Root WebApplicationContext: initialization completed in 2112 ms
[wanxinp2p-gateway-server][${env:SERVER_PORT}] 2022-03-30 23:34:02,510 WARN [main][URLConfigurationSource.java:121] - No URLs will be polled as dynamic configuration sources.
[wanxinp2p-gateway-server][${env:SERVER_PORT}] 2022-03-30 23:34:02,510 INFO [main][URLConfigurationSource.java:122] - To enable URLs as dynamic configuration sources, define System property archaius.configurationSource.additionalUrls or make config.properties available on classpath.
[wanxinp2p-gateway-server][${env:SERVER_PORT}] 2022-03-30 23:34:02,524 INFO [main][DynamicPropertyFactory.java:281] - DynamicPropertyFactory is initialized with configuration sources: com.netflix.config.ConcurrentCompositeConfiguration@73be4cdd
[wanxinp2p-gateway-server][${env:SERVER_PORT}] 2022-03-30 23:34:04,817 WARN [main][JwtAccessTokenConverter.java:302] - Unable to create an RSA verifier from verifierKey (ignoreable if using MAC)
[wanxinp2p-gateway-server][${env:SERVER_PORT}] 2022-03-30 23:34:04,921 WARN [main][URLConfigurationSource.java:121] - No URLs will be polled as dynamic configuration sources.
[wanxinp2p-gateway-server][${env:SERVER_PORT}] 2022-03-30 23:34:04,921 INFO [main][URLConfigurationSource.java:122] - To enable URLs as dynamic configuration sources, define System property archaius.configurationSource.additionalUrls or make config.properties available on classpath.
[wanxinp2p-gateway-server][${env:SERVER_PORT}] 2022-03-30 23:34:05,119 INFO [main][ExecutorConfigurationSupport.java:171] - Initializing ExecutorService 'applicationTaskExecutor'
[wanxinp2p-gateway-server][${env:SERVER_PORT}] 2022-03-30 23:34:05,491 INFO [main][UserDetailsServiceAutoConfiguration.java:86] - 

Using generated security password: c5b3ff62-cc94-41c2-89cf-679ba49e11b3

[wanxinp2p-gateway-server][${env:SERVER_PORT}] 2022-03-30 23:34:05,616 INFO [main][DefaultSecurityFilterChain.java:43] - Creating filter chain: any request, [org.springframework.security.web.context.request.async.WebAsyncManagerIntegrationFilter@35451ba6, org.springframework.security.web.context.SecurityContextPersistenceFilter@7e84a52b, org.springframework.security.web.header.HeaderWriterFilter@453439e, org.springframework.security.web.authentication.logout.LogoutFilter@1ac68548, org.springframework.security.oauth2.provider.authentication.OAuth2AuthenticationProcessingFilter@57806346, org.springframework.security.web.savedrequest.RequestCacheAwareFilter@5693d1d2, org.springframework.security.web.servletapi.SecurityContextHolderAwareRequestFilter@7267006e, org.springframework.security.web.authentication.AnonymousAuthenticationFilter@21d48c40, org.springframework.security.web.session.SessionManagementFilter@411ae0d7, org.springframework.security.web.access.ExceptionTranslationFilter@72c5064f, org.springframework.security.web.access.intercept.FilterSecurityInterceptor@5216532a]
[wanxinp2p-gateway-server][${env:SERVER_PORT}] 2022-03-30 23:34:05,764 INFO [main][EndpointLinksResolver.java:59] - Exposing 2 endpoint(s) beneath base path '/actuator'
[wanxinp2p-gateway-server][${env:SERVER_PORT}] 2022-03-30 23:34:06,628 INFO [main][ZuulFilterInitializer.java:65] - Starting filter initializer
[wanxinp2p-gateway-server][${env:SERVER_PORT}] 2022-03-30 23:34:06,726 INFO [main][InstanceInfoFactory.java:71] - Setting initial instance status as: STARTING
[wanxinp2p-gateway-server][${env:SERVER_PORT}] 2022-03-30 23:34:06,765 INFO [main][DiscoveryClient.java:349] - Initializing Eureka in region us-east-1
[wanxinp2p-gateway-server][${env:SERVER_PORT}] 2022-03-30 23:34:06,829 INFO [main][DiscoveryJerseyProvider.java:70] - Using JSON encoding codec LegacyJacksonJson
[wanxinp2p-gateway-server][${env:SERVER_PORT}] 2022-03-30 23:34:06,830 INFO [main][DiscoveryJerseyProvider.java:71] - Using JSON decoding codec LegacyJacksonJson
[wanxinp2p-gateway-server][${env:SERVER_PORT}] 2022-03-30 23:34:06,949 INFO [main][DiscoveryJerseyProvider.java:80] - Using XML encoding codec XStreamXml
[wanxinp2p-gateway-server][${env:SERVER_PORT}] 2022-03-30 23:34:06,949 INFO [main][DiscoveryJerseyProvider.java:81] - Using XML decoding codec XStreamXml
[wanxinp2p-gateway-server][${env:SERVER_PORT}] 2022-03-30 23:34:07,215 INFO [main][ConfigClusterResolver.java:43] - Resolving eureka endpoints via configuration
[wanxinp2p-gateway-server][${env:SERVER_PORT}] 2022-03-30 23:34:07,645 INFO [main][DiscoveryClient.java:958] - Disable delta property : false
[wanxinp2p-gateway-server][${env:SERVER_PORT}] 2022-03-30 23:34:07,645 INFO [main][DiscoveryClient.java:959] - Single vip registry refresh property : null
[wanxinp2p-gateway-server][${env:SERVER_PORT}] 2022-03-30 23:34:07,646 INFO [main][DiscoveryClient.java:960] - Force full registry fetch : false
[wanxinp2p-gateway-server][${env:SERVER_PORT}] 2022-03-30 23:34:07,646 INFO [main][DiscoveryClient.java:961] - Application is null : false
[wanxinp2p-gateway-server][${env:SERVER_PORT}] 2022-03-30 23:34:07,646 INFO [main][DiscoveryClient.java:962] - Registered Applications size is zero : true
[wanxinp2p-gateway-server][${env:SERVER_PORT}] 2022-03-30 23:34:07,646 INFO [main][DiscoveryClient.java:964] - Application version is -1: true
[wanxinp2p-gateway-server][${env:SERVER_PORT}] 2022-03-30 23:34:07,646 INFO [main][DiscoveryClient.java:1047] - Getting all instance registry info from the eureka server
[wanxinp2p-gateway-server][${env:SERVER_PORT}] 2022-03-30 23:34:07,816 INFO [main][DiscoveryClient.java:1056] - The response status is 200
[wanxinp2p-gateway-server][${env:SERVER_PORT}] 2022-03-30 23:34:07,819 INFO [main][DiscoveryClient.java:1270] - Starting heartbeat executor: renew interval is: 30
[wanxinp2p-gateway-server][${env:SERVER_PORT}] 2022-03-30 23:34:07,823 INFO [main][InstanceInfoReplicator.java:60] - InstanceInfoReplicator onDemand update allowed rate per min is 4
[wanxinp2p-gateway-server][${env:SERVER_PORT}] 2022-03-30 23:34:07,826 INFO [main][DiscoveryClient.java:449] - Discovery Client initialized at timestamp 1648654447825 with initial instances count: 4
[wanxinp2p-gateway-server][${env:SERVER_PORT}] 2022-03-30 23:34:07,828 INFO [main][EurekaServiceRegistry.java:42] - Registering application GATEWAY-SERVER with eureka with status UP
[wanxinp2p-gateway-server][${env:SERVER_PORT}] 2022-03-30 23:34:07,828 INFO [main][DiscoveryClient.java:1305] - Saw local status change event StatusChangeEvent [timestamp=1648654447828, current=UP, previous=STARTING]
[wanxinp2p-gateway-server][${env:SERVER_PORT}] 2022-03-30 23:34:07,831 INFO [DiscoveryClient-InstanceInfoReplicator-0][DiscoveryClient.java:826] - DiscoveryClient_GATEWAY-SERVER/gateway-server:172.35.0.88:53010: registering service...
[wanxinp2p-gateway-server][${env:SERVER_PORT}] 2022-03-30 23:34:07,845 INFO [main][DirectJDKLog.java:173] - Starting ProtocolHandler ["http-nio-53010"]
[wanxinp2p-gateway-server][${env:SERVER_PORT}] 2022-03-30 23:34:07,875 INFO [main][TomcatWebServer.java:204] - Tomcat started on port(s): 53010 (http) with context path ''
[wanxinp2p-gateway-server][${env:SERVER_PORT}] 2022-03-30 23:34:07,876 INFO [main][EurekaAutoServiceRegistration.java:141] - Updating port to 53010
[wanxinp2p-gateway-server][${env:SERVER_PORT}] 2022-03-30 23:34:07,878 INFO [main][StartupInfoLogger.java:59] - Started GatewayServerApplication in 20.035 seconds (JVM running for 22.448)
[wanxinp2p-gateway-server][${env:SERVER_PORT}] 2022-03-30 23:34:07,882 INFO [DiscoveryClient-InstanceInfoReplicator-0][DiscoveryClient.java:835] - DiscoveryClient_GATEWAY-SERVER/gateway-server:172.35.0.88:53010 - registration status: 204
[wanxinp2p-gateway-server][${env:SERVER_PORT}] 2022-03-30 23:34:08,426 INFO [RMI TCP Connection(6)-172.35.0.88][DirectJDKLog.java:173] - Initializing Spring DispatcherServlet 'dispatcherServlet'
[wanxinp2p-gateway-server][${env:SERVER_PORT}] 2022-03-30 23:34:08,427 INFO [RMI TCP Connection(6)-172.35.0.88][FrameworkServlet.java:524] - Initializing Servlet 'dispatcherServlet'
[wanxinp2p-gateway-server][${env:SERVER_PORT}] 2022-03-30 23:34:08,439 INFO [RMI TCP Connection(6)-172.35.0.88][FrameworkServlet.java:546] - Completed initialization in 12 ms
[wanxinp2p-gateway-server][${env:SERVER_PORT}] 2022-03-30 23:34:08,618 INFO [RMI TCP Connection(5)-172.35.0.88][EpollProvider.java:68] - Starting without optional epoll library
[wanxinp2p-gateway-server][${env:SERVER_PORT}] 2022-03-30 23:34:08,624 INFO [RMI TCP Connection(5)-172.35.0.88][KqueueProvider.java:70] - Starting without optional kqueue library
[wanxinp2p-gateway-server][${env:SERVER_PORT}] 2022-03-30 23:34:18,535 INFO [http-nio-53010-exec-1][ChainedDynamicProperty.java:115] - Flipping property: consumer-service.ribbon.ActiveConnectionsLimit to use NEXT property: niws.loadbalancer.availabilityFilteringRule.activeConnectionsLimit = 2147483647
[wanxinp2p-gateway-server][${env:SERVER_PORT}] 2022-03-30 23:34:18,553 INFO [http-nio-53010-exec-1][ShutdownEnabledTimer.java:58] - Shutdown hook installed for: NFLoadBalancer-PingTimer-consumer-service
[wanxinp2p-gateway-server][${env:SERVER_PORT}] 2022-03-30 23:34:18,554 INFO [http-nio-53010-exec-1][BaseLoadBalancer.java:197] - Client: consumer-service instantiated a LoadBalancer: DynamicServerListLoadBalancer:{NFLoadBalancer:name=consumer-service,current list of Servers=[],Load balancer stats=Zone stats: {},Server stats: []}ServerList:null
[wanxinp2p-gateway-server][${env:SERVER_PORT}] 2022-03-30 23:34:18,558 INFO [http-nio-53010-exec-1][DynamicServerListLoadBalancer.java:222] - Using serverListUpdater PollingServerListUpdater
[wanxinp2p-gateway-server][${env:SERVER_PORT}] 2022-03-30 23:34:18,575 INFO [http-nio-53010-exec-1][ChainedDynamicProperty.java:115] - Flipping property: consumer-service.ribbon.ActiveConnectionsLimit to use NEXT property: niws.loadbalancer.availabilityFilteringRule.activeConnectionsLimit = 2147483647
[wanxinp2p-gateway-server][${env:SERVER_PORT}] 2022-03-30 23:34:18,576 INFO [http-nio-53010-exec-1][DynamicServerListLoadBalancer.java:150] - DynamicServerListLoadBalancer for client consumer-service initialized: DynamicServerListLoadBalancer:{NFLoadBalancer:name=consumer-service,current list of Servers=[172.35.0.88:53050],Load balancer stats=Zone stats: {defaultzone=[Zone:defaultzone;	Instance count:1;	Active connections count: 0;	Circuit breaker tripped count: 0;	Active connections per server: 0.0;]
},Server stats: [[Server:172.35.0.88:53050;	Zone:defaultZone;	Total Requests:0;	Successive connection failure:0;	Total blackout seconds:0;	Last connection made:Thu Jan 01 08:00:00 CST 1970;	First connection made: Thu Jan 01 08:00:00 CST 1970;	Active Connections:0;	total failure count in last (1000) msecs:0;	average resp time:0.0;	90 percentile resp time:0.0;	95 percentile resp time:0.0;	min resp time:0.0;	max resp time:0.0;	stddev resp time:0.0]
]}ServerList:org.springframework.cloud.netflix.ribbon.eureka.DomainExtractingServerList@2fe1e4fc
[wanxinp2p-gateway-server][${env:SERVER_PORT}] 2022-03-30 23:34:19,562 INFO [PollingServerListUpdater-0][ChainedDynamicProperty.java:115] - Flipping property: consumer-service.ribbon.ActiveConnectionsLimit to use NEXT property: niws.loadbalancer.availabilityFilteringRule.activeConnectionsLimit = 2147483647
[wanxinp2p-gateway-server][${env:SERVER_PORT}] 2022-03-30 23:39:07,657 INFO [AsyncResolver-bootstrap-executor-0][ConfigClusterResolver.java:43] - Resolving eureka endpoints via configuration
[wanxinp2p-gateway-server][${env:SERVER_PORT}] 2022-03-30 23:44:07,671 INFO [AsyncResolver-bootstrap-executor-0][ConfigClusterResolver.java:43] - Resolving eureka endpoints via configuration
[wanxinp2p-gateway-server][${env:SERVER_PORT}] 2022-03-30 23:49:07,678 INFO [AsyncResolver-bootstrap-executor-0][ConfigClusterResolver.java:43] - Resolving eureka endpoints via configuration
[wanxinp2p-gateway-server][${env:SERVER_PORT}] 2022-03-30 23:54:07,682 INFO [AsyncResolver-bootstrap-executor-0][ConfigClusterResolver.java:43] - Resolving eureka endpoints via configuration
[wanxinp2p-gateway-server][${env:SERVER_PORT}] 2022-03-30 23:59:07,684 INFO [AsyncResolver-bootstrap-executor-0][ConfigClusterResolver.java:43] - Resolving eureka endpoints via configuration
